Log file open, 11/20/20 12:37:06
LogInit: Display: Running engine for game: TP1_Unreal
LogPlatformFile: Not using cached read wrapper
LogTaskGraph: Started task graph with 5 named threads and 35 total threads with 3 sets of task threads.
LogStats: Stats thread started at 0.175415
LogD3D11RHI: Loaded GFSDK_Aftermath_Lib.x64.dll
LogICUInternationalization: ICU TimeZone Detection - Raw Offset: +1:00, Platform Override: ''
LogPluginManager: Mounting plugin Paper2D
LogPluginManager: Mounting plugin AISupport
LogPluginManager: Mounting plugin LightPropagationVolume
LogPluginManager: Mounting plugin CameraShakePreviewer
LogPluginManager: Mounting plugin ActorLayerUtilities
LogPluginManager: Mounting plugin AnimationSharing
LogPluginManager: Mounting plugin CLionSourceCodeAccess
LogPluginManager: Mounting plugin CodeLiteSourceCodeAccess
LogPluginManager: Mounting plugin GitSourceControl
LogPluginManager: Mounting plugin KDevelopSourceCodeAccess
LogPluginManager: Mounting plugin NullSourceCodeAccess
LogPluginManager: Mounting plugin PerforceSourceControl
LogPluginManager: Mounting plugin PlasticSourceControl
LogPluginManager: Mounting plugin RiderSourceCodeAccess
LogPluginManager: Mounting plugin SubversionSourceControl
LogPluginManager: Mounting plugin UObjectPlugin
LogPluginManager: Mounting plugin VisualStudioCodeSourceCodeAccess
LogPluginManager: Mounting plugin VisualStudioSourceCodeAccess
LogPluginManager: Mounting plugin XCodeSourceCodeAccess
LogPluginManager: Mounting plugin AssetManagerEditor
LogPluginManager: Mounting plugin CryptoKeys
LogPluginManager: Mounting plugin CurveEditorTools
LogPluginManager: Mounting plugin DataValidation
LogPluginManager: Mounting plugin EditorScriptingUtilities
LogPluginManager: Mounting plugin FacialAnimation
LogPluginManager: Mounting plugin GameplayTagsEditor
LogPluginManager: Mounting plugin GeometryMode
LogPluginManager: Mounting plugin MacGraphicsSwitching
LogPluginManager: Mounting plugin MaterialAnalyzer
LogPluginManager: Mounting plugin MobileLauncherProfileWizard
LogPluginManager: Mounting plugin PluginBrowser
LogPluginManager: Mounting plugin SpeedTreeImporter
LogPluginManager: Mounting plugin DatasmithContent
LogPluginManager: Mounting plugin VariantManagerContent
LogPluginManager: Mounting plugin AlembicImporter
LogPluginManager: Mounting plugin AutomationUtils
LogPluginManager: Mounting plugin BackChannel
LogPluginManager: Mounting plugin ChaosCloth
LogPluginManager: Mounting plugin ChaosClothEditor
LogPluginManager: Mounting plugin ChaosEditor
LogPluginManager: Mounting plugin ChaosNiagara
LogPluginManager: Mounting plugin ChaosSolverPlugin
LogPluginManager: Mounting plugin CharacterAI
LogPluginManager: Mounting plugin GeometryCache
LogPluginManager: Mounting plugin GeometryCollectionPlugin
LogPluginManager: Mounting plugin GeometryProcessing
LogPluginManager: Mounting plugin PlanarCut
LogPluginManager: Mounting plugin PlatformCrypto
LogPluginManager: Mounting plugin ProxyLODPlugin
LogPluginManager: Mounting plugin SkeletalReduction
LogPluginManager: Mounting plugin Niagara
LogPluginManager: Mounting plugin MagicLeap
LogPluginManager: Mounting plugin MagicLeapLightEstimation
LogPluginManager: Mounting plugin MagicLeapMedia
LogPluginManager: Mounting plugin MagicLeapPassableWorld
LogPluginManager: Mounting plugin MLSDK
LogPluginManager: Mounting plugin AndroidMedia
LogPluginManager: Mounting plugin AvfMedia
LogPluginManager: Mounting plugin ImgMedia
LogPluginManager: Mounting plugin MediaCompositing
LogPluginManager: Mounting plugin MediaPlayerEditor
LogPluginManager: Mounting plugin WebMMedia
LogPluginManager: Mounting plugin WmfMedia
LogPluginManager: Mounting plugin MeshPainting
LogPluginManager: Mounting plugin TcpMessaging
LogPluginManager: Mounting plugin UdpMessaging
LogPluginManager: Mounting plugin ActorSequence
LogPluginManager: Mounting plugin LevelSequenceEditor
LogPluginManager: Mounting plugin MatineeToLevelSequence
LogPluginManager: Mounting plugin MovieRenderPipeline
LogPluginManager: Mounting plugin TemplateSequence
LogPluginManager: Mounting plugin NetcodeUnitTest
LogPluginManager: Mounting plugin NUTUnrealEngine4
LogPluginManager: Mounting plugin OnlineSubsystemGooglePlay
LogPluginManager: Mounting plugin OnlineSubsystemIOS
LogPluginManager: Mounting plugin OnlineSubsystem
LogPluginManager: Mounting plugin OnlineSubsystemNull
LogPluginManager: Mounting plugin OnlineSubsystemUtils
LogPluginManager: Mounting plugin LauncherChunkInstaller
LogPluginManager: Mounting plugin AndroidDeviceProfileSelector
LogPluginManager: Mounting plugin AndroidMoviePlayer
LogPluginManager: Mounting plugin AndroidPermission
LogPluginManager: Mounting plugin AppleImageUtils
LogPluginManager: Mounting plugin AppleMoviePlayer
LogPluginManager: Mounting plugin ArchVisCharacter
LogPluginManager: Mounting plugin AssetTags
LogPluginManager: Mounting plugin AudioCapture
LogPluginManager: Mounting plugin CableComponent
LogPluginManager: Mounting plugin CustomMeshComponent
LogPluginManager: Mounting plugin EditableMesh
LogPluginManager: Mounting plugin ExampleDeviceProfileSelector
LogPluginManager: Mounting plugin GoogleCloudMessaging
LogPluginManager: Mounting plugin GooglePAD
LogPluginManager: Mounting plugin IOSDeviceProfileSelector
LogPluginManager: Mounting plugin LinuxDeviceProfileSelector
LogPluginManager: Mounting plugin LocationServicesBPLibrary
LogPluginManager: Mounting plugin MobilePatchingUtils
LogPluginManager: Mounting plugin OculusVR
LogPluginManager: Mounting plugin PhysXVehicles
LogPluginManager: Mounting plugin PostSplashScreen
LogPluginManager: Mounting plugin ProceduralMeshComponent
LogPluginManager: Mounting plugin RuntimePhysXCooking
LogPluginManager: Mounting plugin SignificanceManager
LogPluginManager: Mounting plugin SoundFields
LogPluginManager: Mounting plugin SteamVR
LogPluginManager: Mounting plugin Synthesis
LogPluginManager: Mounting plugin WebMMoviePlayer
LogPluginManager: Mounting plugin WindowsMoviePlayer
LogPluginManager: Mounting plugin ScreenshotTools
LogInit: Using libcurl 7.55.1-DEV
LogInit:  - built for x86_64-pc-win32
LogInit:  - supports SSL with OpenSSL/1.1.1
LogInit:  - supports HTTP deflate (compression) using libz 1.2.8
LogInit:  - other features:
LogInit:      CURL_VERSION_SSL
LogInit:      CURL_VERSION_LIBZ
LogInit:      CURL_VERSION_IPV6
LogInit:      CURL_VERSION_ASYNCHDNS
LogInit:      CURL_VERSION_LARGEFILE
LogInit:      CURL_VERSION_IDN
LogInit:  CurlRequestOptions (configurable via config and command line):
LogInit:  - bVerifyPeer = true  - Libcurl will verify peer certificate
LogInit:  - bUseHttpProxy = false  - Libcurl will NOT use HTTP proxy
LogInit:  - bDontReuseConnections = false  - Libcurl will reuse connections
LogInit:  - MaxHostConnections = 16  - Libcurl will limit the number of connections to a host
LogInit:  - LocalHostAddr = Default
LogInit:  - BufferSize = 65536
LogOnline: OSS: Creating online subsystem instance for: NULL
LogInit: WinSock: version 1.1 (2.2), MaxSocks=32767, MaxUdp=65467
LogOnline: OSS: TryLoadSubsystemAndSetDefault: Loaded subsystem for module [NULL]
LogInit: Build: ++UE4+Release-4.25-CL-14469661
LogInit: Engine Version: 4.25.4-14469661+++UE4+Release-4.25
LogInit: Compatible Engine Version: 4.25.0-13144385+++UE4+Release-4.25
LogInit: Net CL: 13144385
LogInit: OS: Windows 10 (Release 1909) (), CPU: Intel(R) Core(TM) i7-10750H CPU @ 2.60GHz, GPU: Intel(R) UHD Graphics
LogInit: Compiled (64-bit): Oct 11 2020 08:10:49
LogInit: Compiled with Visual C++: 19.24.28315.00
LogInit: Build Configuration: Development
LogInit: Branch Name: ++UE4+Release-4.25
LogInit: Command Line: 
LogInit: Base Directory: C:/Program Files/Epic Games/UE_4.25/Engine/Binaries/Win64/
LogInit: Allocator: TBB
LogInit: Installed Engine Build: 1
LogDevObjectVersion: Number of dev versions registered: 26
LogDevObjectVersion:   Dev-Blueprints (B0D832E4-1F89-4F0D-ACCF-7EB736FD4AA2): 10
LogDevObjectVersion:   Dev-Build (E1C64328-A22C-4D53-A36C-8E866417BD8C): 0
LogDevObjectVersion:   Dev-Core (375EC13C-06E4-48FB-B500-84F0262A717E): 4
LogDevObjectVersion:   Dev-Editor (E4B068ED-F494-42E9-A231-DA0B2E46BB41): 38
LogDevObjectVersion:   Dev-Framework (CFFC743F-43B0-4480-9391-14DF171D2073): 37
LogDevObjectVersion:   Dev-Mobile (B02B49B5-BB20-44E9-A304-32B752E40360): 2
LogDevObjectVersion:   Dev-Networking (A4E4105C-59A1-49B5-A7C5-40C4547EDFEE): 0
LogDevObjectVersion:   Dev-Online (39C831C9-5AE6-47DC-9A44-9C173E1C8E7C): 0
LogDevObjectVersion:   Dev-Physics (78F01B33-EBEA-4F98-B9B4-84EACCB95AA2): 4
LogDevObjectVersion:   Dev-Platform (6631380F-2D4D-43E0-8009-CF276956A95A): 0
LogDevObjectVersion:   Dev-Rendering (12F88B9F-8875-4AFC-A67C-D90C383ABD29): 43
LogDevObjectVersion:   Dev-Sequencer (7B5AE74C-D270-4C10-A958-57980B212A5A): 12
LogDevObjectVersion:   Dev-VR (D7296918-1DD6-4BDD-9DE2-64A83CC13884): 3
LogDevObjectVersion:   Dev-LoadTimes (C2A15278-BFE7-4AFE-6C17-90FF531DF755): 1
LogDevObjectVersion:   Private-Geometry (6EACA3D4-40EC-4CC1-B786-8BED09428FC5): 3
LogDevObjectVersion:   Dev-AnimPhys (29E575DD-E0A3-4627-9D10-D276232CDCEA): 17
LogDevObjectVersion:   Dev-Anim (AF43A65D-7FD3-4947-9873-3E8ED9C1BB05): 7
LogDevObjectVersion:   Dev-ReflectionCapture (6B266CEC-1EC7-4B8F-A30B-E4D90942FC07): 1
LogDevObjectVersion:   Dev-Automation (0DF73D61-A23F-47EA-B727-89E90C41499A): 1
LogDevObjectVersion:   FortniteMain (601D1886-AC64-4F84-AA16-D3DE0DEAC7D6): 31
LogDevObjectVersion:   Dev-Enterprise (9DFFBCD6-494F-0158-E221-12823C92A888): 10
LogDevObjectVersion:   Dev-Niagara (F2AED0AC-9AFE-416F-8664-AA7FFA26D6FC): 1
LogDevObjectVersion:   Dev-Destruction (174F1F0B-B4C6-45A5-B13F-2EE8D0FB917D): 10
LogDevObjectVersion:   Dev-Physics-Ext (35F94A83-E258-406C-A318-09F59610247C): 37
LogDevObjectVersion:   Dev-PhysicsMaterial-Chaos (B68FC16E-8B1B-42E2-B453-215C058844FE): 1
LogDevObjectVersion:   Dev-CineCamera (B2E18506-4273-CFC2-A54E-F4BB758BBA07): 1
LogInit: Presizing for max 25165824 objects, including 0 objects not considered by GC, pre-allocating 0 bytes for permanent pool.
LogConfig: Applying CVar settings from Section [/Script/Engine.StreamingSettings] File [C:/Users/mxcol/Documents/Unreal Projects/CPP_TP1_UnrealEngine/TP1_Unreal/Saved/Config/Windows/Engine.ini]
LogConfig: Setting CVar [[s.MinBulkDataSizeForAsyncLoading:131072]]
LogConfig: Setting CVar [[s.AsyncLoadingThreadEnabled:0]]
LogConfig: Setting CVar [[s.EventDrivenLoaderEnabled:1]]
LogConfig: Setting CVar [[s.WarnIfTimeLimitExceeded:0]]
LogConfig: Setting CVar [[s.TimeLimitExceededMultiplier:1.5]]
LogConfig: Setting CVar [[s.TimeLimitExceededMinTime:0.005]]
LogConfig: Setting CVar [[s.UseBackgroundLevelStreaming:1]]
LogConfig: Setting CVar [[s.PriorityAsyncLoadingExtraTime:15.0]]
LogConfig: Setting CVar [[s.LevelStreamingActorsUpdateTimeLimit:5.0]]
LogConfig: Setting CVar [[s.PriorityLevelStreamingActorsUpdateExtraTime:5.0]]
LogConfig: Setting CVar [[s.LevelStreamingComponentsRegistrationGranularity:10]]
LogConfig: Setting CVar [[s.UnregisterComponentsTimeLimit:1.0]]
LogConfig: Setting CVar [[s.LevelStreamingComponentsUnregistrationGranularity:5]]
LogConfig: Setting CVar [[s.FlushStreamingOnExit:1]]
LogInit: Object subsystem initialized
LogConfig: Setting CVar [[con.DebugEarlyDefault:1]]
LogConfig: Setting CVar [[r.setres:1280x720]]
[2020.11.20-11.37.06:615][  0]LogConfig: Setting CVar [[r.VSync:0]]
[2020.11.20-11.37.06:615][  0]LogConfig: Setting CVar [[r.RHICmdBypass:0]]
[2020.11.20-11.37.06:615][  0]LogConfig: Applying CVar settings from Section [/Script/Engine.RendererSettings] File [C:/Users/mxcol/Documents/Unreal Projects/CPP_TP1_UnrealEngine/TP1_Unreal/Saved/Config/Windows/Engine.ini]
[2020.11.20-11.37.06:615][  0]LogConfig: Setting CVar [[r.GPUCrashDebugging:0]]
[2020.11.20-11.37.06:615][  0]LogConfig: Applying CVar settings from Section [/Script/Engine.RendererOverrideSettings] File [C:/Users/mxcol/Documents/Unreal Projects/CPP_TP1_UnrealEngine/TP1_Unreal/Saved/Config/Windows/Engine.ini]
[2020.11.20-11.37.06:615][  0]LogConfig: Applying CVar settings from Section [/Script/Engine.StreamingSettings] File [C:/Users/mxcol/Documents/Unreal Projects/CPP_TP1_UnrealEngine/TP1_Unreal/Saved/Config/Windows/Engine.ini]
[2020.11.20-11.37.06:615][  0]LogConfig: Setting CVar [[s.MinBulkDataSizeForAsyncLoading:131072]]
[2020.11.20-11.37.06:615][  0]LogConfig: Setting CVar [[s.AsyncLoadingThreadEnabled:0]]
[2020.11.20-11.37.06:615][  0]LogConfig: Setting CVar [[s.EventDrivenLoaderEnabled:1]]
[2020.11.20-11.37.06:615][  0]LogConfig: Setting CVar [[s.WarnIfTimeLimitExceeded:0]]
[2020.11.20-11.37.06:615][  0]LogConfig: Setting CVar [[s.TimeLimitExceededMultiplier:1.5]]
[2020.11.20-11.37.06:615][  0]LogConfig: Setting CVar [[s.TimeLimitExceededMinTime:0.005]]
[2020.11.20-11.37.06:615][  0]LogConfig: Setting CVar [[s.UseBackgroundLevelStreaming:1]]
[2020.11.20-11.37.06:615][  0]LogConfig: Setting CVar [[s.PriorityAsyncLoadingExtraTime:15.0]]
[2020.11.20-11.37.06:615][  0]LogConfig: Setting CVar [[s.LevelStreamingActorsUpdateTimeLimit:5.0]]
[2020.11.20-11.37.06:615][  0]LogConfig: Setting CVar [[s.PriorityLevelStreamingActorsUpdateExtraTime:5.0]]
[2020.11.20-11.37.06:615][  0]LogConfig: Setting CVar [[s.LevelStreamingComponentsRegistrationGranularity:10]]
[2020.11.20-11.37.06:615][  0]LogConfig: Setting CVar [[s.UnregisterComponentsTimeLimit:1.0]]
[2020.11.20-11.37.06:615][  0]LogConfig: Setting CVar [[s.LevelStreamingComponentsUnregistrationGranularity:5]]
[2020.11.20-11.37.06:615][  0]LogConfig: Setting CVar [[s.FlushStreamingOnExit:1]]
[2020.11.20-11.37.06:615][  0]LogConfig: Applying CVar settings from Section [/Script/Engine.GarbageCollectionSettings] File [C:/Users/mxcol/Documents/Unreal Projects/CPP_TP1_UnrealEngine/TP1_Unreal/Saved/Config/Windows/Engine.ini]
[2020.11.20-11.37.06:615][  0]LogConfig: Setting CVar [[gc.MaxObjectsNotConsideredByGC:1]]
[2020.11.20-11.37.06:615][  0]LogConfig: Setting CVar [[gc.SizeOfPermanentObjectPool:0]]
[2020.11.20-11.37.06:615][  0]LogConfig: Setting CVar [[gc.FlushStreamingOnGC:0]]
[2020.11.20-11.37.06:615][  0]LogConfig: Setting CVar [[gc.NumRetriesBeforeForcingGC:10]]
[2020.11.20-11.37.06:615][  0]LogConfig: Setting CVar [[gc.AllowParallelGC:1]]
[2020.11.20-11.37.06:615][  0]LogConfig: Setting CVar [[gc.TimeBetweenPurgingPendingKillObjects:61.1]]
[2020.11.20-11.37.06:615][  0]LogConfig: Setting CVar [[gc.MaxObjectsInEditor:25165824]]
[2020.11.20-11.37.06:615][  0]LogConfig: Setting CVar [[gc.IncrementalBeginDestroyEnabled:1]]
[2020.11.20-11.37.06:615][  0]LogConfig: Setting CVar [[gc.CreateGCClusters:1]]
[2020.11.20-11.37.06:615][  0]LogConfig: Setting CVar [[gc.MinGCClusterSize:5]]
[2020.11.20-11.37.06:615][  0]LogConfig: Setting CVar [[gc.ActorClusteringEnabled:0]]
[2020.11.20-11.37.06:615][  0]LogConfig: Setting CVar [[gc.BlueprintClusteringEnabled:0]]
[2020.11.20-11.37.06:615][  0]LogConfig: Setting CVar [[gc.UseDisregardForGCOnDedicatedServers:0]]
[2020.11.20-11.37.06:615][  0]LogConfig: Applying CVar settings from Section [/Script/Engine.NetworkSettings] File [C:/Users/mxcol/Documents/Unreal Projects/CPP_TP1_UnrealEngine/TP1_Unreal/Saved/Config/Windows/Engine.ini]
[2020.11.20-11.37.06:615][  0]LogConfig: Applying CVar settings from Section [/Script/UnrealEd.CookerSettings] File [C:/Users/mxcol/Documents/Unreal Projects/CPP_TP1_UnrealEngine/TP1_Unreal/Saved/Config/Windows/Engine.ini]
[2020.11.20-11.37.06:618][  0]LogConfig: Applying CVar settings from Section [ViewDistanceQuality@3] File [C:/Users/mxcol/Documents/Unreal Projects/CPP_TP1_UnrealEngine/TP1_Unreal/Saved/Config/Windows/Scalability.ini]
[2020.11.20-11.37.06:618][  0]LogConfig: Setting CVar [[r.SkeletalMeshLODBias:0]]
[2020.11.20-11.37.06:618][  0]LogConfig: Setting CVar [[r.ViewDistanceScale:1.0]]
[2020.11.20-11.37.06:618][  0]LogConfig: Applying CVar settings from Section [AntiAliasingQuality@3] File [C:/Users/mxcol/Documents/Unreal Projects/CPP_TP1_UnrealEngine/TP1_Unreal/Saved/Config/Windows/Scalability.ini]
[2020.11.20-11.37.06:618][  0]LogConfig: Setting CVar [[r.PostProcessAAQuality:4]]
[2020.11.20-11.37.06:618][  0]LogConfig: Applying CVar settings from Section [ShadowQuality@3] File [C:/Users/mxcol/Documents/Unreal Projects/CPP_TP1_UnrealEngine/TP1_Unreal/Saved/Config/Windows/Scalability.ini]
[2020.11.20-11.37.06:618][  0]LogConfig: Setting CVar [[r.LightFunctionQuality:1]]
[2020.11.20-11.37.06:618][  0]LogConfig: Setting CVar [[r.ShadowQuality:5]]
[2020.11.20-11.37.06:618][  0]LogConfig: Setting CVar [[r.Shadow.CSM.MaxCascades:10]]
[2020.11.20-11.37.06:618][  0]LogConfig: Setting CVar [[r.Shadow.MaxResolution:2048]]
[2020.11.20-11.37.06:618][  0]LogConfig: Setting CVar [[r.Shadow.MaxCSMResolution:2048]]
[2020.11.20-11.37.06:618][  0]LogConfig: Setting CVar [[r.Shadow.RadiusThreshold:0.01]]
[2020.11.20-11.37.06:618][  0]LogConfig: Setting CVar [[r.Shadow.DistanceScale:1.0]]
[2020.11.20-11.37.06:618][  0]LogConfig: Setting CVar [[r.Shadow.CSM.TransitionScale:1.0]]
[2020.11.20-11.37.06:618][  0]LogConfig: Setting CVar [[r.Shadow.PreShadowResolutionFactor:1.0]]
[2020.11.20-11.37.06:618][  0]LogConfig: Setting CVar [[r.DistanceFieldShadowing:1]]
[2020.11.20-11.37.06:618][  0]LogConfig: Setting CVar [[r.DistanceFieldAO:1]]
[2020.11.20-11.37.06:618][  0]LogConfig: Setting CVar [[r.AOQuality:2]]
[2020.11.20-11.37.06:618][  0]LogConfig: Setting CVar [[r.VolumetricFog:1]]
[2020.11.20-11.37.06:618][  0]LogConfig: Setting CVar [[r.VolumetricFog.GridPixelSize:8]]
[2020.11.20-11.37.06:618][  0]LogConfig: Setting CVar [[r.VolumetricFog.GridSizeZ:128]]
[2020.11.20-11.37.06:618][  0]LogConfig: Setting CVar [[r.VolumetricFog.HistoryMissSupersampleCount:4]]
[2020.11.20-11.37.06:618][  0]LogConfig: Setting CVar [[r.LightMaxDrawDistanceScale:1]]
[2020.11.20-11.37.06:618][  0]LogConfig: Setting CVar [[r.CapsuleShadows:1]]
[2020.11.20-11.37.06:618][  0]LogConfig: Applying CVar settings from Section [PostProcessQuality@3] File [C:/Users/mxcol/Documents/Unreal Projects/CPP_TP1_UnrealEngine/TP1_Unreal/Saved/Config/Windows/Scalability.ini]
[2020.11.20-11.37.06:618][  0]LogConfig: Setting CVar [[r.MotionBlurQuality:4]]
[2020.11.20-11.37.06:618][  0]LogConfig: Setting CVar [[r.AmbientOcclusionMipLevelFactor:0.4]]
[2020.11.20-11.37.06:618][  0]LogConfig: Setting CVar [[r.AmbientOcclusionMaxQuality:100]]
[2020.11.20-11.37.06:618][  0]LogConfig: Setting CVar [[r.AmbientOcclusionLevels:-1]]
[2020.11.20-11.37.06:618][  0]LogConfig: Setting CVar [[r.AmbientOcclusionRadiusScale:1.0]]
[2020.11.20-11.37.06:618][  0]LogConfig: Setting CVar [[r.DepthOfFieldQuality:2]]
[2020.11.20-11.37.06:618][  0]LogConfig: Setting CVar [[r.RenderTargetPoolMin:400]]
[2020.11.20-11.37.06:618][  0]LogConfig: Setting CVar [[r.LensFlareQuality:2]]
[2020.11.20-11.37.06:618][  0]LogConfig: Setting CVar [[r.SceneColorFringeQuality:1]]
[2020.11.20-11.37.06:618][  0]LogConfig: Setting CVar [[r.EyeAdaptationQuality:2]]
[2020.11.20-11.37.06:618][  0]LogConfig: Setting CVar [[r.BloomQuality:5]]
[2020.11.20-11.37.06:618][  0]LogConfig: Setting CVar [[r.FastBlurThreshold:100]]
[2020.11.20-11.37.06:618][  0]LogConfig: Setting CVar [[r.Upscale.Quality:3]]
[2020.11.20-11.37.06:618][  0]LogConfig: Setting CVar [[r.Tonemapper.GrainQuantization:1]]
[2020.11.20-11.37.06:618][  0]LogConfig: Setting CVar [[r.LightShaftQuality:1]]
[2020.11.20-11.37.06:618][  0]LogConfig: Setting CVar [[r.Filter.SizeScale:1]]
[2020.11.20-11.37.06:618][  0]LogConfig: Setting CVar [[r.Tonemapper.Quality:5]]
[2020.11.20-11.37.06:618][  0]LogConfig: Setting CVar [[r.DOF.Gather.AccumulatorQuality:1        ; higher gathering accumulator quality]]
[2020.11.20-11.37.06:618][  0]LogConfig: Setting CVar [[r.DOF.Gather.PostfilterMethod:1          ; Median3x3 postfilering method]]
[2020.11.20-11.37.06:618][  0]LogConfig: Setting CVar [[r.DOF.Gather.EnableBokehSettings:0       ; no bokeh simulation when gathering]]
[2020.11.20-11.37.06:618][  0]LogConfig: Setting CVar [[r.DOF.Gather.RingCount:4                 ; medium number of samples when gathering]]
[2020.11.20-11.37.06:618][  0]LogConfig: Setting CVar [[r.DOF.Scatter.ForegroundCompositing:1    ; additive foreground scattering]]
[2020.11.20-11.37.06:618][  0]LogConfig: Setting CVar [[r.DOF.Scatter.BackgroundCompositing:2    ; additive background scattering]]
[2020.11.20-11.37.06:618][  0]LogConfig: Setting CVar [[r.DOF.Scatter.EnableBokehSettings:1      ; bokeh simulation when scattering]]
[2020.11.20-11.37.06:618][  0]LogConfig: Setting CVar [[r.DOF.Scatter.MaxSpriteRatio:0.1         ; only a maximum of 10% of scattered bokeh]]
[2020.11.20-11.37.06:618][  0]LogConfig: Setting CVar [[r.DOF.Recombine.Quality:1                ; cheap slight out of focus]]
[2020.11.20-11.37.06:618][  0]LogConfig: Setting CVar [[r.DOF.Recombine.EnableBokehSettings:0    ; no bokeh simulation on slight out of focus]]
[2020.11.20-11.37.06:618][  0]LogConfig: Setting CVar [[r.DOF.TemporalAAQuality:1                ; more stable temporal accumulation]]
[2020.11.20-11.37.06:618][  0]LogConfig: Setting CVar [[r.DOF.Kernel.MaxForegroundRadius:0.025]]
[2020.11.20-11.37.06:618][  0]LogConfig: Setting CVar [[r.DOF.Kernel.MaxBackgroundRadius:0.025]]
[2020.11.20-11.37.06:618][  0]LogConfig: Applying CVar settings from Section [TextureQuality@3] File [C:/Users/mxcol/Documents/Unreal Projects/CPP_TP1_UnrealEngine/TP1_Unreal/Saved/Config/Windows/Scalability.ini]
[2020.11.20-11.37.06:618][  0]LogConfig: Setting CVar [[r.Streaming.MipBias:0]]
[2020.11.20-11.37.06:619][  0]LogConfig: Setting CVar [[r.Streaming.AmortizeCPUToGPUCopy:0]]
[2020.11.20-11.37.06:619][  0]LogConfig: Setting CVar [[r.Streaming.MaxNumTexturesToStreamPerFrame:0]]
[2020.11.20-11.37.06:619][  0]LogConfig: Setting CVar [[r.Streaming.Boost:1]]
[2020.11.20-11.37.06:619][  0]LogConfig: Setting CVar [[r.MaxAnisotropy:8]]
[2020.11.20-11.37.06:619][  0]LogConfig: Setting CVar [[r.VT.MaxAnisotropy:8]]
[2020.11.20-11.37.06:619][  0]LogConfig: Setting CVar [[r.Streaming.LimitPoolSizeToVRAM:0]]
[2020.11.20-11.37.06:619][  0]LogConfig: Setting CVar [[r.Streaming.PoolSize:1000]]
[2020.11.20-11.37.06:619][  0]LogConfig: Setting CVar [[r.Streaming.MaxEffectiveScreenSize:0]]
[2020.11.20-11.37.06:619][  0]LogConfig: Applying CVar settings from Section [EffectsQuality@3] File [C:/Users/mxcol/Documents/Unreal Projects/CPP_TP1_UnrealEngine/TP1_Unreal/Saved/Config/Windows/Scalability.ini]
[2020.11.20-11.37.06:619][  0]LogConfig: Setting CVar [[r.TranslucencyLightingVolumeDim:64]]
[2020.11.20-11.37.06:619][  0]LogConfig: Setting CVar [[r.RefractionQuality:2]]
[2020.11.20-11.37.06:619][  0]LogConfig: Setting CVar [[r.SSR.Quality:3]]
[2020.11.20-11.37.06:619][  0]LogConfig: Setting CVar [[r.SSR.HalfResSceneColor:0]]
[2020.11.20-11.37.06:619][  0]LogConfig: Setting CVar [[r.SceneColorFormat:4]]
[2020.11.20-11.37.06:619][  0]LogConfig: Setting CVar [[r.DetailMode:2]]
[2020.11.20-11.37.06:619][  0]LogConfig: Setting CVar [[r.TranslucencyVolumeBlur:1]]
[2020.11.20-11.37.06:619][  0]LogConfig: Setting CVar [[r.MaterialQualityLevel:1 ; High quality]]
[2020.11.20-11.37.06:619][  0]LogConfig: Setting CVar [[r.SSS.Scale:1]]
[2020.11.20-11.37.06:619][  0]LogConfig: Setting CVar [[r.SSS.SampleSet:2]]
[2020.11.20-11.37.06:619][  0]LogConfig: Setting CVar [[r.SSS.Quality:1]]
[2020.11.20-11.37.06:619][  0]LogConfig: Setting CVar [[r.SSS.HalfRes:0]]
[2020.11.20-11.37.06:619][  0]LogConfig: Setting CVar [[r.SSGI.Quality:3]]
[2020.11.20-11.37.06:619][  0]LogConfig: Setting CVar [[r.EmitterSpawnRateScale:1.0]]
[2020.11.20-11.37.06:619][  0]LogConfig: Setting CVar [[r.ParticleLightQuality:2]]
[2020.11.20-11.37.06:619][  0]LogConfig: Setting CVar [[r.SkyAtmosphere.AerialPerspectiveLUT.FastApplyOnOpaque:1 ; Always have FastSkyLUT 1 in this case to avoid wrong sky]]
[2020.11.20-11.37.06:619][  0]LogConfig: Setting CVar [[r.SkyAtmosphere.AerialPerspectiveLUT.SampleCountPerSlice:1]]
[2020.11.20-11.37.06:619][  0]LogConfig: Setting CVar [[r.SkyAtmosphere.AerialPerspectiveLUT.DepthResolution:16.0]]
[2020.11.20-11.37.06:619][  0]LogConfig: Setting CVar [[r.SkyAtmosphere.FastSkyLUT:1]]
[2020.11.20-11.37.06:619][  0]LogConfig: Setting CVar [[r.SkyAtmosphere.FastSkyLUT.SampleCountMin:4.0]]
[2020.11.20-11.37.06:619][  0]LogConfig: Setting CVar [[r.SkyAtmosphere.FastSkyLUT.SampleCountMax:32.0]]
[2020.11.20-11.37.06:619][  0]LogConfig: Setting CVar [[r.SkyAtmosphere.SampleCountMin:4.0]]
[2020.11.20-11.37.06:619][  0]LogConfig: Setting CVar [[r.SkyAtmosphere.SampleCountMax:32.0]]
[2020.11.20-11.37.06:619][  0]LogConfig: Setting CVar [[r.SkyAtmosphere.TransmittanceLUT.UseSmallFormat:0]]
[2020.11.20-11.37.06:619][  0]LogConfig: Setting CVar [[r.SkyAtmosphere.TransmittanceLUT.SampleCount:10.0]]
[2020.11.20-11.37.06:619][  0]LogConfig: Setting CVar [[r.SkyAtmosphere.MultiScatteringLUT.SampleCount:15.0]]
[2020.11.20-11.37.06:619][  0]LogConfig: Applying CVar settings from Section [FoliageQuality@3] File [C:/Users/mxcol/Documents/Unreal Projects/CPP_TP1_UnrealEngine/TP1_Unreal/Saved/Config/Windows/Scalability.ini]
[2020.11.20-11.37.06:619][  0]LogConfig: Setting CVar [[foliage.DensityScale:1.0]]
[2020.11.20-11.37.06:619][  0]LogConfig: Setting CVar [[grass.DensityScale:1.0]]
[2020.11.20-11.37.06:619][  0]LogConfig: Applying CVar settings from Section [ShadingQuality@3] File [C:/Users/mxcol/Documents/Unreal Projects/CPP_TP1_UnrealEngine/TP1_Unreal/Saved/Config/Windows/Scalability.ini]
[2020.11.20-11.37.06:619][  0]LogConfig: Setting CVar [[r.HairStrands.SkyLighting.SampleCount:16]]
[2020.11.20-11.37.06:619][  0]LogConfig: Setting CVar [[r.HairStrands.SkyLighting.JitterIntegration:0]]
[2020.11.20-11.37.06:619][  0]LogConfig: Setting CVar [[r.HairStrands.SkyAO.SampleCount:16]]
[2020.11.20-11.37.06:619][  0]LogConfig: Setting CVar [[r.HairStrands.DeepShadow.SuperSampling:0]]
[2020.11.20-11.37.06:619][  0]LogConfig: Setting CVar [[r.HairStrands.VisibilityPPLL:0]]
[2020.11.20-11.37.06:619][  0]LogConfig: Setting CVar [[r.HairStrands.RasterizationScale:0.5]]
[2020.11.20-11.37.06:619][  0]LogConfig: Setting CVar [[r.HairStrands.VelocityRasterizationScale:1]]
[2020.11.20-11.37.06:619][  0]LogInit: Selected Device Profile: [Windows]
[2020.11.20-11.37.06:619][  0]LogInit: Applying CVar settings loaded from the selected device profile: [Windows]
[2020.11.20-11.37.06:619][  0]LogHAL: Display: Platform has ~ 16 GB [16954834944 / 17179869184 / 16], which maps to Larger [LargestMinGB=32, LargerMinGB=12, DefaultMinGB=8, SmallerMinGB=6, SmallestMinGB=0)
[2020.11.20-11.37.06:619][  0]LogInit: Going up to parent DeviceProfile []
[2020.11.20-11.37.06:619][  0]LogConfig: Applying CVar settings from Section [ViewDistanceQuality@3] File [C:/Users/mxcol/Documents/Unreal Projects/CPP_TP1_UnrealEngine/TP1_Unreal/Saved/Config/Windows/Scalability.ini]
[2020.11.20-11.37.06:619][  0]LogConfig: Setting CVar [[r.SkeletalMeshLODBias:0]]
[2020.11.20-11.37.06:619][  0]LogConfig: Setting CVar [[r.ViewDistanceScale:1.0]]
[2020.11.20-11.37.06:619][  0]LogConfig: Applying CVar settings from Section [AntiAliasingQuality@3] File [C:/Users/mxcol/Documents/Unreal Projects/CPP_TP1_UnrealEngine/TP1_Unreal/Saved/Config/Windows/Scalability.ini]
[2020.11.20-11.37.06:619][  0]LogConfig: Setting CVar [[r.PostProcessAAQuality:4]]
[2020.11.20-11.37.06:619][  0]LogConfig: Applying CVar settings from Section [ShadowQuality@3] File [C:/Users/mxcol/Documents/Unreal Projects/CPP_TP1_UnrealEngine/TP1_Unreal/Saved/Config/Windows/Scalability.ini]
[2020.11.20-11.37.06:619][  0]LogConfig: Setting CVar [[r.LightFunctionQuality:1]]
[2020.11.20-11.37.06:619][  0]LogConfig: Setting CVar [[r.ShadowQuality:5]]
[2020.11.20-11.37.06:619][  0]LogConfig: Setting CVar [[r.Shadow.CSM.MaxCascades:10]]
[2020.11.20-11.37.06:619][  0]LogConfig: Setting CVar [[r.Shadow.MaxResolution:2048]]
[2020.11.20-11.37.06:619][  0]LogConfig: Setting CVar [[r.Shadow.MaxCSMResolution:2048]]
[2020.11.20-11.37.06:619][  0]LogConfig: Setting CVar [[r.Shadow.RadiusThreshold:0.01]]
[2020.11.20-11.37.06:619][  0]LogConfig: Setting CVar [[r.Shadow.DistanceScale:1.0]]
[2020.11.20-11.37.06:619][  0]LogConfig: Setting CVar [[r.Shadow.CSM.TransitionScale:1.0]]
[2020.11.20-11.37.06:619][  0]LogConfig: Setting CVar [[r.Shadow.PreShadowResolutionFactor:1.0]]
[2020.11.20-11.37.06:619][  0]LogConfig: Setting CVar [[r.DistanceFieldShadowing:1]]
[2020.11.20-11.37.06:619][  0]LogConfig: Setting CVar [[r.DistanceFieldAO:1]]
[2020.11.20-11.37.06:619][  0]LogConfig: Setting CVar [[r.AOQuality:2]]
[2020.11.20-11.37.06:619][  0]LogConfig: Setting CVar [[r.VolumetricFog:1]]
[2020.11.20-11.37.06:619][  0]LogConfig: Setting CVar [[r.VolumetricFog.GridPixelSize:8]]
[2020.11.20-11.37.06:619][  0]LogConfig: Setting CVar [[r.VolumetricFog.GridSizeZ:128]]
[2020.11.20-11.37.06:619][  0]LogConfig: Setting CVar [[r.VolumetricFog.HistoryMissSupersampleCount:4]]
[2020.11.20-11.37.06:620][  0]LogConfig: Setting CVar [[r.LightMaxDrawDistanceScale:1]]
[2020.11.20-11.37.06:620][  0]LogConfig: Setting CVar [[r.CapsuleShadows:1]]
[2020.11.20-11.37.06:620][  0]LogConfig: Applying CVar settings from Section [PostProcessQuality@3] File [C:/Users/mxcol/Documents/Unreal Projects/CPP_TP1_UnrealEngine/TP1_Unreal/Saved/Config/Windows/Scalability.ini]
[2020.11.20-11.37.06:620][  0]LogConfig: Setting CVar [[r.MotionBlurQuality:4]]
[2020.11.20-11.37.06:620][  0]LogConfig: Setting CVar [[r.AmbientOcclusionMipLevelFactor:0.4]]
[2020.11.20-11.37.06:620][  0]LogConfig: Setting CVar [[r.AmbientOcclusionMaxQuality:100]]
[2020.11.20-11.37.06:620][  0]LogConfig: Setting CVar [[r.AmbientOcclusionLevels:-1]]
[2020.11.20-11.37.06:620][  0]LogConfig: Setting CVar [[r.AmbientOcclusionRadiusScale:1.0]]
[2020.11.20-11.37.06:620][  0]LogConfig: Setting CVar [[r.DepthOfFieldQuality:2]]
[2020.11.20-11.37.06:620][  0]LogConfig: Setting CVar [[r.RenderTargetPoolMin:400]]
[2020.11.20-11.37.06:620][  0]LogConfig: Setting CVar [[r.LensFlareQuality:2]]
[2020.11.20-11.37.06:620][  0]LogConfig: Setting CVar [[r.SceneColorFringeQuality:1]]
[2020.11.20-11.37.06:620][  0]LogConfig: Setting CVar [[r.EyeAdaptationQuality:2]]
[2020.11.20-11.37.06:620][  0]LogConfig: Setting CVar [[r.BloomQuality:5]]
[2020.11.20-11.37.06:620][  0]LogConfig: Setting CVar [[r.FastBlurThreshold:100]]
[2020.11.20-11.37.06:620][  0]LogConfig: Setting CVar [[r.Upscale.Quality:3]]
[2020.11.20-11.37.06:620][  0]LogConfig: Setting CVar [[r.Tonemapper.GrainQuantization:1]]
[2020.11.20-11.37.06:620][  0]LogConfig: Setting CVar [[r.LightShaftQuality:1]]
[2020.11.20-11.37.06:620][  0]LogConfig: Setting CVar [[r.Filter.SizeScale:1]]
[2020.11.20-11.37.06:620][  0]LogConfig: Setting CVar [[r.Tonemapper.Quality:5]]
[2020.11.20-11.37.06:620][  0]LogConfig: Setting CVar [[r.DOF.Gather.AccumulatorQuality:1        ; higher gathering accumulator quality]]
[2020.11.20-11.37.06:620][  0]LogConfig: Setting CVar [[r.DOF.Gather.PostfilterMethod:1          ; Median3x3 postfilering method]]
[2020.11.20-11.37.06:620][  0]LogConfig: Setting CVar [[r.DOF.Gather.EnableBokehSettings:0       ; no bokeh simulation when gathering]]
[2020.11.20-11.37.06:620][  0]LogConfig: Setting CVar [[r.DOF.Gather.RingCount:4                 ; medium number of samples when gathering]]
[2020.11.20-11.37.06:620][  0]LogConfig: Setting CVar [[r.DOF.Scatter.ForegroundCompositing:1    ; additive foreground scattering]]
[2020.11.20-11.37.06:620][  0]LogConfig: Setting CVar [[r.DOF.Scatter.BackgroundCompositing:2    ; additive background scattering]]
[2020.11.20-11.37.06:620][  0]LogConfig: Setting CVar [[r.DOF.Scatter.EnableBokehSettings:1      ; bokeh simulation when scattering]]
[2020.11.20-11.37.06:620][  0]LogConfig: Setting CVar [[r.DOF.Scatter.MaxSpriteRatio:0.1         ; only a maximum of 10% of scattered bokeh]]
[2020.11.20-11.37.06:620][  0]LogConfig: Setting CVar [[r.DOF.Recombine.Quality:1                ; cheap slight out of focus]]
[2020.11.20-11.37.06:620][  0]LogConfig: Setting CVar [[r.DOF.Recombine.EnableBokehSettings:0    ; no bokeh simulation on slight out of focus]]
[2020.11.20-11.37.06:620][  0]LogConfig: Setting CVar [[r.DOF.TemporalAAQuality:1                ; more stable temporal accumulation]]
[2020.11.20-11.37.06:620][  0]LogConfig: Setting CVar [[r.DOF.Kernel.MaxForegroundRadius:0.025]]
[2020.11.20-11.37.06:620][  0]LogConfig: Setting CVar [[r.DOF.Kernel.MaxBackgroundRadius:0.025]]
[2020.11.20-11.37.06:620][  0]LogConfig: Applying CVar settings from Section [TextureQuality@3] File [C:/Users/mxcol/Documents/Unreal Projects/CPP_TP1_UnrealEngine/TP1_Unreal/Saved/Config/Windows/Scalability.ini]
[2020.11.20-11.37.06:620][  0]LogConfig: Setting CVar [[r.Streaming.MipBias:0]]
[2020.11.20-11.37.06:620][  0]LogConfig: Setting CVar [[r.Streaming.AmortizeCPUToGPUCopy:0]]
[2020.11.20-11.37.06:620][  0]LogConfig: Setting CVar [[r.Streaming.MaxNumTexturesToStreamPerFrame:0]]
[2020.11.20-11.37.06:620][  0]LogConfig: Setting CVar [[r.Streaming.Boost:1]]
[2020.11.20-11.37.06:620][  0]LogConfig: Setting CVar [[r.MaxAnisotropy:8]]
[2020.11.20-11.37.06:620][  0]LogConfig: Setting CVar [[r.VT.MaxAnisotropy:8]]
[2020.11.20-11.37.06:620][  0]LogConfig: Setting CVar [[r.Streaming.LimitPoolSizeToVRAM:0]]
[2020.11.20-11.37.06:620][  0]LogConfig: Setting CVar [[r.Streaming.PoolSize:1000]]
[2020.11.20-11.37.06:620][  0]LogConfig: Setting CVar [[r.Streaming.MaxEffectiveScreenSize:0]]
[2020.11.20-11.37.06:620][  0]LogConfig: Applying CVar settings from Section [EffectsQuality@3] File [C:/Users/mxcol/Documents/Unreal Projects/CPP_TP1_UnrealEngine/TP1_Unreal/Saved/Config/Windows/Scalability.ini]
[2020.11.20-11.37.06:620][  0]LogConfig: Setting CVar [[r.TranslucencyLightingVolumeDim:64]]
[2020.11.20-11.37.06:620][  0]LogConfig: Setting CVar [[r.RefractionQuality:2]]
[2020.11.20-11.37.06:620][  0]LogConfig: Setting CVar [[r.SSR.Quality:3]]
[2020.11.20-11.37.06:620][  0]LogConfig: Setting CVar [[r.SSR.HalfResSceneColor:0]]
[2020.11.20-11.37.06:620][  0]LogConfig: Setting CVar [[r.SceneColorFormat:4]]
[2020.11.20-11.37.06:620][  0]LogConfig: Setting CVar [[r.DetailMode:2]]
[2020.11.20-11.37.06:620][  0]LogConfig: Setting CVar [[r.TranslucencyVolumeBlur:1]]
[2020.11.20-11.37.06:620][  0]LogConfig: Setting CVar [[r.MaterialQualityLevel:1 ; High quality]]
[2020.11.20-11.37.06:620][  0]LogConfig: Setting CVar [[r.SSS.Scale:1]]
[2020.11.20-11.37.06:620][  0]LogConfig: Setting CVar [[r.SSS.SampleSet:2]]
[2020.11.20-11.37.06:620][  0]LogConfig: Setting CVar [[r.SSS.Quality:1]]
[2020.11.20-11.37.06:620][  0]LogConfig: Setting CVar [[r.SSS.HalfRes:0]]
[2020.11.20-11.37.06:620][  0]LogConfig: Setting CVar [[r.SSGI.Quality:3]]
[2020.11.20-11.37.06:620][  0]LogConfig: Setting CVar [[r.EmitterSpawnRateScale:1.0]]
[2020.11.20-11.37.06:620][  0]LogConfig: Setting CVar [[r.ParticleLightQuality:2]]
[2020.11.20-11.37.06:620][  0]LogConfig: Setting CVar [[r.SkyAtmosphere.AerialPerspectiveLUT.FastApplyOnOpaque:1 ; Always have FastSkyLUT 1 in this case to avoid wrong sky]]
[2020.11.20-11.37.06:620][  0]LogConfig: Setting CVar [[r.SkyAtmosphere.AerialPerspectiveLUT.SampleCountPerSlice:1]]
[2020.11.20-11.37.06:620][  0]LogConfig: Setting CVar [[r.SkyAtmosphere.AerialPerspectiveLUT.DepthResolution:16.0]]
[2020.11.20-11.37.06:620][  0]LogConfig: Setting CVar [[r.SkyAtmosphere.FastSkyLUT:1]]
[2020.11.20-11.37.06:620][  0]LogConfig: Setting CVar [[r.SkyAtmosphere.FastSkyLUT.SampleCountMin:4.0]]
[2020.11.20-11.37.06:620][  0]LogConfig: Setting CVar [[r.SkyAtmosphere.FastSkyLUT.SampleCountMax:32.0]]
[2020.11.20-11.37.06:620][  0]LogConfig: Setting CVar [[r.SkyAtmosphere.SampleCountMin:4.0]]
[2020.11.20-11.37.06:620][  0]LogConfig: Setting CVar [[r.SkyAtmosphere.SampleCountMax:32.0]]
[2020.11.20-11.37.06:620][  0]LogConfig: Setting CVar [[r.SkyAtmosphere.TransmittanceLUT.UseSmallFormat:0]]
[2020.11.20-11.37.06:620][  0]LogConfig: Setting CVar [[r.SkyAtmosphere.TransmittanceLUT.SampleCount:10.0]]
[2020.11.20-11.37.06:620][  0]LogConfig: Setting CVar [[r.SkyAtmosphere.MultiScatteringLUT.SampleCount:15.0]]
[2020.11.20-11.37.06:620][  0]LogConfig: Applying CVar settings from Section [FoliageQuality@3] File [C:/Users/mxcol/Documents/Unreal Projects/CPP_TP1_UnrealEngine/TP1_Unreal/Saved/Config/Windows/Scalability.ini]
[2020.11.20-11.37.06:620][  0]LogConfig: Setting CVar [[foliage.DensityScale:1.0]]
[2020.11.20-11.37.06:620][  0]LogConfig: Setting CVar [[grass.DensityScale:1.0]]
[2020.11.20-11.37.06:620][  0]LogConfig: Applying CVar settings from Section [ShadingQuality@3] File [C:/Users/mxcol/Documents/Unreal Projects/CPP_TP1_UnrealEngine/TP1_Unreal/Saved/Config/Windows/Scalability.ini]
[2020.11.20-11.37.06:620][  0]LogConfig: Setting CVar [[r.HairStrands.SkyLighting.SampleCount:16]]
[2020.11.20-11.37.06:620][  0]LogConfig: Setting CVar [[r.HairStrands.SkyLighting.JitterIntegration:0]]
[2020.11.20-11.37.06:620][  0]LogConfig: Setting CVar [[r.HairStrands.SkyAO.SampleCount:16]]
[2020.11.20-11.37.06:620][  0]LogConfig: Setting CVar [[r.HairStrands.DeepShadow.SuperSampling:0]]
[2020.11.20-11.37.06:620][  0]LogConfig: Setting CVar [[r.HairStrands.VisibilityPPLL:0]]
[2020.11.20-11.37.06:620][  0]LogConfig: Setting CVar [[r.HairStrands.RasterizationScale:0.5]]
[2020.11.20-11.37.06:620][  0]LogConfig: Setting CVar [[r.HairStrands.VelocityRasterizationScale:1]]
[2020.11.20-11.37.06:621][  0]LogConfig: Applying CVar settings from Section [Startup] File [../../../Engine/Config/ConsoleVariables.ini]
[2020.11.20-11.37.06:621][  0]LogConfig: Setting CVar [[net.UseAdaptiveNetUpdateFrequency:0]]
[2020.11.20-11.37.06:621][  0]LogConfig: Setting CVar [[p.chaos.AllowCreatePhysxBodies:1]]
[2020.11.20-11.37.06:621][  0]LogConfig: Setting CVar [[fx.SkipVectorVMBackendOptimizations:1]]
[2020.11.20-11.37.06:621][  0]LogConfig: Applying CVar settings from Section [ConsoleVariables] File [C:/Users/mxcol/Documents/Unreal Projects/CPP_TP1_UnrealEngine/TP1_Unreal/Saved/Config/Windows/Engine.ini]
[2020.11.20-11.37.06:621][  0]LogInit: Computer: LAPTOP-26OCT9LN
[2020.11.20-11.37.06:621][  0]LogInit: User: mxcol
[2020.11.20-11.37.06:621][  0]LogInit: CPU Page size=4096, Cores=6
[2020.11.20-11.37.06:621][  0]LogInit: High frequency timer resolution =10.000000 MHz
[2020.11.20-11.37.06:621][  0]LogMemory: Memory total: Physical=15.8GB (16GB approx)
[2020.11.20-11.37.06:621][  0]LogMemory: Platform Memory Stats for Windows
[2020.11.20-11.37.06:621][  0]LogMemory: Process Physical Memory: 115.70 MB used, 115.70 MB peak
[2020.11.20-11.37.06:621][  0]LogMemory: Process Virtual Memory: 105.38 MB used, 105.38 MB peak
[2020.11.20-11.37.06:621][  0]LogMemory: Physical Memory: 6725.52 MB used,  9443.88 MB free, 16169.39 MB total
[2020.11.20-11.37.06:621][  0]LogMemory: Virtual Memory: 5173.33 MB used,  134212552.00 MB free, 134217728.00 MB total
[2020.11.20-11.37.06:654][  0]LogWindows: WindowsPlatformFeatures enabled
[2020.11.20-11.37.06:687][  0]LogInit: Physics initialised using underlying interface: PhysX
[2020.11.20-11.37.06:688][  0]LogInit: Using OS detected language (fr-FR).
[2020.11.20-11.37.06:688][  0]LogInit: Using OS detected locale (fr-FR).
[2020.11.20-11.37.06:691][  0]LogTextLocalizationManager: No specific localization for 'fr-FR' exists, so the 'fr' localization will be used.
[2020.11.20-11.37.06:691][  0]LogTextLocalizationResource: LocRes '../../../Engine/Content/Localization/Editor/fr/Editor.locres' could not be opened for reading!
[2020.11.20-11.37.06:691][  0]LogTextLocalizationResource: LocRes '../../../Engine/Content/Localization/EditorTutorials/fr/EditorTutorials.locres' could not be opened for reading!
[2020.11.20-11.37.06:692][  0]LogTextLocalizationResource: LocRes '../../../Engine/Content/Localization/Keywords/fr/Keywords.locres' could not be opened for reading!
[2020.11.20-11.37.06:692][  0]LogTextLocalizationResource: LocRes '../../../Engine/Content/Localization/Category/fr/Category.locres' could not be opened for reading!
[2020.11.20-11.37.06:692][  0]LogTextLocalizationResource: LocRes '../../../Engine/Content/Localization/ToolTips/fr/ToolTips.locres' could not be opened for reading!
[2020.11.20-11.37.06:692][  0]LogTextLocalizationResource: LocRes '../../../Engine/Content/Localization/PropertyNames/fr/PropertyNames.locres' could not be opened for reading!
[2020.11.20-11.37.06:692][  0]LogTextLocalizationResource: LocRes '../../../Engine/Content/Localization/Engine/fr/Engine.locres' could not be opened for reading!
[2020.11.20-11.37.06:693][  0]LogInit: Setting process to per monitor DPI aware
[2020.11.20-11.37.06:724][  0]LogSlate: New Slate User Created.  User Index 0, Is Virtual User: 0
[2020.11.20-11.37.06:724][  0]LogSlate: Slate User Registered.  User Index 0, Is Virtual User: 0
[2020.11.20-11.37.06:864][  0]LogHMD: Failed to initialize OpenVR with code 110
[2020.11.20-11.37.06:864][  0]LogD3D11RHI: D3D11 min allowed feature level: 11_0
[2020.11.20-11.37.06:864][  0]LogD3D11RHI: D3D11 max allowed feature level: 11_0
[2020.11.20-11.37.06:864][  0]LogD3D11RHI: D3D11 adapters:
[2020.11.20-11.37.06:944][  0]LogD3D11RHI:    0. 'NVIDIA GeForce RTX 2070' (Feature Level 11_0)
[2020.11.20-11.37.06:944][  0]LogD3D11RHI:       8031/0/8084 MB DedicatedVideo/DedicatedSystem/SharedSystem, Outputs:1, VendorId:0x10de
[2020.11.20-11.37.06:966][  0]LogD3D11RHI:    1. 'Intel(R) UHD Graphics' (Feature Level 11_0)
[2020.11.20-11.37.06:966][  0]LogD3D11RHI:       128/0/8084 MB DedicatedVideo/DedicatedSystem/SharedSystem, Outputs:0, VendorId:0x8086
[2020.11.20-11.37.06:968][  0]LogD3D11RHI:    2. 'Microsoft Basic Render Driver' (Feature Level 11_0)
[2020.11.20-11.37.06:968][  0]LogD3D11RHI:       0/0/8084 MB DedicatedVideo/DedicatedSystem/SharedSystem, Outputs:0, VendorId:0x1414
[2020.11.20-11.37.06:968][  0]LogD3D11RHI: Chosen D3D11 Adapter: 0
[2020.11.20-11.37.06:985][  0]LogD3D11RHI: Creating new Direct3DDevice
[2020.11.20-11.37.06:985][  0]LogD3D11RHI:     GPU DeviceId: 0x1f14 (for the marketing name, search the web for "GPU Device Id")
[2020.11.20-11.37.06:985][  0]LogWindows: EnumDisplayDevices:
[2020.11.20-11.37.06:986][  0]LogWindows:    0. 'Intel(R) UHD Graphics' (P:1 D:1)
[2020.11.20-11.37.06:986][  0]LogWindows:    1. 'Intel(R) UHD Graphics' (P:0 D:0)
[2020.11.20-11.37.06:986][  0]LogWindows:    2. 'Intel(R) UHD Graphics' (P:0 D:0)
[2020.11.20-11.37.06:986][  0]LogWindows:    3. 'NVIDIA GeForce RTX 2070' (P:0 D:0)
[2020.11.20-11.37.06:987][  0]LogWindows:    4. 'NVIDIA GeForce RTX 2070' (P:0 D:0)
[2020.11.20-11.37.06:987][  0]LogWindows:    5. 'NVIDIA GeForce RTX 2070' (P:0 D:0)
[2020.11.20-11.37.06:987][  0]LogWindows:    6. 'NVIDIA GeForce RTX 2070' (P:0 D:0)
[2020.11.20-11.37.06:987][  0]LogWindows: DebugString: PrimaryIsNotTheChoosenAdapter PrimaryIsNotTheChoosenAdapter PrimaryIsNotTheChoosenAdapter FoundDriverCount:4 
[2020.11.20-11.37.06:987][  0]LogD3D11RHI:     Adapter Name: NVIDIA GeForce RTX 2070
[2020.11.20-11.37.06:987][  0]LogD3D11RHI:   Driver Version: 452.06 (internal:27.21.14.5206, unified:452.06)
[2020.11.20-11.37.06:987][  0]LogD3D11RHI:      Driver Date: 8-12-2020
[2020.11.20-11.37.06:987][  0]LogRHI: Texture pool is 5621 MB (70% of 8031 MB)
[2020.11.20-11.37.07:041][  0]LogD3D11RHI: RHI has support for 64 bit atomics
[2020.11.20-11.37.07:041][  0]LogD3D11RHI: Async texture creation enabled
[2020.11.20-11.37.07:041][  0]LogD3D11RHI: Array index from any shader is supported
[2020.11.20-11.37.07:066][  0]LogD3D11RHI: GPU Timing Frequency: 1000.000000 (Debug: 2 1)
[2020.11.20-11.37.07:341][  0]LogTargetPlatformManager: Display: Loaded TargetPlatform 'AllDesktop'
[2020.11.20-11.37.07:363][  0]LogTargetPlatformManager: Display: Loaded TargetPlatform 'Android'
[2020.11.20-11.37.07:363][  0]LogTargetPlatformManager: Display: Loaded TargetPlatform 'Android_ASTC'
[2020.11.20-11.37.07:363][  0]LogTargetPlatformManager: Display: Loaded TargetPlatform 'Android_DXT'
[2020.11.20-11.37.07:363][  0]LogTargetPlatformManager: Display: Loaded TargetPlatform 'Android_ETC2'
[2020.11.20-11.37.07:363][  0]LogTargetPlatformManager: Display: Loaded TargetPlatform 'AndroidClient'
[2020.11.20-11.37.07:363][  0]LogTargetPlatformManager: Display: Loaded TargetPlatform 'Android_ASTCClient'
[2020.11.20-11.37.07:363][  0]LogTargetPlatformManager: Display: Loaded TargetPlatform 'Android_DXTClient'
[2020.11.20-11.37.07:363][  0]LogTargetPlatformManager: Display: Loaded TargetPlatform 'Android_ETC2Client'
[2020.11.20-11.37.07:363][  0]LogTargetPlatformManager: Display: Loaded TargetPlatform 'Android_Multi'
[2020.11.20-11.37.07:363][  0]LogTargetPlatformManager: Display: Loaded TargetPlatform 'Android_MultiClient'
[2020.11.20-11.37.07:387][  0]LogTargetPlatformManager: Display: Loaded TargetPlatform 'IOSClient'
[2020.11.20-11.37.07:387][  0]LogTargetPlatformManager: Display: Loaded TargetPlatform 'IOS'
[2020.11.20-11.37.07:398][  0]LogTargetPlatformManager: Display: Loaded TargetPlatform 'Linux'
[2020.11.20-11.37.07:408][  0]LogTargetPlatformManager: Display: Loaded TargetPlatform 'LinuxNoEditor'
[2020.11.20-11.37.07:418][  0]LogTargetPlatformManager: Display: Loaded TargetPlatform 'LinuxClient'
[2020.11.20-11.37.07:427][  0]LogTargetPlatformManager: Display: Loaded TargetPlatform 'LinuxServer'
[2020.11.20-11.37.07:437][  0]LogTargetPlatformManager: Display: Loaded TargetPlatform 'LinuxAArch64NoEditor'
[2020.11.20-11.37.07:446][  0]LogTargetPlatformManager: Display: Loaded TargetPlatform 'LinuxAArch64Client'
[2020.11.20-11.37.07:456][  0]LogTargetPlatformManager: Display: Loaded TargetPlatform 'LinuxAArch64Server'
[2020.11.20-11.37.07:483][  0]LogTargetPlatformManager: Display: Loaded TargetPlatform 'Lumin'
[2020.11.20-11.37.07:483][  0]LogTargetPlatformManager: Display: Loaded TargetPlatform 'LuminClient'
[2020.11.20-11.37.07:499][  0]LogTargetPlatformManager: Display: Loaded TargetPlatform 'TVOSClient'
[2020.11.20-11.37.07:499][  0]LogTargetPlatformManager: Display: Loaded TargetPlatform 'TVOS'
[2020.11.20-11.37.07:508][  0]LogTargetPlatformManager: Display: Loaded TargetPlatform 'WindowsNoEditor'
[2020.11.20-11.37.07:518][  0]LogTargetPlatformManager: Display: Loaded TargetPlatform 'Windows'
[2020.11.20-11.37.07:527][  0]LogTargetPlatformManager: Display: Loaded TargetPlatform 'WindowsClient'
[2020.11.20-11.37.07:537][  0]LogTargetPlatformManager: Display: Loaded TargetPlatform 'WindowsServer'
[2020.11.20-11.37.07:537][  0]LogTargetPlatformManager: Display: Building Assets For Windows
[2020.11.20-11.37.07:544][  0]LogAudioDebug: Display: Lib vorbis DLL was dynamically loaded.
[2020.11.20-11.37.07:602][  0]LogShaderCompilers: Guid format shader working directory is -42 characters bigger than the processId version (../../../../../../Users/mxcol/Documents/Unreal Projects/CPP_TP1_UnrealEngine/TP1_Unreal/Intermediate/Shaders/WorkingDirectory/14724/).
[2020.11.20-11.37.07:602][  0]LogShaderCompilers: Cleaned the shader compiler working directory 'C:/Users/mxcol/AppData/Local/Temp/UnrealShaderWorkingDir/48EEE2364485BA14C7563AAC8609DCA1/'.
[2020.11.20-11.37.07:603][  0]LogXGEController: Cleaning working directory: C:/Users/mxcol/AppData/Local/Temp/UnrealXGEWorkingDir/
[2020.11.20-11.37.07:603][  0]LogShaderCompilers: Display: Using XGE Shader Compiler (Interception Interface).
[2020.11.20-11.37.08:410][  0]LogDerivedDataCache: Display: Max Cache Size: 512 MB
[2020.11.20-11.37.08:460][  0]LogDerivedDataCache: Loaded boot cache 0.05s 79MB C:/Users/mxcol/AppData/Local/UnrealEngine/4.25/DerivedDataCache/Boot.ddc.
[2020.11.20-11.37.08:460][  0]LogDerivedDataCache: Display: Loaded Boot cache: C:/Users/mxcol/AppData/Local/UnrealEngine/4.25/DerivedDataCache/Boot.ddc
[2020.11.20-11.37.08:460][  0]LogDerivedDataCache: FDerivedDataBackendGraph:  Pak pak cache file ../../../../../../Users/mxcol/Documents/Unreal Projects/CPP_TP1_UnrealEngine/TP1_Unreal/DerivedDataCache/DDC.ddp not found, will not use a pak cache.
[2020.11.20-11.37.08:460][  0]LogDerivedDataCache: Unable to find inner node Pak for hierarchical cache Hierarchy.
[2020.11.20-11.37.08:460][  0]LogDerivedDataCache: FDerivedDataBackendGraph:  CompressedPak pak cache file ../../../../../../Users/mxcol/Documents/Unreal Projects/CPP_TP1_UnrealEngine/TP1_Unreal/DerivedDataCache/Compressed.ddp not found, will not use a pak cache.
[2020.11.20-11.37.08:460][  0]LogDerivedDataCache: Unable to find inner node CompressedPak for hierarchical cache Hierarchy.
[2020.11.20-11.37.08:471][  0]LogDerivedDataCache: Display: Pak cache opened for reading ../../../Engine/DerivedDataCache/Compressed.ddp.
[2020.11.20-11.37.08:471][  0]LogDerivedDataCache: FDerivedDataBackendGraph:  EnterprisePak pak cache file ../../../Enterprise/DerivedDataCache/Compressed.ddp not found, will not use a pak cache.
[2020.11.20-11.37.08:471][  0]LogDerivedDataCache: Unable to find inner node EnterprisePak for hierarchical cache Hierarchy.
[2020.11.20-11.37.08:472][  0]LogDerivedDataCache: Using Local data cache path C:/Users/mxcol/AppData/Local/UnrealEngine/Common/DerivedDataCache: Writable
[2020.11.20-11.37.08:472][  0]LogDerivedDataCache: Shared data cache path not found in *engine.ini, will not use an Shared cache.
[2020.11.20-11.37.08:472][  0]LogDerivedDataCache: Unable to find inner node Shared for hierarchical cache Hierarchy.
[2020.11.20-11.37.08:527][  0]LogSlate: Using FreeType 2.10.0
[2020.11.20-11.37.08:527][  0]LogSlate: SlateFontServices - WITH_FREETYPE: 1, WITH_HARFBUZZ: 1
[2020.11.20-11.37.08:552][  0]LogAssetRegistry: FAssetRegistry took 0.0026 seconds to start up
[2020.11.20-11.37.08:785][  0]LogInit: Selected Device Profile: [Windows]
[2020.11.20-11.37.08:900][  0]LogMeshReduction: Using QuadricMeshReduction for automatic static mesh reduction
[2020.11.20-11.37.08:900][  0]LogMeshReduction: Using SimplygonMeshReduction for automatic skeletal mesh reduction
[2020.11.20-11.37.08:900][  0]LogMeshReduction: Using ProxyLODMeshReduction for automatic mesh merging
[2020.11.20-11.37.08:900][  0]LogMeshReduction: No distributed automatic mesh merging module available
[2020.11.20-11.37.08:900][  0]LogMeshMerging: No distributed automatic mesh merging module available
[2020.11.20-11.37.08:914][  0]LogNetVersion: TP1_Unreal 1.0.0, NetCL: 13144385, EngineNetVer: 14, GameNetVer: 0 (Checksum: 1184103255)
[2020.11.20-11.37.09:341][  0]LogAISub: UAISubsystem::UAISubsystem AISubsystem (0000019B87092680), frame # 0
[2020.11.20-11.37.09:341][  0]LogAISub: UAISubsystem::UAISubsystem AIPerceptionSystem (0000019B87031080), frame # 0
[2020.11.20-11.37.09:343][  0]LogAISub: UAISubsystem::UAISubsystem EnvQueryManager (0000019B87079E00), frame # 0
[2020.11.20-11.37.09:394][  0]LogPackageLocalizationCache: Processed 19 localized package path(s) for 1 prioritized culture(s) in 0.045916 seconds
[2020.11.20-11.37.09:399][  0]LogUObjectArray: 15917 objects as part of root set at end of initial load.
[2020.11.20-11.37.09:399][  0]LogUObjectAllocator: 3965568 out of 0 bytes used by permanent object pool.
[2020.11.20-11.37.09:399][  0]LogUObjectArray: CloseDisregardForGC: 0/0 objects in disregard for GC pool
[2020.11.20-11.37.09:720][  0]LogTcpMessaging: Initializing TcpMessaging bridge
[2020.11.20-11.37.09:724][  0]LogUdpMessaging: Initializing bridge on interface 0.0.0.0:0 to multicast group 230.0.0.1:6666.
[2020.11.20-11.37.09:935][  0]SourceControl: Source control is disabled
[2020.11.20-11.37.09:935][  0]SourceControl: Source control is disabled
[2020.11.20-11.37.09:938][  0]SourceControl: Source control is disabled
[2020.11.20-11.37.09:941][  0]SourceControl: Source control is disabled
[2020.11.20-11.37.09:948][  0]SourceControl: Source control is disabled
[2020.11.20-11.37.10:181][  0]LogAndroidPermission: UAndroidPermissionCallbackProxy::GetInstance
[2020.11.20-11.37.10:201][  0]LogAudioCaptureCore: Display: No Audio Capture implementations found. Audio input will be silent.
[2020.11.20-11.37.10:201][  0]LogAudioCaptureCore: Display: No Audio Capture implementations found. Audio input will be silent.
[2020.11.20-11.37.10:249][  0]LogOcInput: OculusInput pre-init called
[2020.11.20-11.37.10:259][  0]LogWindows: Failed to load 'OVRPlugin.dll' (GetLastError=126)
[2020.11.20-11.37.10:259][  0]LogWindows: File 'OVRPlugin.dll' does not exist
[2020.11.20-11.37.10:332][  0]LogEngine: Initializing Engine...
[2020.11.20-11.37.10:333][  0]LogHMD: Failed to initialize OpenVR with code 110
[2020.11.20-11.37.10:333][  0]LogMagicLeap: Warning: VR disabled because ZI is not enabled.  To enable, in the editor, Edit -> Project Settings -> Plugins -> Magic Leap Plugin -> Enable Zero Iteration
[2020.11.20-11.37.10:335][  0]LogStats: UGameplayTagsManager::InitializeManager -  0.000 s
[2020.11.20-11.37.10:452][  0]LogInit: Initializing FReadOnlyCVARCache
[2020.11.20-11.37.10:460][  0]LogAIModule: Creating AISystem for world Untitled
[2020.11.20-11.37.10:460][  0]LogAISub: UAISubsystem::UAISubsystem EnvQueryManager (0000019B8EC79A00), frame # 0
[2020.11.20-11.37.10:460][  0]LogAISub: UAISubsystem::UAISubsystem AIPerceptionSystem (0000019B8EC92980), frame # 0
[2020.11.20-11.37.10:477][  0]LogAudioMixer: Display: Audio Mixer Platform Settings:
[2020.11.20-11.37.10:477][  0]LogAudioMixer: Display: 	Sample Rate:						  48000
[2020.11.20-11.37.10:477][  0]LogAudioMixer: Display: 	Callback Buffer Frame Size Requested: 1024
[2020.11.20-11.37.10:477][  0]LogAudioMixer: Display: 	Callback Buffer Frame Size To Use:	  1024
[2020.11.20-11.37.10:477][  0]LogAudioMixer: Display: 	Number of buffers to queue:			  2
[2020.11.20-11.37.10:477][  0]LogAudioMixer: Display: 	Max Channels (voices):				  32
[2020.11.20-11.37.10:477][  0]LogAudioMixer: Display: 	Number of Async Source Workers:		  0
[2020.11.20-11.37.10:477][  0]LogAudio: Display: AudioDevice MaxSources: 32
[2020.11.20-11.37.10:478][  0]LogAudio: Display: Using built-in audio occlusion.
[2020.11.20-11.37.10:478][  0]LogAudioMixer: Display: Initializing audio mixer.
[2020.11.20-11.37.10:723][  0]LogAudioMixer: Display: 0: FrontLeft
[2020.11.20-11.37.10:723][  0]LogAudioMixer: Display: 1: FrontRight
[2020.11.20-11.37.10:723][  0]LogAudioMixer: Display: 2: FrontCenter
[2020.11.20-11.37.10:723][  0]LogAudioMixer: Display: 3: LowFrequency
[2020.11.20-11.37.10:723][  0]LogAudioMixer: Display: 4: BackLeft
[2020.11.20-11.37.10:723][  0]LogAudioMixer: Display: 5: BackRight
[2020.11.20-11.37.10:723][  0]LogAudioMixer: Display: 6: SideLeft
[2020.11.20-11.37.10:723][  0]LogAudioMixer: Display: 7: SideRight
[2020.11.20-11.37.11:002][  0]LogAudioMixer: Display: Using Audio Device Headphones (Realtek(R) Audio)
[2020.11.20-11.37.11:006][  0]LogAudioMixer: Display: Initializing Sound Submixes...
[2020.11.20-11.37.11:008][  0]LogAudioMixer: Display: Creating Master Submix 'MasterSubmixDefault'
[2020.11.20-11.37.11:008][  0]LogAudioMixer: Display: Creating Master Submix 'MasterReverbSubmixDefault'
[2020.11.20-11.37.11:009][  0]LogAudioMixer: Display: Creating Master Submix 'MasterEQSubmixDefault'
[2020.11.20-11.37.11:010][  0]LogInit: FAudioDevice initialized.
[2020.11.20-11.37.11:010][  0]LogNetVersion: Set ProjectVersion to 1.0.0.0. Version Checksum will be recalculated on next use.
[2020.11.20-11.37.11:068][  0]LogDerivedDataCache: Saved boot cache 0.06s 79MB C:/Users/mxcol/AppData/Local/UnrealEngine/4.25/DerivedDataCache/Boot.ddc.
[2020.11.20-11.37.11:073][  0]LogInit: Texture streaming: Enabled
[2020.11.20-11.37.11:089][  0]LogEngineSessionManager: EngineSessionManager initialized
[2020.11.20-11.37.11:089][  0]LogEngineSessionManager: EngineSessionManager sent abnormal shutdown report. Type=Crashed, SessionId={8E90717D-41F0-F677-D330-EC8BD2A76F2B}
[2020.11.20-11.37.11:089][  0]LogEditorSessionSummary: Verbose: Initializing EditorSessionSummaryWriter for editor session tracking
[2020.11.20-11.37.11:091][  0]LogEditorSessionSummary: EditorSessionSummaryWriter initialized
[2020.11.20-11.37.11:147][  0]LogInit: Transaction tracking system initialized
[2020.11.20-11.37.11:167][  0]BlueprintLog: New page: Editor Load
[2020.11.20-11.37.11:231][  0]LocalizationService: Localization service is disabled
[2020.11.20-11.37.11:387][  0]LogCook: Display: Max memory allowance for cook 16384mb min free memory 0mb
[2020.11.20-11.37.11:388][  0]LogCook: Display: Mobile HDR setting 1
[2020.11.20-11.37.11:413][  0]LogFileCache: Scanning file cache for directory 'C:/Users/mxcol/Documents/Unreal Projects/CPP_TP1_UnrealEngine/TP1_Unreal/Content/' took 0.00s
[2020.11.20-11.37.11:717][  0]SourceControl: Source control is disabled
[2020.11.20-11.37.11:717][  0]LogUnrealEdMisc: Loading editor; pre map load, took 6.468
[2020.11.20-11.37.11:717][  0]Cmd: MAP LOAD FILE="../../../../../../Users/mxcol/Documents/Unreal Projects/CPP_TP1_UnrealEngine/TP1_Unreal/Content/ThirdPersonCPP/Maps/ThirdPersonExampleMap.umap" TEMPLATE=0 SHOWPROGRESS=1 FEATURELEVEL=3
[2020.11.20-11.37.11:717][  0]LightingResults: New page: Lighting Build
[2020.11.20-11.37.11:718][  0]LogWorld: UWorld::CleanupWorld for Untitled, bSessionEnded=true, bCleanupResources=true
[2020.11.20-11.37.11:718][  0]LogSlate: InvalidateAllWidgets triggered.  All widgets were invalidated
[2020.11.20-11.37.11:718][  0]MapCheck: New page: Map Check
[2020.11.20-11.37.11:718][  0]LightingResults: New page: Lighting Build
[2020.11.20-11.37.11:733][  0]LogAISub: UAISubsystem::~UAISubsystem EnvQueryManager (0000019B8EC79A00), frame # 0
[2020.11.20-11.37.11:733][  0]LogAISub: UAISubsystem::~UAISubsystem AIPerceptionSystem (0000019B8EC92980), frame # 0
[2020.11.20-11.37.11:734][  0]LogUObjectHash: Compacting FUObjectHashTables data took   0.85ms
[2020.11.20-11.37.11:858][  0]LogAIModule: Creating AISystem for world ThirdPersonExampleMap
[2020.11.20-11.37.11:859][  0]LogAISub: UAISubsystem::UAISubsystem EnvQueryManager (0000019B81588E00), frame # 0
[2020.11.20-11.37.11:859][  0]LogAISub: UAISubsystem::UAISubsystem AIPerceptionSystem (0000019B9814A700), frame # 0
[2020.11.20-11.37.11:871][  0]LogEditorServer: Finished looking for orphan Actors (0.000 secs)
[2020.11.20-11.37.11:885][  0]LogUObjectHash: Compacting FUObjectHashTables data took   0.85ms
[2020.11.20-11.37.11:885][  0]Cmd: MAP CHECKDEP NOCLEARLOG
[2020.11.20-11.37.11:885][  0]MapCheck: Map check complete: 0 Error(s), 0 Warning(s), took 0,156ms to complete.
[2020.11.20-11.37.11:885][  0]LogFileHelpers: Loading map 'ThirdPersonExampleMap' took 0.167
[2020.11.20-11.37.11:887][  0]LogUnrealEdMisc: Total Editor Startup Time, took 6.638
[2020.11.20-11.37.11:993][  0]LogSlate: Updating window title bar state: overlay mode, drag disabled, window buttons hidden, title bar hidden
[2020.11.20-11.37.12:000][  0]LogSlate: Updating window title bar state: overlay mode, drag disabled, window buttons hidden, title bar hidden
[2020.11.20-11.37.12:007][  0]LogSlate: Updating window title bar state: overlay mode, drag disabled, window buttons hidden, title bar hidden
[2020.11.20-11.37.12:014][  0]LogSlate: Updating window title bar state: overlay mode, drag disabled, window buttons hidden, title bar hidden
[2020.11.20-11.37.12:020][  0]LogCollectionManager: Loaded 0 collections in 0.001588 seconds
[2020.11.20-11.37.12:034][  0]LogFileCache: Scanning file cache for directory 'C:/Users/mxcol/Documents/Unreal Projects/CPP_TP1_UnrealEngine/TP1_Unreal/Saved/Collections/' took 0.00s
[2020.11.20-11.37.12:034][  0]LogFileCache: Scanning file cache for directory 'C:/Users/mxcol/Documents/Unreal Projects/CPP_TP1_UnrealEngine/TP1_Unreal/Content/Developers/mxcol/Collections/' took 0.00s
[2020.11.20-11.37.12:034][  0]LogFileCache: Scanning file cache for directory 'C:/Users/mxcol/Documents/Unreal Projects/CPP_TP1_UnrealEngine/TP1_Unreal/Content/Collections/' took 0.00s
[2020.11.20-11.37.12:034][  0]LogContentBrowser: Native class hierarchy populated in 0.0102 seconds. Added 3434 classes and 823 folders.
[2020.11.20-11.37.12:036][  0]LogContentBrowser: Native class hierarchy updated for 'WidgetCarousel' in 0.0003 seconds. Added 0 classes and 0 folders.
[2020.11.20-11.37.12:081][  0]LogContentBrowser: Native class hierarchy updated for 'AddContentDialog' in 0.0004 seconds. Added 0 classes and 0 folders.
[2020.11.20-11.37.12:082][  0]LogContentBrowser: Native class hierarchy updated for 'SceneOutliner' in 0.0003 seconds. Added 2 classes and 0 folders.
[2020.11.20-11.37.12:629][  0]LogSlate: Took 0.000158 seconds to synchronously load lazily loaded font '../../../Engine/Content/Slate/Fonts/Roboto-Regular.ttf' (155K)
[2020.11.20-11.37.12:631][  0]LogSlate: Took 0.000294 seconds to synchronously load lazily loaded font '../../../Engine/Content/Slate/Fonts/Roboto-Bold.ttf' (160K)
[2020.11.20-11.37.12:635][  0]LogSlate: Took 0.000134 seconds to synchronously load lazily loaded font '../../../Engine/Content/Editor/Slate/Fonts/FontAwesome.ttf' (139K)
[2020.11.20-11.37.12:701][  0]LogRenderer: Reallocating scene render targets to support 1060x572 Format 10 NumSamples 1 (Frame:1).
[2020.11.20-11.37.12:743][  0]LogSlate: Took 0.000128 seconds to synchronously load lazily loaded font '../../../Engine/Content/Slate/Fonts/Roboto-Light.ttf' (167K)
[2020.11.20-11.37.12:797][  0]LogContentBrowser: Native class hierarchy updated for 'HierarchicalLODOutliner' in 0.0004 seconds. Added 0 classes and 0 folders.
[2020.11.20-11.37.12:797][  0]LogLoad: (Engine Initialization) Total time: 7.55 seconds
[2020.11.20-11.37.12:797][  0]LogLoad: (Engine Initialization) Total Blueprint compile time: 0.00 seconds
[2020.11.20-11.37.12:974][  0]LogAssetRegistry: Asset discovery search completed in 4.4229 seconds
[2020.11.20-11.37.12:977][  0]LogCollectionManager: Fixed up redirectors for 0 collections in 0.000002 seconds (updated 0 objects)
[2020.11.20-11.37.12:978][  0]LogContentStreaming: Texture pool size now 1000 MB
[2020.11.20-11.37.14:602][ 93]LogSlate: Took 0.000120 seconds to synchronously load lazily loaded font '../../../Engine/Content/Slate/Fonts/Roboto-Light.ttf' (167K)
[2020.11.20-11.37.14:636][ 93]LogUObjectHash: Compacting FUObjectHashTables data took   0.62ms
[2020.11.20-11.37.14:668][ 93]LogSavePackage: Moving '../../../../../../Users/mxcol/Documents/Unreal Projects/CPP_TP1_UnrealEngine/TP1_Unreal/Saved/ThirdPersonExampleMap82AF52C24B470F0B7CB7A4B14AF95D2F.tmp' to '../../../../../../Users/mxcol/Documents/Unreal Projects/CPP_TP1_UnrealEngine/TP1_Unreal/Content/ThirdPersonCPP/Maps/ThirdPersonExampleMap.umap'
[2020.11.20-11.37.14:837][ 93]LogSavePackage: Moving '../../../../../../Users/mxcol/Documents/Unreal Projects/CPP_TP1_UnrealEngine/TP1_Unreal/Saved/ThirdPersonExampleMap_BuiltData0DE29BA446559759C4109AA8E1FB2E73.tmp' to '../../../../../../Users/mxcol/Documents/Unreal Projects/CPP_TP1_UnrealEngine/TP1_Unreal/Content/ThirdPersonCPP/Maps/ThirdPersonExampleMap_BuiltData.uasset'
[2020.11.20-11.37.14:848][ 93]AssetCheck: New page: Asset Save: multiple assets
[2020.11.20-11.37.14:848][ 93]LogContentValidation: Display: Validating World /Game/ThirdPersonCPP/Maps/ThirdPersonExampleMap.ThirdPersonExampleMap
[2020.11.20-11.37.14:848][ 93]LogContentValidation: Display: Validating MapBuildDataRegistry /Game/ThirdPersonCPP/Maps/ThirdPersonExampleMap_BuiltData.ThirdPersonExampleMap_BuiltData
[2020.11.20-11.37.19:353][361]LogAssetEditorSubsystem: Opening Asset editor for Class /Script/TP1_Unreal.Manager
[2020.11.20-11.38.29:219][539]LogEditorViewport: Clicking on Actor (LMB): StaticMeshActor (Floor)
[2020.11.20-11.38.29:419][546]LogUObjectHash: Compacting FUObjectHashTables data took   0.44ms
[2020.11.20-11.38.29:451][546]LogSavePackage: Moving '../../../../../../Users/mxcol/Documents/Unreal Projects/CPP_TP1_UnrealEngine/TP1_Unreal/Saved/ThirdPersonExampleMapB631643641F8B30E2BCBCA9BE55C240B.tmp' to '../../../../../../Users/mxcol/Documents/Unreal Projects/CPP_TP1_UnrealEngine/TP1_Unreal/Content/ThirdPersonCPP/Maps/ThirdPersonExampleMap.umap'
[2020.11.20-11.38.29:572][546]LogSavePackage: Moving '../../../../../../Users/mxcol/Documents/Unreal Projects/CPP_TP1_UnrealEngine/TP1_Unreal/Saved/ThirdPersonExampleMap_BuiltDataCDC64DD84D396D46D2F587ABAACA1B81.tmp' to '../../../../../../Users/mxcol/Documents/Unreal Projects/CPP_TP1_UnrealEngine/TP1_Unreal/Content/ThirdPersonCPP/Maps/ThirdPersonExampleMap_BuiltData.uasset'
[2020.11.20-11.38.29:582][546]AssetCheck: New page: Asset Save: multiple assets
[2020.11.20-11.38.29:582][546]LogContentValidation: Display: Validating World /Game/ThirdPersonCPP/Maps/ThirdPersonExampleMap.ThirdPersonExampleMap
[2020.11.20-11.38.29:582][546]LogContentValidation: Display: Validating MapBuildDataRegistry /Game/ThirdPersonCPP/Maps/ThirdPersonExampleMap_BuiltData.ThirdPersonExampleMap_BuiltData
[2020.11.20-11.38.30:723][610]Candidate modules for hot reload:
[2020.11.20-11.38.30:723][610]  TP1_Unreal
[2020.11.20-11.38.30:723][610]Launching UnrealBuildTool... [C:/Program Files/Epic Games/UE_4.25/Engine/Binaries/DotNET/UnrealBuildTool.exe  -ModuleWithSuffix=TP1_Unreal,6287 TP1_UnrealEditor Win64 Development -Project="C:/Users/mxcol/Documents/Unreal Projects/CPP_TP1_UnrealEngine/TP1_Unreal/TP1_Unreal.uproject" "C:/Users/mxcol/Documents/Unreal Projects/CPP_TP1_UnrealEngine/TP1_Unreal/TP1_Unreal.uproject"  -IgnoreJunk]
[2020.11.20-11.38.30:725][610]Warning: Starting HotReload took  0.1s.
[2020.11.20-11.38.43:457][365]CompilerResultsLog: New page: Compilation - 20 nov. 2020 à 13:38:43
[2020.11.20-11.38.43:457][365]CompilerResultsLog: Using 'git status' to determine working set for adaptive non-unity build (C:\Users\mxcol\Documents\Unreal Projects\CPP_TP1_UnrealEngine).
[2020.11.20-11.38.43:457][365]CompilerResultsLog: Building TP1_UnrealEditor...
[2020.11.20-11.38.43:457][365]CompilerResultsLog: Using Visual Studio 2019 14.27.29112 toolchain (C:\Program Files (x86)\Microsoft Visual Studio\2019\Community\VC\Tools\MSVC\14.27.29110) and Windows 10.0.18362.0 SDK (C:\Program Files (x86)\Windows Kits\10).
[2020.11.20-11.38.43:457][365]CompilerResultsLog: Distributing 4 actions to XGE
[2020.11.20-11.38.43:457][365]CompilerResultsLog: --------------------Build System Warning---------------------------------------
[2020.11.20-11.38.43:457][365]CompilerResultsLog: License is invalid:
[2020.11.20-11.38.43:457][365]CompilerResultsLog:     License information is invalid. Please try reloading your license file using the Coordinator Monitor application on the Coordinator machine, or reinstall IncrediBuild.
[2020.11.20-11.38.43:457][365]CompilerResultsLog:     This build will run in standalone mode.
[2020.11.20-11.38.43:457][365]CompilerResultsLog: 
[2020.11.20-11.38.43:457][365]CompilerResultsLog: -------------------------------------------------------------------------------
[2020.11.20-11.38.43:457][365]CompilerResultsLog: --------------------Project: Default-------------------------------------------
[2020.11.20-11.38.43:457][365]CompilerResultsLog: TP1_UnrealCharacter.cpp (0:09.78 at +0:00)
[2020.11.20-11.38.43:457][365]CompilerResultsLog: UE4Editor-TP1_Unreal-6287.dll (0:00.64 at +0:09)
[2020.11.20-11.38.43:457][365]CompilerResultsLog:    Cr?ation de la biblioth?que C:\Users\mxcol\Documents\Unreal Projects\CPP_TP1_UnrealEngine\TP1_Unreal\Intermediate\Build\Win64\UE4Editor\Development\TP1_Unreal\UE4Editor-TP1_Unreal-6287.suppressed.lib et de l'objet C:\Users\mxcol\Documents\Unreal Projects\CPP_TP1_UnrealEngine\TP1_Unreal\Intermediate\Build\Win64\UE4Editor\Development\TP1_Unreal\UE4Editor-TP1_Unreal-6287.suppressed.exp
[2020.11.20-11.38.43:457][365]CompilerResultsLog: UE4Editor-TP1_Unreal-6287.lib (0:00.09 at +0:10)
[2020.11.20-11.38.43:457][365]CompilerResultsLog:    Cr?ation de la biblioth?que C:\Users\mxcol\Documents\Unreal Projects\CPP_TP1_UnrealEngine\TP1_Unreal\Intermediate\Build\Win64\UE4Editor\Development\TP1_Unreal\UE4Editor-TP1_Unreal-6287.lib et de l'objet C:\Users\mxcol\Documents\Unreal Projects\CPP_TP1_UnrealEngine\TP1_Unreal\Intermediate\Build\Win64\UE4Editor\Development\TP1_Unreal\UE4Editor-TP1_Unreal-6287.exp
[2020.11.20-11.38.43:457][365]CompilerResultsLog: TP1_UnrealEditor.target (0:00.20 at +0:10)
[2020.11.20-11.38.43:457][365]CompilerResultsLog: ---------------------- Done ----------------------
[2020.11.20-11.38.43:457][365]CompilerResultsLog: 
[2020.11.20-11.38.43:458][365]CompilerResultsLog:     Rebuild All: 1 succeeded, 0 failed, 0 skipped
[2020.11.20-11.38.43:458][365]CompilerResultsLog: 
[2020.11.20-11.38.43:458][365]CompilerResultsLog: 1 build system warning(s):
[2020.11.20-11.38.43:458][365]CompilerResultsLog:    - License is invalid
[2020.11.20-11.38.43:458][365]CompilerResultsLog: 
[2020.11.20-11.38.43:458][365]CompilerResultsLog: Total time in XGE executor: 11,82 seconds
[2020.11.20-11.38.43:458][365]CompilerResultsLog: Total execution time: 12,62 seconds
[2020.11.20-11.38.43:458][365]LogMainFrame: MainFrame: Module compiling took 12.746 seconds
[2020.11.20-11.38.43:488][365]LogContentBrowser: Native class hierarchy updated for 'TP1_Unreal' in 0.0004 seconds. Added 7 classes and 2 folders.
[2020.11.20-11.38.43:489][365]Display: HotReload successful (7 functions remapped  0 scriptstructs remapped)
[2020.11.20-11.38.43:546][365]LogContentBrowser: Native class hierarchy populated in 0.0096 seconds. Added 3434 classes and 823 folders.
[2020.11.20-11.38.43:548][365]Display: HotReload took 12.9s.
[2020.11.20-11.38.45:585][484]LogEditorViewport: Clicking on Actor (LMB): StaticMeshActor (Floor)
[2020.11.20-11.38.45:746][490]LogUObjectHash: Compacting FUObjectHashTables data took   0.68ms
[2020.11.20-11.38.45:775][490]LogSavePackage: Moving '../../../../../../Users/mxcol/Documents/Unreal Projects/CPP_TP1_UnrealEngine/TP1_Unreal/Saved/ThirdPersonExampleMap7B440C3C4457E39FD543719B50B9FEC9.tmp' to '../../../../../../Users/mxcol/Documents/Unreal Projects/CPP_TP1_UnrealEngine/TP1_Unreal/Content/ThirdPersonCPP/Maps/ThirdPersonExampleMap.umap'
[2020.11.20-11.38.45:894][490]LogSavePackage: Moving '../../../../../../Users/mxcol/Documents/Unreal Projects/CPP_TP1_UnrealEngine/TP1_Unreal/Saved/ThirdPersonExampleMap_BuiltData53ECC83940F13CBE34B3A7B1A1233AF7.tmp' to '../../../../../../Users/mxcol/Documents/Unreal Projects/CPP_TP1_UnrealEngine/TP1_Unreal/Content/ThirdPersonCPP/Maps/ThirdPersonExampleMap_BuiltData.uasset'
[2020.11.20-11.38.45:905][490]AssetCheck: New page: Asset Save: multiple assets
[2020.11.20-11.38.45:905][490]LogContentValidation: Display: Validating World /Game/ThirdPersonCPP/Maps/ThirdPersonExampleMap.ThirdPersonExampleMap
[2020.11.20-11.38.45:906][490]LogContentValidation: Display: Validating MapBuildDataRegistry /Game/ThirdPersonCPP/Maps/ThirdPersonExampleMap_BuiltData.ThirdPersonExampleMap_BuiltData
[2020.11.20-11.38.46:732][540]LogTemp: Repeating last play command: Selected Viewport
[2020.11.20-11.38.46:753][540]LogPlayLevel: PlayLevel: No blueprints needed recompiling
[2020.11.20-11.38.46:753][540]PIE: New page: PIE session: ThirdPersonExampleMap (20 nov. 2020 à 13:38:46)
[2020.11.20-11.38.46:754][540]LogOnline: OSS: Creating online subsystem instance for: NULL
[2020.11.20-11.38.46:755][540]LogOnline: OSS: TryLoadSubsystemAndSetDefault: Loaded subsystem for module [NULL]
[2020.11.20-11.38.46:755][540]LogPlayLevel: Creating play world package: /Game/ThirdPersonCPP/Maps/UEDPIE_0_ThirdPersonExampleMap
[2020.11.20-11.38.46:766][540]LogPlayLevel: PIE: StaticDuplicateObject took: (0.011098s)
[2020.11.20-11.38.46:768][540]LogAIModule: Creating AISystem for world ThirdPersonExampleMap
[2020.11.20-11.38.46:768][540]LogAISub: UAISubsystem::UAISubsystem EnvQueryManager (0000019BB15C1400), frame # 1540
[2020.11.20-11.38.46:768][540]LogAISub: UAISubsystem::UAISubsystem AIPerceptionSystem (0000019BB6FFD080), frame # 1540
[2020.11.20-11.38.46:768][540]LogPlayLevel: PIE: World Init took: (0.001725s)
[2020.11.20-11.38.46:768][540]LogPlayLevel: PIE: Created PIE world by copying editor world from /Game/ThirdPersonCPP/Maps/ThirdPersonExampleMap.ThirdPersonExampleMap to /Game/ThirdPersonCPP/Maps/UEDPIE_0_ThirdPersonExampleMap.ThirdPersonExampleMap (0.012987s)
[2020.11.20-11.38.46:782][540]LogUObjectHash: Compacting FUObjectHashTables data took   0.66ms
[2020.11.20-11.38.46:783][540]LogAudioMixer: Display: Audio Mixer Platform Settings:
[2020.11.20-11.38.46:783][540]LogAudioMixer: Display: 	Sample Rate:						  48000
[2020.11.20-11.38.46:783][540]LogAudioMixer: Display: 	Callback Buffer Frame Size Requested: 1024
[2020.11.20-11.38.46:783][540]LogAudioMixer: Display: 	Callback Buffer Frame Size To Use:	  1024
[2020.11.20-11.38.46:783][540]LogAudioMixer: Display: 	Number of buffers to queue:			  2
[2020.11.20-11.38.46:783][540]LogAudioMixer: Display: 	Max Channels (voices):				  32
[2020.11.20-11.38.46:783][540]LogAudioMixer: Display: 	Number of Async Source Workers:		  0
[2020.11.20-11.38.46:783][540]LogAudio: Display: AudioDevice MaxSources: 32
[2020.11.20-11.38.46:784][540]LogAudio: Display: Using built-in audio occlusion.
[2020.11.20-11.38.46:784][540]LogAudioMixer: Display: Initializing audio mixer.
[2020.11.20-11.38.46:787][540]LogAudioMixer: Display: 0: FrontLeft
[2020.11.20-11.38.46:787][540]LogAudioMixer: Display: 1: FrontRight
[2020.11.20-11.38.46:787][540]LogAudioMixer: Display: 2: FrontCenter
[2020.11.20-11.38.46:787][540]LogAudioMixer: Display: 3: LowFrequency
[2020.11.20-11.38.46:787][540]LogAudioMixer: Display: 4: BackLeft
[2020.11.20-11.38.46:787][540]LogAudioMixer: Display: 5: BackRight
[2020.11.20-11.38.46:787][540]LogAudioMixer: Display: 6: SideLeft
[2020.11.20-11.38.46:787][540]LogAudioMixer: Display: 7: SideRight
[2020.11.20-11.38.46:838][540]LogAudioMixer: Display: Using Audio Device Headphones (Realtek(R) Audio)
[2020.11.20-11.38.46:839][540]LogAudioMixer: Display: Initializing Sound Submixes...
[2020.11.20-11.38.46:839][540]LogAudioMixer: Display: Creating Master Submix 'MasterSubmixDefault'
[2020.11.20-11.38.46:839][540]LogAudioMixer: Display: Creating Master Submix 'MasterReverbSubmixDefault'
[2020.11.20-11.38.46:839][540]LogAudioMixer: Display: Creating Master Submix 'MasterEQSubmixDefault'
[2020.11.20-11.38.46:855][540]LogInit: FAudioDevice initialized.
[2020.11.20-11.38.46:863][540]LogLoad: Game class is 'TP1_UnrealGameMode'
[2020.11.20-11.38.46:866][540]LogWorld: Bringing World /Game/ThirdPersonCPP/Maps/UEDPIE_0_ThirdPersonExampleMap.ThirdPersonExampleMap up for play (max tick rate 60) at 2020.11.20-12.38.46
[2020.11.20-11.38.46:866][540]LogWorld: Bringing up level for play took: 0.001668
[2020.11.20-11.38.46:866][540]LogOnline: OSS: Creating online subsystem instance for: :Context_2
[2020.11.20-11.38.46:893][540]LogContentBrowser: Native class hierarchy updated for 'MovieSceneCapture' in 0.0004 seconds. Added 20 classes and 0 folders.
[2020.11.20-11.38.46:893][540]PIE: Server logged in
[2020.11.20-11.38.46:895][540]PIE: Play in editor total start time 0,146 seconds.
[2020.11.20-11.38.49:469][612]LogWindows: Error: === Critical error: ===
[2020.11.20-11.38.49:469][612]LogWindows: Error: 
[2020.11.20-11.38.49:469][612]LogWindows: Error: Fatal error!
[2020.11.20-11.38.49:469][612]LogWindows: Error: 
[2020.11.20-11.38.49:469][612]LogWindows: Error: Unhandled Exception: EXCEPTION_ACCESS_VIOLATION reading address 0x000002e8
[2020.11.20-11.38.49:469][612]LogWindows: Error: 
[2020.11.20-11.38.49:469][612]LogWindows: Error: [Callstack] 0x00007ffb0d3b9809 UE4Editor-TP1_Unreal-6287.dll!ATP1_UnrealCharacter::SpawnBullet() [C:\Users\mxcol\Documents\Unreal Projects\CPP_TP1_UnrealEngine\TP1_Unreal\Source\TP1_Unreal\TP1_UnrealCharacter.cpp:162]
[2020.11.20-11.38.49:469][612]LogWindows: Error: [Callstack] 0x00007ffac93891fa UE4Editor-Engine.dll!UnknownFunction []
[2020.11.20-11.38.49:469][612]LogWindows: Error: [Callstack] 0x00007ffac93b514e UE4Editor-Engine.dll!UnknownFunction []
[2020.11.20-11.38.49:469][612]LogWindows: Error: [Callstack] 0x00007ffac8ebb988 UE4Editor-Engine.dll!UnknownFunction []
[2020.11.20-11.38.49:469][612]LogWindows: Error: [Callstack] 0x00007ffac8ecf1b4 UE4Editor-Engine.dll!UnknownFunction []
[2020.11.20-11.38.49:469][612]LogWindows: Error: [Callstack] 0x00007ffac8eb9a1b UE4Editor-Engine.dll!UnknownFunction []
[2020.11.20-11.38.49:469][612]LogWindows: Error: [Callstack] 0x00007ffac8ecd681 UE4Editor-Engine.dll!UnknownFunction []
[2020.11.20-11.38.49:469][612]LogWindows: Error: [Callstack] 0x00007ffac81a9f84 UE4Editor-Engine.dll!UnknownFunction []
[2020.11.20-11.38.49:470][612]LogWindows: Error: [Callstack] 0x00007ffac926936f UE4Editor-Engine.dll!UnknownFunction []
[2020.11.20-11.38.49:470][612]LogWindows: Error: [Callstack] 0x00007ffac926e3c7 UE4Editor-Engine.dll!UnknownFunction []
[2020.11.20-11.38.49:470][612]LogWindows: Error: [Callstack] 0x00007ffaec3d87d8 UE4Editor-Core.dll!UnknownFunction []
[2020.11.20-11.38.49:470][612]LogWindows: Error: [Callstack] 0x00007ffaec3d8aa3 UE4Editor-Core.dll!UnknownFunction []
[2020.11.20-11.38.49:470][612]LogWindows: Error: [Callstack] 0x00007ffaec3ef027 UE4Editor-Core.dll!UnknownFunction []
[2020.11.20-11.38.49:470][612]LogWindows: Error: [Callstack] 0x00007ffac928a402 UE4Editor-Engine.dll!UnknownFunction []
[2020.11.20-11.38.49:470][612]LogWindows: Error: [Callstack] 0x00007ffac928f6ca UE4Editor-Engine.dll!UnknownFunction []
[2020.11.20-11.38.49:470][612]LogWindows: Error: [Callstack] 0x00007ffac8a4d0bf UE4Editor-Engine.dll!UnknownFunction []
[2020.11.20-11.38.49:470][612]LogWindows: Error: [Callstack] 0x00007ffac8a57957 UE4Editor-Engine.dll!UnknownFunction []
[2020.11.20-11.38.49:470][612]LogWindows: Error: [Callstack] 0x00007ffacf09af57 UE4Editor-UnrealEd.dll!UnknownFunction []
[2020.11.20-11.38.49:470][612]LogWindows: Error: [Callstack] 0x00007ffacf9737e6 UE4Editor-UnrealEd.dll!UnknownFunction []
[2020.11.20-11.38.49:470][612]LogWindows: Error: [Callstack] 0x00007ff722a17800 UE4Editor.exe!UnknownFunction []
[2020.11.20-11.38.49:470][612]LogWindows: Error: [Callstack] 0x00007ff722a2ba7c UE4Editor.exe!UnknownFunction []
[2020.11.20-11.38.49:470][612]LogWindows: Error: [Callstack] 0x00007ff722a2bb5a UE4Editor.exe!UnknownFunction []
[2020.11.20-11.38.49:470][612]LogWindows: Error: [Callstack] 0x00007ff722a3e31d UE4Editor.exe!UnknownFunction []
[2020.11.20-11.38.49:470][612]LogWindows: Error: [Callstack] 0x00007ff722a4145a UE4Editor.exe!UnknownFunction []
[2020.11.20-11.38.49:470][612]LogWindows: Error: [Callstack] 0x00007ffb3ffc7c24 KERNEL32.DLL!UnknownFunction []
[2020.11.20-11.38.49:470][612]LogWindows: Error: [Callstack] 0x00007ffb412ad4d1 ntdll.dll!UnknownFunction []
[2020.11.20-11.38.49:470][612]LogWindows: Error: 
[2020.11.20-11.38.49:487][612]LogExit: Executing StaticShutdownAfterError
[2020.11.20-11.38.49:489][612]LogWindows: FPlatformMisc::RequestExit(1)
[2020.11.20-11.38.49:489][612]LogCore: Engine exit requested (reason: Win RequestExit)
[2020.11.20-11.38.49:500][612]Log file closed, 11/20/20 12:38:49
