Log file open, 11/20/20 03:51:31
LogInit: Display: Running engine for game: TP1_Unreal
LogPlatformFile: Not using cached read wrapper
LogTaskGraph: Started task graph with 5 named threads and 35 total threads with 3 sets of task threads.
LogStats: Stats thread started at 0.305269
LogD3D11RHI: Loaded GFSDK_Aftermath_Lib.x64.dll
LogICUInternationalization: ICU TimeZone Detection - Raw Offset: +1:00, Platform Override: ''
LogPluginManager: Mounting plugin Paper2D
LogPluginManager: Mounting plugin AISupport
LogPluginManager: Mounting plugin LightPropagationVolume
LogPluginManager: Mounting plugin CameraShakePreviewer
LogPluginManager: Mounting plugin ActorLayerUtilities
LogPluginManager: Mounting plugin AnimationSharing
LogPluginManager: Mounting plugin CLionSourceCodeAccess
LogPluginManager: Mounting plugin CodeLiteSourceCodeAccess
LogPluginManager: Mounting plugin GitSourceControl
LogPluginManager: Mounting plugin KDevelopSourceCodeAccess
LogPluginManager: Mounting plugin NullSourceCodeAccess
LogPluginManager: Mounting plugin PerforceSourceControl
LogPluginManager: Mounting plugin PlasticSourceControl
LogPluginManager: Mounting plugin RiderSourceCodeAccess
LogPluginManager: Mounting plugin SubversionSourceControl
LogPluginManager: Mounting plugin UObjectPlugin
LogPluginManager: Mounting plugin VisualStudioCodeSourceCodeAccess
LogPluginManager: Mounting plugin VisualStudioSourceCodeAccess
LogPluginManager: Mounting plugin XCodeSourceCodeAccess
LogPluginManager: Mounting plugin AssetManagerEditor
LogPluginManager: Mounting plugin CryptoKeys
LogPluginManager: Mounting plugin CurveEditorTools
LogPluginManager: Mounting plugin DataValidation
LogPluginManager: Mounting plugin EditorScriptingUtilities
LogPluginManager: Mounting plugin FacialAnimation
LogPluginManager: Mounting plugin GameplayTagsEditor
LogPluginManager: Mounting plugin GeometryMode
LogPluginManager: Mounting plugin MacGraphicsSwitching
LogPluginManager: Mounting plugin MaterialAnalyzer
LogPluginManager: Mounting plugin MobileLauncherProfileWizard
LogPluginManager: Mounting plugin PluginBrowser
LogPluginManager: Mounting plugin SpeedTreeImporter
LogPluginManager: Mounting plugin DatasmithContent
LogPluginManager: Mounting plugin VariantManagerContent
LogPluginManager: Mounting plugin AlembicImporter
LogPluginManager: Mounting plugin AutomationUtils
LogPluginManager: Mounting plugin BackChannel
LogPluginManager: Mounting plugin ChaosCloth
LogPluginManager: Mounting plugin ChaosClothEditor
LogPluginManager: Mounting plugin ChaosEditor
LogPluginManager: Mounting plugin ChaosNiagara
LogPluginManager: Mounting plugin ChaosSolverPlugin
LogPluginManager: Mounting plugin CharacterAI
LogPluginManager: Mounting plugin GeometryCache
LogPluginManager: Mounting plugin GeometryCollectionPlugin
LogPluginManager: Mounting plugin GeometryProcessing
LogPluginManager: Mounting plugin PlanarCut
LogPluginManager: Mounting plugin PlatformCrypto
LogPluginManager: Mounting plugin ProxyLODPlugin
LogPluginManager: Mounting plugin SkeletalReduction
LogPluginManager: Mounting plugin Niagara
LogPluginManager: Mounting plugin MagicLeap
LogPluginManager: Mounting plugin MagicLeapLightEstimation
LogPluginManager: Mounting plugin MagicLeapMedia
LogPluginManager: Mounting plugin MagicLeapPassableWorld
LogPluginManager: Mounting plugin MLSDK
LogPluginManager: Mounting plugin AndroidMedia
LogPluginManager: Mounting plugin AvfMedia
LogPluginManager: Mounting plugin ImgMedia
LogPluginManager: Mounting plugin MediaCompositing
LogPluginManager: Mounting plugin MediaPlayerEditor
LogPluginManager: Mounting plugin WebMMedia
LogPluginManager: Mounting plugin WmfMedia
LogPluginManager: Mounting plugin MeshPainting
LogPluginManager: Mounting plugin TcpMessaging
LogPluginManager: Mounting plugin UdpMessaging
LogPluginManager: Mounting plugin ActorSequence
LogPluginManager: Mounting plugin LevelSequenceEditor
LogPluginManager: Mounting plugin MatineeToLevelSequence
LogPluginManager: Mounting plugin MovieRenderPipeline
LogPluginManager: Mounting plugin TemplateSequence
LogPluginManager: Mounting plugin NetcodeUnitTest
LogPluginManager: Mounting plugin NUTUnrealEngine4
LogPluginManager: Mounting plugin OnlineSubsystemGooglePlay
LogPluginManager: Mounting plugin OnlineSubsystemIOS
LogPluginManager: Mounting plugin OnlineSubsystem
LogPluginManager: Mounting plugin OnlineSubsystemNull
LogPluginManager: Mounting plugin OnlineSubsystemUtils
LogPluginManager: Mounting plugin LauncherChunkInstaller
LogPluginManager: Mounting plugin AndroidDeviceProfileSelector
LogPluginManager: Mounting plugin AndroidMoviePlayer
LogPluginManager: Mounting plugin AndroidPermission
LogPluginManager: Mounting plugin AppleImageUtils
LogPluginManager: Mounting plugin AppleMoviePlayer
LogPluginManager: Mounting plugin ArchVisCharacter
LogPluginManager: Mounting plugin AssetTags
LogPluginManager: Mounting plugin AudioCapture
LogPluginManager: Mounting plugin CableComponent
LogPluginManager: Mounting plugin CustomMeshComponent
LogPluginManager: Mounting plugin EditableMesh
LogPluginManager: Mounting plugin ExampleDeviceProfileSelector
LogPluginManager: Mounting plugin GoogleCloudMessaging
LogPluginManager: Mounting plugin GooglePAD
LogPluginManager: Mounting plugin IOSDeviceProfileSelector
LogPluginManager: Mounting plugin LinuxDeviceProfileSelector
LogPluginManager: Mounting plugin LocationServicesBPLibrary
LogPluginManager: Mounting plugin MobilePatchingUtils
LogPluginManager: Mounting plugin OculusVR
LogPluginManager: Mounting plugin PhysXVehicles
LogPluginManager: Mounting plugin PostSplashScreen
LogPluginManager: Mounting plugin ProceduralMeshComponent
LogPluginManager: Mounting plugin RuntimePhysXCooking
LogPluginManager: Mounting plugin SignificanceManager
LogPluginManager: Mounting plugin SoundFields
LogPluginManager: Mounting plugin SteamVR
LogPluginManager: Mounting plugin Synthesis
LogPluginManager: Mounting plugin WebMMoviePlayer
LogPluginManager: Mounting plugin WindowsMoviePlayer
LogPluginManager: Mounting plugin ScreenshotTools
LogInit: Using libcurl 7.55.1-DEV
LogInit:  - built for x86_64-pc-win32
LogInit:  - supports SSL with OpenSSL/1.1.1
LogInit:  - supports HTTP deflate (compression) using libz 1.2.8
LogInit:  - other features:
LogInit:      CURL_VERSION_SSL
LogInit:      CURL_VERSION_LIBZ
LogInit:      CURL_VERSION_IPV6
LogInit:      CURL_VERSION_ASYNCHDNS
LogInit:      CURL_VERSION_LARGEFILE
LogInit:      CURL_VERSION_IDN
LogInit:  CurlRequestOptions (configurable via config and command line):
LogInit:  - bVerifyPeer = true  - Libcurl will verify peer certificate
LogInit:  - bUseHttpProxy = false  - Libcurl will NOT use HTTP proxy
LogInit:  - bDontReuseConnections = false  - Libcurl will reuse connections
LogInit:  - MaxHostConnections = 16  - Libcurl will limit the number of connections to a host
LogInit:  - LocalHostAddr = Default
LogInit:  - BufferSize = 65536
LogOnline: OSS: Creating online subsystem instance for: NULL
LogInit: WinSock: version 1.1 (2.2), MaxSocks=32767, MaxUdp=65467
LogOnline: OSS: TryLoadSubsystemAndSetDefault: Loaded subsystem for module [NULL]
LogInit: Build: ++UE4+Release-4.25-CL-14469661
LogInit: Engine Version: 4.25.4-14469661+++UE4+Release-4.25
LogInit: Compatible Engine Version: 4.25.0-13144385+++UE4+Release-4.25
LogInit: Net CL: 13144385
LogInit: OS: Windows 10 (Release 1909) (), CPU: Intel(R) Core(TM) i7-10750H CPU @ 2.60GHz, GPU: Intel(R) UHD Graphics
LogInit: Compiled (64-bit): Oct 11 2020 08:10:49
LogInit: Compiled with Visual C++: 19.24.28315.00
LogInit: Build Configuration: Development
LogInit: Branch Name: ++UE4+Release-4.25
LogInit: Command Line: 
LogInit: Base Directory: C:/Program Files/Epic Games/UE_4.25/Engine/Binaries/Win64/
LogInit: Allocator: TBB
LogInit: Installed Engine Build: 1
LogDevObjectVersion: Number of dev versions registered: 26
LogDevObjectVersion:   Dev-Blueprints (B0D832E4-1F89-4F0D-ACCF-7EB736FD4AA2): 10
LogDevObjectVersion:   Dev-Build (E1C64328-A22C-4D53-A36C-8E866417BD8C): 0
LogDevObjectVersion:   Dev-Core (375EC13C-06E4-48FB-B500-84F0262A717E): 4
LogDevObjectVersion:   Dev-Editor (E4B068ED-F494-42E9-A231-DA0B2E46BB41): 38
LogDevObjectVersion:   Dev-Framework (CFFC743F-43B0-4480-9391-14DF171D2073): 37
LogDevObjectVersion:   Dev-Mobile (B02B49B5-BB20-44E9-A304-32B752E40360): 2
LogDevObjectVersion:   Dev-Networking (A4E4105C-59A1-49B5-A7C5-40C4547EDFEE): 0
LogDevObjectVersion:   Dev-Online (39C831C9-5AE6-47DC-9A44-9C173E1C8E7C): 0
LogDevObjectVersion:   Dev-Physics (78F01B33-EBEA-4F98-B9B4-84EACCB95AA2): 4
LogDevObjectVersion:   Dev-Platform (6631380F-2D4D-43E0-8009-CF276956A95A): 0
LogDevObjectVersion:   Dev-Rendering (12F88B9F-8875-4AFC-A67C-D90C383ABD29): 43
LogDevObjectVersion:   Dev-Sequencer (7B5AE74C-D270-4C10-A958-57980B212A5A): 12
LogDevObjectVersion:   Dev-VR (D7296918-1DD6-4BDD-9DE2-64A83CC13884): 3
LogDevObjectVersion:   Dev-LoadTimes (C2A15278-BFE7-4AFE-6C17-90FF531DF755): 1
LogDevObjectVersion:   Private-Geometry (6EACA3D4-40EC-4CC1-B786-8BED09428FC5): 3
LogDevObjectVersion:   Dev-AnimPhys (29E575DD-E0A3-4627-9D10-D276232CDCEA): 17
LogDevObjectVersion:   Dev-Anim (AF43A65D-7FD3-4947-9873-3E8ED9C1BB05): 7
LogDevObjectVersion:   Dev-ReflectionCapture (6B266CEC-1EC7-4B8F-A30B-E4D90942FC07): 1
LogDevObjectVersion:   Dev-Automation (0DF73D61-A23F-47EA-B727-89E90C41499A): 1
LogDevObjectVersion:   FortniteMain (601D1886-AC64-4F84-AA16-D3DE0DEAC7D6): 31
LogDevObjectVersion:   Dev-Enterprise (9DFFBCD6-494F-0158-E221-12823C92A888): 10
LogDevObjectVersion:   Dev-Niagara (F2AED0AC-9AFE-416F-8664-AA7FFA26D6FC): 1
LogDevObjectVersion:   Dev-Destruction (174F1F0B-B4C6-45A5-B13F-2EE8D0FB917D): 10
LogDevObjectVersion:   Dev-Physics-Ext (35F94A83-E258-406C-A318-09F59610247C): 37
LogDevObjectVersion:   Dev-PhysicsMaterial-Chaos (B68FC16E-8B1B-42E2-B453-215C058844FE): 1
LogDevObjectVersion:   Dev-CineCamera (B2E18506-4273-CFC2-A54E-F4BB758BBA07): 1
LogInit: Presizing for max 25165824 objects, including 0 objects not considered by GC, pre-allocating 0 bytes for permanent pool.
LogConfig: Applying CVar settings from Section [/Script/Engine.StreamingSettings] File [C:/Users/mxcol/Documents/Unreal Projects/CPP_TP1_UnrealEngine/TP1_Unreal/Saved/Config/Windows/Engine.ini]
LogConfig: Setting CVar [[s.MinBulkDataSizeForAsyncLoading:131072]]
LogConfig: Setting CVar [[s.AsyncLoadingThreadEnabled:0]]
LogConfig: Setting CVar [[s.EventDrivenLoaderEnabled:1]]
LogConfig: Setting CVar [[s.WarnIfTimeLimitExceeded:0]]
LogConfig: Setting CVar [[s.TimeLimitExceededMultiplier:1.5]]
LogConfig: Setting CVar [[s.TimeLimitExceededMinTime:0.005]]
LogConfig: Setting CVar [[s.UseBackgroundLevelStreaming:1]]
LogConfig: Setting CVar [[s.PriorityAsyncLoadingExtraTime:15.0]]
LogConfig: Setting CVar [[s.LevelStreamingActorsUpdateTimeLimit:5.0]]
LogConfig: Setting CVar [[s.PriorityLevelStreamingActorsUpdateExtraTime:5.0]]
LogConfig: Setting CVar [[s.LevelStreamingComponentsRegistrationGranularity:10]]
LogConfig: Setting CVar [[s.UnregisterComponentsTimeLimit:1.0]]
LogConfig: Setting CVar [[s.LevelStreamingComponentsUnregistrationGranularity:5]]
LogConfig: Setting CVar [[s.FlushStreamingOnExit:1]]
LogInit: Object subsystem initialized
LogConfig: Setting CVar [[con.DebugEarlyDefault:1]]
LogConfig: Setting CVar [[r.setres:1280x720]]
[2020.11.20-02.51.31:823][  0]LogConfig: Setting CVar [[r.VSync:0]]
[2020.11.20-02.51.31:823][  0]LogConfig: Setting CVar [[r.RHICmdBypass:0]]
[2020.11.20-02.51.31:823][  0]LogConfig: Applying CVar settings from Section [/Script/Engine.RendererSettings] File [C:/Users/mxcol/Documents/Unreal Projects/CPP_TP1_UnrealEngine/TP1_Unreal/Saved/Config/Windows/Engine.ini]
[2020.11.20-02.51.31:823][  0]LogConfig: Setting CVar [[r.GPUCrashDebugging:0]]
[2020.11.20-02.51.31:823][  0]LogConfig: Applying CVar settings from Section [/Script/Engine.RendererOverrideSettings] File [C:/Users/mxcol/Documents/Unreal Projects/CPP_TP1_UnrealEngine/TP1_Unreal/Saved/Config/Windows/Engine.ini]
[2020.11.20-02.51.31:823][  0]LogConfig: Applying CVar settings from Section [/Script/Engine.StreamingSettings] File [C:/Users/mxcol/Documents/Unreal Projects/CPP_TP1_UnrealEngine/TP1_Unreal/Saved/Config/Windows/Engine.ini]
[2020.11.20-02.51.31:823][  0]LogConfig: Setting CVar [[s.MinBulkDataSizeForAsyncLoading:131072]]
[2020.11.20-02.51.31:823][  0]LogConfig: Setting CVar [[s.AsyncLoadingThreadEnabled:0]]
[2020.11.20-02.51.31:823][  0]LogConfig: Setting CVar [[s.EventDrivenLoaderEnabled:1]]
[2020.11.20-02.51.31:823][  0]LogConfig: Setting CVar [[s.WarnIfTimeLimitExceeded:0]]
[2020.11.20-02.51.31:823][  0]LogConfig: Setting CVar [[s.TimeLimitExceededMultiplier:1.5]]
[2020.11.20-02.51.31:823][  0]LogConfig: Setting CVar [[s.TimeLimitExceededMinTime:0.005]]
[2020.11.20-02.51.31:823][  0]LogConfig: Setting CVar [[s.UseBackgroundLevelStreaming:1]]
[2020.11.20-02.51.31:823][  0]LogConfig: Setting CVar [[s.PriorityAsyncLoadingExtraTime:15.0]]
[2020.11.20-02.51.31:823][  0]LogConfig: Setting CVar [[s.LevelStreamingActorsUpdateTimeLimit:5.0]]
[2020.11.20-02.51.31:823][  0]LogConfig: Setting CVar [[s.PriorityLevelStreamingActorsUpdateExtraTime:5.0]]
[2020.11.20-02.51.31:823][  0]LogConfig: Setting CVar [[s.LevelStreamingComponentsRegistrationGranularity:10]]
[2020.11.20-02.51.31:823][  0]LogConfig: Setting CVar [[s.UnregisterComponentsTimeLimit:1.0]]
[2020.11.20-02.51.31:823][  0]LogConfig: Setting CVar [[s.LevelStreamingComponentsUnregistrationGranularity:5]]
[2020.11.20-02.51.31:823][  0]LogConfig: Setting CVar [[s.FlushStreamingOnExit:1]]
[2020.11.20-02.51.31:823][  0]LogConfig: Applying CVar settings from Section [/Script/Engine.GarbageCollectionSettings] File [C:/Users/mxcol/Documents/Unreal Projects/CPP_TP1_UnrealEngine/TP1_Unreal/Saved/Config/Windows/Engine.ini]
[2020.11.20-02.51.31:823][  0]LogConfig: Setting CVar [[gc.MaxObjectsNotConsideredByGC:1]]
[2020.11.20-02.51.31:823][  0]LogConfig: Setting CVar [[gc.SizeOfPermanentObjectPool:0]]
[2020.11.20-02.51.31:823][  0]LogConfig: Setting CVar [[gc.FlushStreamingOnGC:0]]
[2020.11.20-02.51.31:823][  0]LogConfig: Setting CVar [[gc.NumRetriesBeforeForcingGC:10]]
[2020.11.20-02.51.31:823][  0]LogConfig: Setting CVar [[gc.AllowParallelGC:1]]
[2020.11.20-02.51.31:823][  0]LogConfig: Setting CVar [[gc.TimeBetweenPurgingPendingKillObjects:61.1]]
[2020.11.20-02.51.31:823][  0]LogConfig: Setting CVar [[gc.MaxObjectsInEditor:25165824]]
[2020.11.20-02.51.31:823][  0]LogConfig: Setting CVar [[gc.IncrementalBeginDestroyEnabled:1]]
[2020.11.20-02.51.31:823][  0]LogConfig: Setting CVar [[gc.CreateGCClusters:1]]
[2020.11.20-02.51.31:823][  0]LogConfig: Setting CVar [[gc.MinGCClusterSize:5]]
[2020.11.20-02.51.31:823][  0]LogConfig: Setting CVar [[gc.ActorClusteringEnabled:0]]
[2020.11.20-02.51.31:823][  0]LogConfig: Setting CVar [[gc.BlueprintClusteringEnabled:0]]
[2020.11.20-02.51.31:823][  0]LogConfig: Setting CVar [[gc.UseDisregardForGCOnDedicatedServers:0]]
[2020.11.20-02.51.31:823][  0]LogConfig: Applying CVar settings from Section [/Script/Engine.NetworkSettings] File [C:/Users/mxcol/Documents/Unreal Projects/CPP_TP1_UnrealEngine/TP1_Unreal/Saved/Config/Windows/Engine.ini]
[2020.11.20-02.51.31:823][  0]LogConfig: Applying CVar settings from Section [/Script/UnrealEd.CookerSettings] File [C:/Users/mxcol/Documents/Unreal Projects/CPP_TP1_UnrealEngine/TP1_Unreal/Saved/Config/Windows/Engine.ini]
[2020.11.20-02.51.31:827][  0]LogConfig: Applying CVar settings from Section [ViewDistanceQuality@3] File [C:/Users/mxcol/Documents/Unreal Projects/CPP_TP1_UnrealEngine/TP1_Unreal/Saved/Config/Windows/Scalability.ini]
[2020.11.20-02.51.31:827][  0]LogConfig: Setting CVar [[r.SkeletalMeshLODBias:0]]
[2020.11.20-02.51.31:827][  0]LogConfig: Setting CVar [[r.ViewDistanceScale:1.0]]
[2020.11.20-02.51.31:827][  0]LogConfig: Applying CVar settings from Section [AntiAliasingQuality@3] File [C:/Users/mxcol/Documents/Unreal Projects/CPP_TP1_UnrealEngine/TP1_Unreal/Saved/Config/Windows/Scalability.ini]
[2020.11.20-02.51.31:827][  0]LogConfig: Setting CVar [[r.PostProcessAAQuality:4]]
[2020.11.20-02.51.31:827][  0]LogConfig: Applying CVar settings from Section [ShadowQuality@3] File [C:/Users/mxcol/Documents/Unreal Projects/CPP_TP1_UnrealEngine/TP1_Unreal/Saved/Config/Windows/Scalability.ini]
[2020.11.20-02.51.31:827][  0]LogConfig: Setting CVar [[r.LightFunctionQuality:1]]
[2020.11.20-02.51.31:827][  0]LogConfig: Setting CVar [[r.ShadowQuality:5]]
[2020.11.20-02.51.31:827][  0]LogConfig: Setting CVar [[r.Shadow.CSM.MaxCascades:10]]
[2020.11.20-02.51.31:827][  0]LogConfig: Setting CVar [[r.Shadow.MaxResolution:2048]]
[2020.11.20-02.51.31:827][  0]LogConfig: Setting CVar [[r.Shadow.MaxCSMResolution:2048]]
[2020.11.20-02.51.31:827][  0]LogConfig: Setting CVar [[r.Shadow.RadiusThreshold:0.01]]
[2020.11.20-02.51.31:827][  0]LogConfig: Setting CVar [[r.Shadow.DistanceScale:1.0]]
[2020.11.20-02.51.31:827][  0]LogConfig: Setting CVar [[r.Shadow.CSM.TransitionScale:1.0]]
[2020.11.20-02.51.31:827][  0]LogConfig: Setting CVar [[r.Shadow.PreShadowResolutionFactor:1.0]]
[2020.11.20-02.51.31:827][  0]LogConfig: Setting CVar [[r.DistanceFieldShadowing:1]]
[2020.11.20-02.51.31:827][  0]LogConfig: Setting CVar [[r.DistanceFieldAO:1]]
[2020.11.20-02.51.31:827][  0]LogConfig: Setting CVar [[r.AOQuality:2]]
[2020.11.20-02.51.31:827][  0]LogConfig: Setting CVar [[r.VolumetricFog:1]]
[2020.11.20-02.51.31:827][  0]LogConfig: Setting CVar [[r.VolumetricFog.GridPixelSize:8]]
[2020.11.20-02.51.31:827][  0]LogConfig: Setting CVar [[r.VolumetricFog.GridSizeZ:128]]
[2020.11.20-02.51.31:827][  0]LogConfig: Setting CVar [[r.VolumetricFog.HistoryMissSupersampleCount:4]]
[2020.11.20-02.51.31:827][  0]LogConfig: Setting CVar [[r.LightMaxDrawDistanceScale:1]]
[2020.11.20-02.51.31:827][  0]LogConfig: Setting CVar [[r.CapsuleShadows:1]]
[2020.11.20-02.51.31:827][  0]LogConfig: Applying CVar settings from Section [PostProcessQuality@3] File [C:/Users/mxcol/Documents/Unreal Projects/CPP_TP1_UnrealEngine/TP1_Unreal/Saved/Config/Windows/Scalability.ini]
[2020.11.20-02.51.31:827][  0]LogConfig: Setting CVar [[r.MotionBlurQuality:4]]
[2020.11.20-02.51.31:827][  0]LogConfig: Setting CVar [[r.AmbientOcclusionMipLevelFactor:0.4]]
[2020.11.20-02.51.31:827][  0]LogConfig: Setting CVar [[r.AmbientOcclusionMaxQuality:100]]
[2020.11.20-02.51.31:827][  0]LogConfig: Setting CVar [[r.AmbientOcclusionLevels:-1]]
[2020.11.20-02.51.31:827][  0]LogConfig: Setting CVar [[r.AmbientOcclusionRadiusScale:1.0]]
[2020.11.20-02.51.31:827][  0]LogConfig: Setting CVar [[r.DepthOfFieldQuality:2]]
[2020.11.20-02.51.31:827][  0]LogConfig: Setting CVar [[r.RenderTargetPoolMin:400]]
[2020.11.20-02.51.31:827][  0]LogConfig: Setting CVar [[r.LensFlareQuality:2]]
[2020.11.20-02.51.31:827][  0]LogConfig: Setting CVar [[r.SceneColorFringeQuality:1]]
[2020.11.20-02.51.31:827][  0]LogConfig: Setting CVar [[r.EyeAdaptationQuality:2]]
[2020.11.20-02.51.31:827][  0]LogConfig: Setting CVar [[r.BloomQuality:5]]
[2020.11.20-02.51.31:827][  0]LogConfig: Setting CVar [[r.FastBlurThreshold:100]]
[2020.11.20-02.51.31:827][  0]LogConfig: Setting CVar [[r.Upscale.Quality:3]]
[2020.11.20-02.51.31:827][  0]LogConfig: Setting CVar [[r.Tonemapper.GrainQuantization:1]]
[2020.11.20-02.51.31:827][  0]LogConfig: Setting CVar [[r.LightShaftQuality:1]]
[2020.11.20-02.51.31:827][  0]LogConfig: Setting CVar [[r.Filter.SizeScale:1]]
[2020.11.20-02.51.31:827][  0]LogConfig: Setting CVar [[r.Tonemapper.Quality:5]]
[2020.11.20-02.51.31:828][  0]LogConfig: Setting CVar [[r.DOF.Gather.AccumulatorQuality:1        ; higher gathering accumulator quality]]
[2020.11.20-02.51.31:828][  0]LogConfig: Setting CVar [[r.DOF.Gather.PostfilterMethod:1          ; Median3x3 postfilering method]]
[2020.11.20-02.51.31:828][  0]LogConfig: Setting CVar [[r.DOF.Gather.EnableBokehSettings:0       ; no bokeh simulation when gathering]]
[2020.11.20-02.51.31:828][  0]LogConfig: Setting CVar [[r.DOF.Gather.RingCount:4                 ; medium number of samples when gathering]]
[2020.11.20-02.51.31:828][  0]LogConfig: Setting CVar [[r.DOF.Scatter.ForegroundCompositing:1    ; additive foreground scattering]]
[2020.11.20-02.51.31:828][  0]LogConfig: Setting CVar [[r.DOF.Scatter.BackgroundCompositing:2    ; additive background scattering]]
[2020.11.20-02.51.31:828][  0]LogConfig: Setting CVar [[r.DOF.Scatter.EnableBokehSettings:1      ; bokeh simulation when scattering]]
[2020.11.20-02.51.31:828][  0]LogConfig: Setting CVar [[r.DOF.Scatter.MaxSpriteRatio:0.1         ; only a maximum of 10% of scattered bokeh]]
[2020.11.20-02.51.31:828][  0]LogConfig: Setting CVar [[r.DOF.Recombine.Quality:1                ; cheap slight out of focus]]
[2020.11.20-02.51.31:828][  0]LogConfig: Setting CVar [[r.DOF.Recombine.EnableBokehSettings:0    ; no bokeh simulation on slight out of focus]]
[2020.11.20-02.51.31:828][  0]LogConfig: Setting CVar [[r.DOF.TemporalAAQuality:1                ; more stable temporal accumulation]]
[2020.11.20-02.51.31:828][  0]LogConfig: Setting CVar [[r.DOF.Kernel.MaxForegroundRadius:0.025]]
[2020.11.20-02.51.31:828][  0]LogConfig: Setting CVar [[r.DOF.Kernel.MaxBackgroundRadius:0.025]]
[2020.11.20-02.51.31:828][  0]LogConfig: Applying CVar settings from Section [TextureQuality@3] File [C:/Users/mxcol/Documents/Unreal Projects/CPP_TP1_UnrealEngine/TP1_Unreal/Saved/Config/Windows/Scalability.ini]
[2020.11.20-02.51.31:828][  0]LogConfig: Setting CVar [[r.Streaming.MipBias:0]]
[2020.11.20-02.51.31:828][  0]LogConfig: Setting CVar [[r.Streaming.AmortizeCPUToGPUCopy:0]]
[2020.11.20-02.51.31:828][  0]LogConfig: Setting CVar [[r.Streaming.MaxNumTexturesToStreamPerFrame:0]]
[2020.11.20-02.51.31:828][  0]LogConfig: Setting CVar [[r.Streaming.Boost:1]]
[2020.11.20-02.51.31:828][  0]LogConfig: Setting CVar [[r.MaxAnisotropy:8]]
[2020.11.20-02.51.31:828][  0]LogConfig: Setting CVar [[r.VT.MaxAnisotropy:8]]
[2020.11.20-02.51.31:828][  0]LogConfig: Setting CVar [[r.Streaming.LimitPoolSizeToVRAM:0]]
[2020.11.20-02.51.31:828][  0]LogConfig: Setting CVar [[r.Streaming.PoolSize:1000]]
[2020.11.20-02.51.31:828][  0]LogConfig: Setting CVar [[r.Streaming.MaxEffectiveScreenSize:0]]
[2020.11.20-02.51.31:828][  0]LogConfig: Applying CVar settings from Section [EffectsQuality@3] File [C:/Users/mxcol/Documents/Unreal Projects/CPP_TP1_UnrealEngine/TP1_Unreal/Saved/Config/Windows/Scalability.ini]
[2020.11.20-02.51.31:828][  0]LogConfig: Setting CVar [[r.TranslucencyLightingVolumeDim:64]]
[2020.11.20-02.51.31:828][  0]LogConfig: Setting CVar [[r.RefractionQuality:2]]
[2020.11.20-02.51.31:828][  0]LogConfig: Setting CVar [[r.SSR.Quality:3]]
[2020.11.20-02.51.31:828][  0]LogConfig: Setting CVar [[r.SSR.HalfResSceneColor:0]]
[2020.11.20-02.51.31:828][  0]LogConfig: Setting CVar [[r.SceneColorFormat:4]]
[2020.11.20-02.51.31:828][  0]LogConfig: Setting CVar [[r.DetailMode:2]]
[2020.11.20-02.51.31:828][  0]LogConfig: Setting CVar [[r.TranslucencyVolumeBlur:1]]
[2020.11.20-02.51.31:828][  0]LogConfig: Setting CVar [[r.MaterialQualityLevel:1 ; High quality]]
[2020.11.20-02.51.31:828][  0]LogConfig: Setting CVar [[r.SSS.Scale:1]]
[2020.11.20-02.51.31:828][  0]LogConfig: Setting CVar [[r.SSS.SampleSet:2]]
[2020.11.20-02.51.31:828][  0]LogConfig: Setting CVar [[r.SSS.Quality:1]]
[2020.11.20-02.51.31:828][  0]LogConfig: Setting CVar [[r.SSS.HalfRes:0]]
[2020.11.20-02.51.31:828][  0]LogConfig: Setting CVar [[r.SSGI.Quality:3]]
[2020.11.20-02.51.31:828][  0]LogConfig: Setting CVar [[r.EmitterSpawnRateScale:1.0]]
[2020.11.20-02.51.31:828][  0]LogConfig: Setting CVar [[r.ParticleLightQuality:2]]
[2020.11.20-02.51.31:828][  0]LogConfig: Setting CVar [[r.SkyAtmosphere.AerialPerspectiveLUT.FastApplyOnOpaque:1 ; Always have FastSkyLUT 1 in this case to avoid wrong sky]]
[2020.11.20-02.51.31:828][  0]LogConfig: Setting CVar [[r.SkyAtmosphere.AerialPerspectiveLUT.SampleCountPerSlice:1]]
[2020.11.20-02.51.31:828][  0]LogConfig: Setting CVar [[r.SkyAtmosphere.AerialPerspectiveLUT.DepthResolution:16.0]]
[2020.11.20-02.51.31:828][  0]LogConfig: Setting CVar [[r.SkyAtmosphere.FastSkyLUT:1]]
[2020.11.20-02.51.31:828][  0]LogConfig: Setting CVar [[r.SkyAtmosphere.FastSkyLUT.SampleCountMin:4.0]]
[2020.11.20-02.51.31:828][  0]LogConfig: Setting CVar [[r.SkyAtmosphere.FastSkyLUT.SampleCountMax:32.0]]
[2020.11.20-02.51.31:828][  0]LogConfig: Setting CVar [[r.SkyAtmosphere.SampleCountMin:4.0]]
[2020.11.20-02.51.31:828][  0]LogConfig: Setting CVar [[r.SkyAtmosphere.SampleCountMax:32.0]]
[2020.11.20-02.51.31:828][  0]LogConfig: Setting CVar [[r.SkyAtmosphere.TransmittanceLUT.UseSmallFormat:0]]
[2020.11.20-02.51.31:828][  0]LogConfig: Setting CVar [[r.SkyAtmosphere.TransmittanceLUT.SampleCount:10.0]]
[2020.11.20-02.51.31:828][  0]LogConfig: Setting CVar [[r.SkyAtmosphere.MultiScatteringLUT.SampleCount:15.0]]
[2020.11.20-02.51.31:828][  0]LogConfig: Applying CVar settings from Section [FoliageQuality@3] File [C:/Users/mxcol/Documents/Unreal Projects/CPP_TP1_UnrealEngine/TP1_Unreal/Saved/Config/Windows/Scalability.ini]
[2020.11.20-02.51.31:828][  0]LogConfig: Setting CVar [[foliage.DensityScale:1.0]]
[2020.11.20-02.51.31:828][  0]LogConfig: Setting CVar [[grass.DensityScale:1.0]]
[2020.11.20-02.51.31:828][  0]LogConfig: Applying CVar settings from Section [ShadingQuality@3] File [C:/Users/mxcol/Documents/Unreal Projects/CPP_TP1_UnrealEngine/TP1_Unreal/Saved/Config/Windows/Scalability.ini]
[2020.11.20-02.51.31:828][  0]LogConfig: Setting CVar [[r.HairStrands.SkyLighting.SampleCount:16]]
[2020.11.20-02.51.31:828][  0]LogConfig: Setting CVar [[r.HairStrands.SkyLighting.JitterIntegration:0]]
[2020.11.20-02.51.31:828][  0]LogConfig: Setting CVar [[r.HairStrands.SkyAO.SampleCount:16]]
[2020.11.20-02.51.31:828][  0]LogConfig: Setting CVar [[r.HairStrands.DeepShadow.SuperSampling:0]]
[2020.11.20-02.51.31:828][  0]LogConfig: Setting CVar [[r.HairStrands.VisibilityPPLL:0]]
[2020.11.20-02.51.31:828][  0]LogConfig: Setting CVar [[r.HairStrands.RasterizationScale:0.5]]
[2020.11.20-02.51.31:828][  0]LogConfig: Setting CVar [[r.HairStrands.VelocityRasterizationScale:1]]
[2020.11.20-02.51.31:828][  0]LogInit: Selected Device Profile: [Windows]
[2020.11.20-02.51.31:828][  0]LogInit: Applying CVar settings loaded from the selected device profile: [Windows]
[2020.11.20-02.51.31:830][  0]LogHAL: Display: Platform has ~ 16 GB [16954834944 / 17179869184 / 16], which maps to Larger [LargestMinGB=32, LargerMinGB=12, DefaultMinGB=8, SmallerMinGB=6, SmallestMinGB=0)
[2020.11.20-02.51.31:830][  0]LogInit: Going up to parent DeviceProfile []
[2020.11.20-02.51.31:830][  0]LogConfig: Applying CVar settings from Section [ViewDistanceQuality@3] File [C:/Users/mxcol/Documents/Unreal Projects/CPP_TP1_UnrealEngine/TP1_Unreal/Saved/Config/Windows/Scalability.ini]
[2020.11.20-02.51.31:830][  0]LogConfig: Setting CVar [[r.SkeletalMeshLODBias:0]]
[2020.11.20-02.51.31:830][  0]LogConfig: Setting CVar [[r.ViewDistanceScale:1.0]]
[2020.11.20-02.51.31:830][  0]LogConfig: Applying CVar settings from Section [AntiAliasingQuality@3] File [C:/Users/mxcol/Documents/Unreal Projects/CPP_TP1_UnrealEngine/TP1_Unreal/Saved/Config/Windows/Scalability.ini]
[2020.11.20-02.51.31:830][  0]LogConfig: Setting CVar [[r.PostProcessAAQuality:4]]
[2020.11.20-02.51.31:830][  0]LogConfig: Applying CVar settings from Section [ShadowQuality@3] File [C:/Users/mxcol/Documents/Unreal Projects/CPP_TP1_UnrealEngine/TP1_Unreal/Saved/Config/Windows/Scalability.ini]
[2020.11.20-02.51.31:830][  0]LogConfig: Setting CVar [[r.LightFunctionQuality:1]]
[2020.11.20-02.51.31:830][  0]LogConfig: Setting CVar [[r.ShadowQuality:5]]
[2020.11.20-02.51.31:830][  0]LogConfig: Setting CVar [[r.Shadow.CSM.MaxCascades:10]]
[2020.11.20-02.51.31:830][  0]LogConfig: Setting CVar [[r.Shadow.MaxResolution:2048]]
[2020.11.20-02.51.31:830][  0]LogConfig: Setting CVar [[r.Shadow.MaxCSMResolution:2048]]
[2020.11.20-02.51.31:830][  0]LogConfig: Setting CVar [[r.Shadow.RadiusThreshold:0.01]]
[2020.11.20-02.51.31:830][  0]LogConfig: Setting CVar [[r.Shadow.DistanceScale:1.0]]
[2020.11.20-02.51.31:830][  0]LogConfig: Setting CVar [[r.Shadow.CSM.TransitionScale:1.0]]
[2020.11.20-02.51.31:830][  0]LogConfig: Setting CVar [[r.Shadow.PreShadowResolutionFactor:1.0]]
[2020.11.20-02.51.31:830][  0]LogConfig: Setting CVar [[r.DistanceFieldShadowing:1]]
[2020.11.20-02.51.31:830][  0]LogConfig: Setting CVar [[r.DistanceFieldAO:1]]
[2020.11.20-02.51.31:830][  0]LogConfig: Setting CVar [[r.AOQuality:2]]
[2020.11.20-02.51.31:830][  0]LogConfig: Setting CVar [[r.VolumetricFog:1]]
[2020.11.20-02.51.31:830][  0]LogConfig: Setting CVar [[r.VolumetricFog.GridPixelSize:8]]
[2020.11.20-02.51.31:830][  0]LogConfig: Setting CVar [[r.VolumetricFog.GridSizeZ:128]]
[2020.11.20-02.51.31:830][  0]LogConfig: Setting CVar [[r.VolumetricFog.HistoryMissSupersampleCount:4]]
[2020.11.20-02.51.31:830][  0]LogConfig: Setting CVar [[r.LightMaxDrawDistanceScale:1]]
[2020.11.20-02.51.31:830][  0]LogConfig: Setting CVar [[r.CapsuleShadows:1]]
[2020.11.20-02.51.31:830][  0]LogConfig: Applying CVar settings from Section [PostProcessQuality@3] File [C:/Users/mxcol/Documents/Unreal Projects/CPP_TP1_UnrealEngine/TP1_Unreal/Saved/Config/Windows/Scalability.ini]
[2020.11.20-02.51.31:830][  0]LogConfig: Setting CVar [[r.MotionBlurQuality:4]]
[2020.11.20-02.51.31:830][  0]LogConfig: Setting CVar [[r.AmbientOcclusionMipLevelFactor:0.4]]
[2020.11.20-02.51.31:830][  0]LogConfig: Setting CVar [[r.AmbientOcclusionMaxQuality:100]]
[2020.11.20-02.51.31:830][  0]LogConfig: Setting CVar [[r.AmbientOcclusionLevels:-1]]
[2020.11.20-02.51.31:830][  0]LogConfig: Setting CVar [[r.AmbientOcclusionRadiusScale:1.0]]
[2020.11.20-02.51.31:830][  0]LogConfig: Setting CVar [[r.DepthOfFieldQuality:2]]
[2020.11.20-02.51.31:830][  0]LogConfig: Setting CVar [[r.RenderTargetPoolMin:400]]
[2020.11.20-02.51.31:830][  0]LogConfig: Setting CVar [[r.LensFlareQuality:2]]
[2020.11.20-02.51.31:830][  0]LogConfig: Setting CVar [[r.SceneColorFringeQuality:1]]
[2020.11.20-02.51.31:830][  0]LogConfig: Setting CVar [[r.EyeAdaptationQuality:2]]
[2020.11.20-02.51.31:830][  0]LogConfig: Setting CVar [[r.BloomQuality:5]]
[2020.11.20-02.51.31:830][  0]LogConfig: Setting CVar [[r.FastBlurThreshold:100]]
[2020.11.20-02.51.31:830][  0]LogConfig: Setting CVar [[r.Upscale.Quality:3]]
[2020.11.20-02.51.31:830][  0]LogConfig: Setting CVar [[r.Tonemapper.GrainQuantization:1]]
[2020.11.20-02.51.31:830][  0]LogConfig: Setting CVar [[r.LightShaftQuality:1]]
[2020.11.20-02.51.31:830][  0]LogConfig: Setting CVar [[r.Filter.SizeScale:1]]
[2020.11.20-02.51.31:830][  0]LogConfig: Setting CVar [[r.Tonemapper.Quality:5]]
[2020.11.20-02.51.31:830][  0]LogConfig: Setting CVar [[r.DOF.Gather.AccumulatorQuality:1        ; higher gathering accumulator quality]]
[2020.11.20-02.51.31:830][  0]LogConfig: Setting CVar [[r.DOF.Gather.PostfilterMethod:1          ; Median3x3 postfilering method]]
[2020.11.20-02.51.31:830][  0]LogConfig: Setting CVar [[r.DOF.Gather.EnableBokehSettings:0       ; no bokeh simulation when gathering]]
[2020.11.20-02.51.31:830][  0]LogConfig: Setting CVar [[r.DOF.Gather.RingCount:4                 ; medium number of samples when gathering]]
[2020.11.20-02.51.31:830][  0]LogConfig: Setting CVar [[r.DOF.Scatter.ForegroundCompositing:1    ; additive foreground scattering]]
[2020.11.20-02.51.31:830][  0]LogConfig: Setting CVar [[r.DOF.Scatter.BackgroundCompositing:2    ; additive background scattering]]
[2020.11.20-02.51.31:830][  0]LogConfig: Setting CVar [[r.DOF.Scatter.EnableBokehSettings:1      ; bokeh simulation when scattering]]
[2020.11.20-02.51.31:830][  0]LogConfig: Setting CVar [[r.DOF.Scatter.MaxSpriteRatio:0.1         ; only a maximum of 10% of scattered bokeh]]
[2020.11.20-02.51.31:830][  0]LogConfig: Setting CVar [[r.DOF.Recombine.Quality:1                ; cheap slight out of focus]]
[2020.11.20-02.51.31:830][  0]LogConfig: Setting CVar [[r.DOF.Recombine.EnableBokehSettings:0    ; no bokeh simulation on slight out of focus]]
[2020.11.20-02.51.31:830][  0]LogConfig: Setting CVar [[r.DOF.TemporalAAQuality:1                ; more stable temporal accumulation]]
[2020.11.20-02.51.31:830][  0]LogConfig: Setting CVar [[r.DOF.Kernel.MaxForegroundRadius:0.025]]
[2020.11.20-02.51.31:830][  0]LogConfig: Setting CVar [[r.DOF.Kernel.MaxBackgroundRadius:0.025]]
[2020.11.20-02.51.31:830][  0]LogConfig: Applying CVar settings from Section [TextureQuality@3] File [C:/Users/mxcol/Documents/Unreal Projects/CPP_TP1_UnrealEngine/TP1_Unreal/Saved/Config/Windows/Scalability.ini]
[2020.11.20-02.51.31:830][  0]LogConfig: Setting CVar [[r.Streaming.MipBias:0]]
[2020.11.20-02.51.31:830][  0]LogConfig: Setting CVar [[r.Streaming.AmortizeCPUToGPUCopy:0]]
[2020.11.20-02.51.31:830][  0]LogConfig: Setting CVar [[r.Streaming.MaxNumTexturesToStreamPerFrame:0]]
[2020.11.20-02.51.31:830][  0]LogConfig: Setting CVar [[r.Streaming.Boost:1]]
[2020.11.20-02.51.31:830][  0]LogConfig: Setting CVar [[r.MaxAnisotropy:8]]
[2020.11.20-02.51.31:830][  0]LogConfig: Setting CVar [[r.VT.MaxAnisotropy:8]]
[2020.11.20-02.51.31:830][  0]LogConfig: Setting CVar [[r.Streaming.LimitPoolSizeToVRAM:0]]
[2020.11.20-02.51.31:830][  0]LogConfig: Setting CVar [[r.Streaming.PoolSize:1000]]
[2020.11.20-02.51.31:830][  0]LogConfig: Setting CVar [[r.Streaming.MaxEffectiveScreenSize:0]]
[2020.11.20-02.51.31:830][  0]LogConfig: Applying CVar settings from Section [EffectsQuality@3] File [C:/Users/mxcol/Documents/Unreal Projects/CPP_TP1_UnrealEngine/TP1_Unreal/Saved/Config/Windows/Scalability.ini]
[2020.11.20-02.51.31:831][  0]LogConfig: Setting CVar [[r.TranslucencyLightingVolumeDim:64]]
[2020.11.20-02.51.31:831][  0]LogConfig: Setting CVar [[r.RefractionQuality:2]]
[2020.11.20-02.51.31:831][  0]LogConfig: Setting CVar [[r.SSR.Quality:3]]
[2020.11.20-02.51.31:831][  0]LogConfig: Setting CVar [[r.SSR.HalfResSceneColor:0]]
[2020.11.20-02.51.31:831][  0]LogConfig: Setting CVar [[r.SceneColorFormat:4]]
[2020.11.20-02.51.31:831][  0]LogConfig: Setting CVar [[r.DetailMode:2]]
[2020.11.20-02.51.31:831][  0]LogConfig: Setting CVar [[r.TranslucencyVolumeBlur:1]]
[2020.11.20-02.51.31:831][  0]LogConfig: Setting CVar [[r.MaterialQualityLevel:1 ; High quality]]
[2020.11.20-02.51.31:831][  0]LogConfig: Setting CVar [[r.SSS.Scale:1]]
[2020.11.20-02.51.31:831][  0]LogConfig: Setting CVar [[r.SSS.SampleSet:2]]
[2020.11.20-02.51.31:831][  0]LogConfig: Setting CVar [[r.SSS.Quality:1]]
[2020.11.20-02.51.31:831][  0]LogConfig: Setting CVar [[r.SSS.HalfRes:0]]
[2020.11.20-02.51.31:831][  0]LogConfig: Setting CVar [[r.SSGI.Quality:3]]
[2020.11.20-02.51.31:831][  0]LogConfig: Setting CVar [[r.EmitterSpawnRateScale:1.0]]
[2020.11.20-02.51.31:831][  0]LogConfig: Setting CVar [[r.ParticleLightQuality:2]]
[2020.11.20-02.51.31:831][  0]LogConfig: Setting CVar [[r.SkyAtmosphere.AerialPerspectiveLUT.FastApplyOnOpaque:1 ; Always have FastSkyLUT 1 in this case to avoid wrong sky]]
[2020.11.20-02.51.31:831][  0]LogConfig: Setting CVar [[r.SkyAtmosphere.AerialPerspectiveLUT.SampleCountPerSlice:1]]
[2020.11.20-02.51.31:831][  0]LogConfig: Setting CVar [[r.SkyAtmosphere.AerialPerspectiveLUT.DepthResolution:16.0]]
[2020.11.20-02.51.31:831][  0]LogConfig: Setting CVar [[r.SkyAtmosphere.FastSkyLUT:1]]
[2020.11.20-02.51.31:831][  0]LogConfig: Setting CVar [[r.SkyAtmosphere.FastSkyLUT.SampleCountMin:4.0]]
[2020.11.20-02.51.31:831][  0]LogConfig: Setting CVar [[r.SkyAtmosphere.FastSkyLUT.SampleCountMax:32.0]]
[2020.11.20-02.51.31:831][  0]LogConfig: Setting CVar [[r.SkyAtmosphere.SampleCountMin:4.0]]
[2020.11.20-02.51.31:831][  0]LogConfig: Setting CVar [[r.SkyAtmosphere.SampleCountMax:32.0]]
[2020.11.20-02.51.31:831][  0]LogConfig: Setting CVar [[r.SkyAtmosphere.TransmittanceLUT.UseSmallFormat:0]]
[2020.11.20-02.51.31:831][  0]LogConfig: Setting CVar [[r.SkyAtmosphere.TransmittanceLUT.SampleCount:10.0]]
[2020.11.20-02.51.31:831][  0]LogConfig: Setting CVar [[r.SkyAtmosphere.MultiScatteringLUT.SampleCount:15.0]]
[2020.11.20-02.51.31:831][  0]LogConfig: Applying CVar settings from Section [FoliageQuality@3] File [C:/Users/mxcol/Documents/Unreal Projects/CPP_TP1_UnrealEngine/TP1_Unreal/Saved/Config/Windows/Scalability.ini]
[2020.11.20-02.51.31:831][  0]LogConfig: Setting CVar [[foliage.DensityScale:1.0]]
[2020.11.20-02.51.31:831][  0]LogConfig: Setting CVar [[grass.DensityScale:1.0]]
[2020.11.20-02.51.31:831][  0]LogConfig: Applying CVar settings from Section [ShadingQuality@3] File [C:/Users/mxcol/Documents/Unreal Projects/CPP_TP1_UnrealEngine/TP1_Unreal/Saved/Config/Windows/Scalability.ini]
[2020.11.20-02.51.31:831][  0]LogConfig: Setting CVar [[r.HairStrands.SkyLighting.SampleCount:16]]
[2020.11.20-02.51.31:831][  0]LogConfig: Setting CVar [[r.HairStrands.SkyLighting.JitterIntegration:0]]
[2020.11.20-02.51.31:831][  0]LogConfig: Setting CVar [[r.HairStrands.SkyAO.SampleCount:16]]
[2020.11.20-02.51.31:831][  0]LogConfig: Setting CVar [[r.HairStrands.DeepShadow.SuperSampling:0]]
[2020.11.20-02.51.31:831][  0]LogConfig: Setting CVar [[r.HairStrands.VisibilityPPLL:0]]
[2020.11.20-02.51.31:831][  0]LogConfig: Setting CVar [[r.HairStrands.RasterizationScale:0.5]]
[2020.11.20-02.51.31:831][  0]LogConfig: Setting CVar [[r.HairStrands.VelocityRasterizationScale:1]]
[2020.11.20-02.51.31:831][  0]LogConfig: Applying CVar settings from Section [Startup] File [../../../Engine/Config/ConsoleVariables.ini]
[2020.11.20-02.51.31:831][  0]LogConfig: Setting CVar [[net.UseAdaptiveNetUpdateFrequency:0]]
[2020.11.20-02.51.31:831][  0]LogConfig: Setting CVar [[p.chaos.AllowCreatePhysxBodies:1]]
[2020.11.20-02.51.31:831][  0]LogConfig: Setting CVar [[fx.SkipVectorVMBackendOptimizations:1]]
[2020.11.20-02.51.31:831][  0]LogConfig: Applying CVar settings from Section [ConsoleVariables] File [C:/Users/mxcol/Documents/Unreal Projects/CPP_TP1_UnrealEngine/TP1_Unreal/Saved/Config/Windows/Engine.ini]
[2020.11.20-02.51.31:832][  0]LogInit: Computer: LAPTOP-26OCT9LN
[2020.11.20-02.51.31:832][  0]LogInit: User: mxcol
[2020.11.20-02.51.31:832][  0]LogInit: CPU Page size=4096, Cores=6
[2020.11.20-02.51.31:832][  0]LogInit: High frequency timer resolution =10.000000 MHz
[2020.11.20-02.51.31:832][  0]LogMemory: Memory total: Physical=15.8GB (16GB approx)
[2020.11.20-02.51.31:832][  0]LogMemory: Platform Memory Stats for Windows
[2020.11.20-02.51.31:832][  0]LogMemory: Process Physical Memory: 115.86 MB used, 115.86 MB peak
[2020.11.20-02.51.31:832][  0]LogMemory: Process Virtual Memory: 99.14 MB used, 99.14 MB peak
[2020.11.20-02.51.31:832][  0]LogMemory: Physical Memory: 12151.19 MB used,  4018.20 MB free, 16169.39 MB total
[2020.11.20-02.51.31:832][  0]LogMemory: Virtual Memory: 5167.14 MB used,  134212560.00 MB free, 134217728.00 MB total
[2020.11.20-02.51.31:876][  0]LogWindows: WindowsPlatformFeatures enabled
[2020.11.20-02.51.31:938][  0]LogInit: Physics initialised using underlying interface: PhysX
[2020.11.20-02.51.31:940][  0]LogInit: Using OS detected language (fr-FR).
[2020.11.20-02.51.31:940][  0]LogInit: Using OS detected locale (fr-FR).
[2020.11.20-02.51.31:960][  0]LogTextLocalizationManager: No specific localization for 'fr-FR' exists, so the 'fr' localization will be used.
[2020.11.20-02.51.31:960][  0]LogTextLocalizationResource: LocRes '../../../Engine/Content/Localization/Editor/fr/Editor.locres' could not be opened for reading!
[2020.11.20-02.51.31:960][  0]LogTextLocalizationResource: LocRes '../../../Engine/Content/Localization/EditorTutorials/fr/EditorTutorials.locres' could not be opened for reading!
[2020.11.20-02.51.31:960][  0]LogTextLocalizationResource: LocRes '../../../Engine/Content/Localization/Keywords/fr/Keywords.locres' could not be opened for reading!
[2020.11.20-02.51.31:960][  0]LogTextLocalizationResource: LocRes '../../../Engine/Content/Localization/Category/fr/Category.locres' could not be opened for reading!
[2020.11.20-02.51.31:961][  0]LogTextLocalizationResource: LocRes '../../../Engine/Content/Localization/ToolTips/fr/ToolTips.locres' could not be opened for reading!
[2020.11.20-02.51.31:961][  0]LogTextLocalizationResource: LocRes '../../../Engine/Content/Localization/PropertyNames/fr/PropertyNames.locres' could not be opened for reading!
[2020.11.20-02.51.31:961][  0]LogTextLocalizationResource: LocRes '../../../Engine/Content/Localization/Engine/fr/Engine.locres' could not be opened for reading!
[2020.11.20-02.51.32:006][  0]LogInit: Setting process to per monitor DPI aware
[2020.11.20-02.51.32:070][  0]LogSlate: New Slate User Created.  User Index 0, Is Virtual User: 0
[2020.11.20-02.51.32:070][  0]LogSlate: Slate User Registered.  User Index 0, Is Virtual User: 0
[2020.11.20-02.51.35:878][  0]LogHMD: Failed to initialize OpenVR with code 110
[2020.11.20-02.51.35:878][  0]LogD3D11RHI: D3D11 min allowed feature level: 11_0
[2020.11.20-02.51.35:878][  0]LogD3D11RHI: D3D11 max allowed feature level: 11_0
[2020.11.20-02.51.35:878][  0]LogD3D11RHI: D3D11 adapters:
[2020.11.20-02.51.36:065][  0]LogD3D11RHI:    0. 'NVIDIA GeForce RTX 2070' (Feature Level 11_0)
[2020.11.20-02.51.36:065][  0]LogD3D11RHI:       8031/0/8084 MB DedicatedVideo/DedicatedSystem/SharedSystem, Outputs:2, VendorId:0x10de
[2020.11.20-02.51.36:089][  0]LogD3D11RHI:    1. 'Intel(R) UHD Graphics' (Feature Level 11_0)
[2020.11.20-02.51.36:089][  0]LogD3D11RHI:       128/0/8084 MB DedicatedVideo/DedicatedSystem/SharedSystem, Outputs:0, VendorId:0x8086
[2020.11.20-02.51.36:099][  0]LogD3D11RHI:    2. 'Microsoft Basic Render Driver' (Feature Level 11_0)
[2020.11.20-02.51.36:099][  0]LogD3D11RHI:       0/0/8084 MB DedicatedVideo/DedicatedSystem/SharedSystem, Outputs:0, VendorId:0x1414
[2020.11.20-02.51.36:099][  0]LogD3D11RHI: Chosen D3D11 Adapter: 0
[2020.11.20-02.51.36:119][  0]LogD3D11RHI: Creating new Direct3DDevice
[2020.11.20-02.51.36:119][  0]LogD3D11RHI:     GPU DeviceId: 0x1f14 (for the marketing name, search the web for "GPU Device Id")
[2020.11.20-02.51.36:119][  0]LogWindows: EnumDisplayDevices:
[2020.11.20-02.51.36:120][  0]LogWindows:    0. 'Intel(R) UHD Graphics' (P:1 D:1)
[2020.11.20-02.51.36:120][  0]LogWindows:    1. 'Intel(R) UHD Graphics' (P:0 D:0)
[2020.11.20-02.51.36:120][  0]LogWindows:    2. 'Intel(R) UHD Graphics' (P:0 D:0)
[2020.11.20-02.51.36:120][  0]LogWindows:    3. 'NVIDIA GeForce RTX 2070' (P:0 D:1)
[2020.11.20-02.51.36:120][  0]LogWindows:    4. 'NVIDIA GeForce RTX 2070' (P:0 D:0)
[2020.11.20-02.51.36:121][  0]LogWindows:    5. 'NVIDIA GeForce RTX 2070' (P:0 D:0)
[2020.11.20-02.51.36:121][  0]LogWindows:    6. 'NVIDIA GeForce RTX 2070' (P:0 D:0)
[2020.11.20-02.51.36:121][  0]LogWindows: DebugString: PrimaryIsNotTheChoosenAdapter PrimaryIsNotTheChoosenAdapter PrimaryIsNotTheChoosenAdapter FoundDriverCount:4 
[2020.11.20-02.51.36:121][  0]LogD3D11RHI:     Adapter Name: NVIDIA GeForce RTX 2070
[2020.11.20-02.51.36:121][  0]LogD3D11RHI:   Driver Version: 452.06 (internal:27.21.14.5206, unified:452.06)
[2020.11.20-02.51.36:121][  0]LogD3D11RHI:      Driver Date: 8-12-2020
[2020.11.20-02.51.36:121][  0]LogRHI: Texture pool is 5621 MB (70% of 8031 MB)
[2020.11.20-02.51.36:177][  0]LogD3D11RHI: RHI has support for 64 bit atomics
[2020.11.20-02.51.36:178][  0]LogD3D11RHI: Async texture creation enabled
[2020.11.20-02.51.36:178][  0]LogD3D11RHI: Array index from any shader is supported
[2020.11.20-02.51.36:219][  0]LogD3D11RHI: GPU Timing Frequency: 1000.000000 (Debug: 2 1)
[2020.11.20-02.51.36:516][  0]LogTargetPlatformManager: Display: Loaded TargetPlatform 'AllDesktop'
[2020.11.20-02.51.36:540][  0]LogTargetPlatformManager: Display: Loaded TargetPlatform 'Android'
[2020.11.20-02.51.36:540][  0]LogTargetPlatformManager: Display: Loaded TargetPlatform 'Android_ASTC'
[2020.11.20-02.51.36:540][  0]LogTargetPlatformManager: Display: Loaded TargetPlatform 'Android_DXT'
[2020.11.20-02.51.36:540][  0]LogTargetPlatformManager: Display: Loaded TargetPlatform 'Android_ETC2'
[2020.11.20-02.51.36:540][  0]LogTargetPlatformManager: Display: Loaded TargetPlatform 'AndroidClient'
[2020.11.20-02.51.36:540][  0]LogTargetPlatformManager: Display: Loaded TargetPlatform 'Android_ASTCClient'
[2020.11.20-02.51.36:540][  0]LogTargetPlatformManager: Display: Loaded TargetPlatform 'Android_DXTClient'
[2020.11.20-02.51.36:540][  0]LogTargetPlatformManager: Display: Loaded TargetPlatform 'Android_ETC2Client'
[2020.11.20-02.51.36:540][  0]LogTargetPlatformManager: Display: Loaded TargetPlatform 'Android_Multi'
[2020.11.20-02.51.36:540][  0]LogTargetPlatformManager: Display: Loaded TargetPlatform 'Android_MultiClient'
[2020.11.20-02.51.36:580][  0]LogTargetPlatformManager: Display: Loaded TargetPlatform 'IOSClient'
[2020.11.20-02.51.36:580][  0]LogTargetPlatformManager: Display: Loaded TargetPlatform 'IOS'
[2020.11.20-02.51.36:603][  0]LogTargetPlatformManager: Display: Loaded TargetPlatform 'Linux'
[2020.11.20-02.51.36:613][  0]LogTargetPlatformManager: Display: Loaded TargetPlatform 'LinuxNoEditor'
[2020.11.20-02.51.36:622][  0]LogTargetPlatformManager: Display: Loaded TargetPlatform 'LinuxClient'
[2020.11.20-02.51.36:632][  0]LogTargetPlatformManager: Display: Loaded TargetPlatform 'LinuxServer'
[2020.11.20-02.51.36:642][  0]LogTargetPlatformManager: Display: Loaded TargetPlatform 'LinuxAArch64NoEditor'
[2020.11.20-02.51.36:654][  0]LogTargetPlatformManager: Display: Loaded TargetPlatform 'LinuxAArch64Client'
[2020.11.20-02.51.36:664][  0]LogTargetPlatformManager: Display: Loaded TargetPlatform 'LinuxAArch64Server'
[2020.11.20-02.51.36:697][  0]LogTargetPlatformManager: Display: Loaded TargetPlatform 'Lumin'
[2020.11.20-02.51.36:697][  0]LogTargetPlatformManager: Display: Loaded TargetPlatform 'LuminClient'
[2020.11.20-02.51.36:717][  0]LogTargetPlatformManager: Display: Loaded TargetPlatform 'TVOSClient'
[2020.11.20-02.51.36:717][  0]LogTargetPlatformManager: Display: Loaded TargetPlatform 'TVOS'
[2020.11.20-02.51.36:727][  0]LogTargetPlatformManager: Display: Loaded TargetPlatform 'WindowsNoEditor'
[2020.11.20-02.51.36:737][  0]LogTargetPlatformManager: Display: Loaded TargetPlatform 'Windows'
[2020.11.20-02.51.36:747][  0]LogTargetPlatformManager: Display: Loaded TargetPlatform 'WindowsClient'
[2020.11.20-02.51.36:756][  0]LogTargetPlatformManager: Display: Loaded TargetPlatform 'WindowsServer'
[2020.11.20-02.51.36:756][  0]LogTargetPlatformManager: Display: Building Assets For Windows
[2020.11.20-02.51.36:765][  0]LogAudioDebug: Display: Lib vorbis DLL was dynamically loaded.
[2020.11.20-02.51.36:851][  0]LogShaderCompilers: Guid format shader working directory is -41 characters bigger than the processId version (../../../../../../Users/mxcol/Documents/Unreal Projects/CPP_TP1_UnrealEngine/TP1_Unreal/Intermediate/Shaders/WorkingDirectory/4512/).
[2020.11.20-02.51.36:851][  0]LogShaderCompilers: Cleaned the shader compiler working directory 'C:/Users/mxcol/AppData/Local/Temp/UnrealShaderWorkingDir/B723C5EB4F419E1D01AFB9ABE7B401AF/'.
[2020.11.20-02.51.36:852][  0]LogShaderCompilers: Display: Using XGE Shader Compiler (Interception Interface).
[2020.11.20-02.51.41:013][  0]LogDerivedDataCache: Display: Max Cache Size: 512 MB
[2020.11.20-02.51.41:122][  0]LogDerivedDataCache: Loaded boot cache 0.11s 79MB C:/Users/mxcol/AppData/Local/UnrealEngine/4.25/DerivedDataCache/Boot.ddc.
[2020.11.20-02.51.41:122][  0]LogDerivedDataCache: Display: Loaded Boot cache: C:/Users/mxcol/AppData/Local/UnrealEngine/4.25/DerivedDataCache/Boot.ddc
[2020.11.20-02.51.41:122][  0]LogDerivedDataCache: FDerivedDataBackendGraph:  Pak pak cache file ../../../../../../Users/mxcol/Documents/Unreal Projects/CPP_TP1_UnrealEngine/TP1_Unreal/DerivedDataCache/DDC.ddp not found, will not use a pak cache.
[2020.11.20-02.51.41:122][  0]LogDerivedDataCache: Unable to find inner node Pak for hierarchical cache Hierarchy.
[2020.11.20-02.51.41:122][  0]LogDerivedDataCache: FDerivedDataBackendGraph:  CompressedPak pak cache file ../../../../../../Users/mxcol/Documents/Unreal Projects/CPP_TP1_UnrealEngine/TP1_Unreal/DerivedDataCache/Compressed.ddp not found, will not use a pak cache.
[2020.11.20-02.51.41:122][  0]LogDerivedDataCache: Unable to find inner node CompressedPak for hierarchical cache Hierarchy.
[2020.11.20-02.51.41:135][  0]LogDerivedDataCache: Display: Pak cache opened for reading ../../../Engine/DerivedDataCache/Compressed.ddp.
[2020.11.20-02.51.41:135][  0]LogDerivedDataCache: FDerivedDataBackendGraph:  EnterprisePak pak cache file ../../../Enterprise/DerivedDataCache/Compressed.ddp not found, will not use a pak cache.
[2020.11.20-02.51.41:135][  0]LogDerivedDataCache: Unable to find inner node EnterprisePak for hierarchical cache Hierarchy.
[2020.11.20-02.51.41:136][  0]LogDerivedDataCache: Using Local data cache path C:/Users/mxcol/AppData/Local/UnrealEngine/Common/DerivedDataCache: Writable
[2020.11.20-02.51.41:136][  0]LogDerivedDataCache: Shared data cache path not found in *engine.ini, will not use an Shared cache.
[2020.11.20-02.51.41:136][  0]LogDerivedDataCache: Unable to find inner node Shared for hierarchical cache Hierarchy.
[2020.11.20-02.51.41:195][  0]LogSlate: Using FreeType 2.10.0
[2020.11.20-02.51.41:195][  0]LogSlate: SlateFontServices - WITH_FREETYPE: 1, WITH_HARFBUZZ: 1
[2020.11.20-02.51.41:224][  0]LogAssetRegistry: FAssetRegistry took 0.0031 seconds to start up
[2020.11.20-02.51.41:513][  0]LogInit: Selected Device Profile: [Windows]
[2020.11.20-02.51.41:670][  0]LogMeshReduction: Using QuadricMeshReduction for automatic static mesh reduction
[2020.11.20-02.51.41:670][  0]LogMeshReduction: Using SimplygonMeshReduction for automatic skeletal mesh reduction
[2020.11.20-02.51.41:670][  0]LogMeshReduction: Using ProxyLODMeshReduction for automatic mesh merging
[2020.11.20-02.51.41:670][  0]LogMeshReduction: No distributed automatic mesh merging module available
[2020.11.20-02.51.41:671][  0]LogMeshMerging: No distributed automatic mesh merging module available
[2020.11.20-02.51.41:694][  0]LogNetVersion: TP1_Unreal 1.0.0, NetCL: 13144385, EngineNetVer: 14, GameNetVer: 0 (Checksum: 1184103255)
[2020.11.20-02.51.42:293][  0]LogAISub: UAISubsystem::UAISubsystem AISubsystem (000001F58DCC1BC0), frame # 0
[2020.11.20-02.51.42:293][  0]LogAISub: UAISubsystem::UAISubsystem AIPerceptionSystem (000001F58DBE5080), frame # 0
[2020.11.20-02.51.42:295][  0]LogAISub: UAISubsystem::UAISubsystem EnvQueryManager (000001F58DC39E00), frame # 0
[2020.11.20-02.51.42:395][  0]LogPackageLocalizationCache: Processed 19 localized package path(s) for 1 prioritized culture(s) in 0.082965 seconds
[2020.11.20-02.51.42:400][  0]LogUObjectArray: 15917 objects as part of root set at end of initial load.
[2020.11.20-02.51.42:400][  0]LogUObjectAllocator: 3965568 out of 0 bytes used by permanent object pool.
[2020.11.20-02.51.42:400][  0]LogUObjectArray: CloseDisregardForGC: 0/0 objects in disregard for GC pool
[2020.11.20-02.51.42:951][  0]LogTcpMessaging: Initializing TcpMessaging bridge
[2020.11.20-02.51.42:958][  0]LogUdpMessaging: Initializing bridge on interface 0.0.0.0:0 to multicast group 230.0.0.1:6666.
[2020.11.20-02.51.43:469][  0]SourceControl: Source control is disabled
[2020.11.20-02.51.43:469][  0]SourceControl: Source control is disabled
[2020.11.20-02.51.43:477][  0]SourceControl: Source control is disabled
[2020.11.20-02.51.43:483][  0]SourceControl: Source control is disabled
[2020.11.20-02.51.43:495][  0]SourceControl: Source control is disabled
[2020.11.20-02.51.43:855][  0]LogAndroidPermission: UAndroidPermissionCallbackProxy::GetInstance
[2020.11.20-02.51.43:883][  0]LogAudioCaptureCore: Display: No Audio Capture implementations found. Audio input will be silent.
[2020.11.20-02.51.43:883][  0]LogAudioCaptureCore: Display: No Audio Capture implementations found. Audio input will be silent.
[2020.11.20-02.51.43:954][  0]LogOcInput: OculusInput pre-init called
[2020.11.20-02.51.43:970][  0]LogWindows: Failed to load 'OVRPlugin.dll' (GetLastError=126)
[2020.11.20-02.51.43:970][  0]LogWindows: File 'OVRPlugin.dll' does not exist
[2020.11.20-02.51.44:079][  0]LogEngine: Initializing Engine...
[2020.11.20-02.51.44:081][  0]LogHMD: Failed to initialize OpenVR with code 110
[2020.11.20-02.51.44:081][  0]LogMagicLeap: Warning: VR disabled because ZI is not enabled.  To enable, in the editor, Edit -> Project Settings -> Plugins -> Magic Leap Plugin -> Enable Zero Iteration
[2020.11.20-02.51.44:082][  0]LogStats: UGameplayTagsManager::InitializeManager -  0.000 s
[2020.11.20-02.51.44:211][  0]LogInit: Initializing FReadOnlyCVARCache
[2020.11.20-02.51.44:225][  0]LogAIModule: Creating AISystem for world Untitled
[2020.11.20-02.51.44:225][  0]LogAISub: UAISubsystem::UAISubsystem EnvQueryManager (000001F595B79A00), frame # 0
[2020.11.20-02.51.44:225][  0]LogAISub: UAISubsystem::UAISubsystem AIPerceptionSystem (000001F595B8E980), frame # 0
[2020.11.20-02.51.44:236][  0]LogAudioMixer: Display: Audio Mixer Platform Settings:
[2020.11.20-02.51.44:236][  0]LogAudioMixer: Display: 	Sample Rate:						  48000
[2020.11.20-02.51.44:236][  0]LogAudioMixer: Display: 	Callback Buffer Frame Size Requested: 1024
[2020.11.20-02.51.44:236][  0]LogAudioMixer: Display: 	Callback Buffer Frame Size To Use:	  1024
[2020.11.20-02.51.44:236][  0]LogAudioMixer: Display: 	Number of buffers to queue:			  2
[2020.11.20-02.51.44:236][  0]LogAudioMixer: Display: 	Max Channels (voices):				  32
[2020.11.20-02.51.44:236][  0]LogAudioMixer: Display: 	Number of Async Source Workers:		  0
[2020.11.20-02.51.44:236][  0]LogAudio: Display: AudioDevice MaxSources: 32
[2020.11.20-02.51.44:237][  0]LogAudio: Display: Using built-in audio occlusion.
[2020.11.20-02.51.44:237][  0]LogAudioMixer: Display: Initializing audio mixer.
[2020.11.20-02.51.44:597][  0]LogAudioMixer: Display: 0: FrontLeft
[2020.11.20-02.51.44:597][  0]LogAudioMixer: Display: 1: FrontRight
[2020.11.20-02.51.44:597][  0]LogAudioMixer: Display: 2: FrontCenter
[2020.11.20-02.51.44:597][  0]LogAudioMixer: Display: 3: LowFrequency
[2020.11.20-02.51.44:597][  0]LogAudioMixer: Display: 4: BackLeft
[2020.11.20-02.51.44:597][  0]LogAudioMixer: Display: 5: BackRight
[2020.11.20-02.51.44:597][  0]LogAudioMixer: Display: 6: SideLeft
[2020.11.20-02.51.44:597][  0]LogAudioMixer: Display: 7: SideRight
[2020.11.20-02.51.44:912][  0]LogAudioMixer: Display: Using Audio Device Headphones (Realtek(R) Audio)
[2020.11.20-02.51.44:913][  0]LogAudioMixer: Display: Initializing Sound Submixes...
[2020.11.20-02.51.44:916][  0]LogAudioMixer: Display: Creating Master Submix 'MasterSubmixDefault'
[2020.11.20-02.51.44:916][  0]LogAudioMixer: Display: Creating Master Submix 'MasterReverbSubmixDefault'
[2020.11.20-02.51.44:917][  0]LogAudioMixer: Display: Creating Master Submix 'MasterEQSubmixDefault'
[2020.11.20-02.51.44:918][  0]LogInit: FAudioDevice initialized.
[2020.11.20-02.51.44:918][  0]LogNetVersion: Set ProjectVersion to 1.0.0.0. Version Checksum will be recalculated on next use.
[2020.11.20-02.51.44:968][  0]LogDerivedDataCache: Saved boot cache 0.05s 79MB C:/Users/mxcol/AppData/Local/UnrealEngine/4.25/DerivedDataCache/Boot.ddc.
[2020.11.20-02.51.44:972][  0]LogInit: Texture streaming: Enabled
[2020.11.20-02.51.44:990][  0]LogEngineSessionManager: EngineSessionManager initialized
[2020.11.20-02.51.44:990][  0]LogEditorSessionSummary: Verbose: Initializing EditorSessionSummaryWriter for editor session tracking
[2020.11.20-02.51.44:992][  0]LogEditorSessionSummary: EditorSessionSummaryWriter initialized
[2020.11.20-02.51.45:064][  0]LogInit: Transaction tracking system initialized
[2020.11.20-02.51.45:096][  0]BlueprintLog: New page: Editor Load
[2020.11.20-02.51.45:204][  0]LocalizationService: Localization service is disabled
[2020.11.20-02.51.45:459][  0]LogCook: Display: Max memory allowance for cook 16384mb min free memory 0mb
[2020.11.20-02.51.45:459][  0]LogCook: Display: Mobile HDR setting 1
[2020.11.20-02.51.45:671][  0]LogFileCache: Scanning file cache for directory 'C:/Users/mxcol/Documents/Unreal Projects/CPP_TP1_UnrealEngine/TP1_Unreal/Content/' took 0.00s
[2020.11.20-02.51.45:909][  0]SourceControl: Source control is disabled
[2020.11.20-02.51.46:031][  0]LogSlate: Took 0.000155 seconds to synchronously load lazily loaded font '../../../Engine/Content/Slate/Fonts/Roboto-Regular.ttf' (155K)
[2020.11.20-02.52.12:023][  0]LogSlate: Window 'Restore Packages' being destroyed
[2020.11.20-02.52.12:025][  0]LogWindowsTextInputMethodSystem: Display: IME system now deactivated.
[2020.11.20-02.52.12:047][  0]LogWindowsTextInputMethodSystem: Display: IME system now deactivated.
[2020.11.20-02.52.12:048][  0]LogUnrealEdMisc: Loading editor; pre map load, took 42.095
[2020.11.20-02.52.12:049][  0]Cmd: MAP LOAD FILE="../../../../../../Users/mxcol/Documents/Unreal Projects/CPP_TP1_UnrealEngine/TP1_Unreal/Content/ThirdPersonCPP/Maps/ThirdPersonExampleMap.umap" TEMPLATE=0 SHOWPROGRESS=1 FEATURELEVEL=3
[2020.11.20-02.52.12:050][  0]LightingResults: New page: Lighting Build
[2020.11.20-02.52.12:053][  0]LogWorld: UWorld::CleanupWorld for Untitled, bSessionEnded=true, bCleanupResources=true
[2020.11.20-02.52.12:054][  0]LogSlate: InvalidateAllWidgets triggered.  All widgets were invalidated
[2020.11.20-02.52.12:054][  0]MapCheck: New page: Map Check
[2020.11.20-02.52.12:054][  0]LightingResults: New page: Lighting Build
[2020.11.20-02.52.12:070][  0]LogAISub: UAISubsystem::~UAISubsystem EnvQueryManager (000001F595B79A00), frame # 0
[2020.11.20-02.52.12:070][  0]LogAISub: UAISubsystem::~UAISubsystem AIPerceptionSystem (000001F595B8E980), frame # 0
[2020.11.20-02.52.12:071][  0]LogUObjectHash: Compacting FUObjectHashTables data took   1.02ms
[2020.11.20-02.52.12:278][  0]LogLinker: Warning: While loading '../../../../../../Users/mxcol/Documents/Unreal Projects/CPP_TP1_UnrealEngine/TP1_Unreal/Content/ThirdPersonCPP/Materials/SplashDecale.uasset' failed to load '/Game/ThirdPersonCPP/Materials/purple-watercolor-splatter-2': Can't find file.
[2020.11.20-02.52.12:278][  0]LogLinker: Warning: While loading '../../../../../../Users/mxcol/Documents/Unreal Projects/CPP_TP1_UnrealEngine/TP1_Unreal/Content/ThirdPersonCPP/Materials/SplashDecale.uasset' failed to load '/Game/ThirdPersonCPP/Materials/purple-watercolor-splatter-2': Can't find file.
[2020.11.20-02.52.12:278][  0]LogLinker: Warning: While loading '../../../../../../Users/mxcol/Documents/Unreal Projects/CPP_TP1_UnrealEngine/TP1_Unreal/Content/ThirdPersonCPP/Materials/SplashDecale.uasset' failed to load '/Game/ThirdPersonCPP/Materials/purple-watercolor-splatter-2': Can't find file.
[2020.11.20-02.52.12:278][  0]LogLinker: Warning: While loading '../../../../../../Users/mxcol/Documents/Unreal Projects/CPP_TP1_UnrealEngine/TP1_Unreal/Content/ThirdPersonCPP/Materials/SplashDecale.uasset' failed to load '/Game/ThirdPersonCPP/Materials/purple-watercolor-splatter-2': Can't find file.
[2020.11.20-02.52.12:381][  0]LogLinker: Warning: While loading '../../../../../../Users/mxcol/Documents/Unreal Projects/CPP_TP1_UnrealEngine/TP1_Unreal/Content/ThirdPersonCPP/Materials/SplashDecale.uasset' failed to load '/Game/ThirdPersonCPP/Materials/purple-watercolor-splatter-2': Can't find file.
[2020.11.20-02.52.12:381][  0]LoadErrors: Failed to load /Game/ThirdPersonCPP/Materials/purple-watercolor-splatter-2.purple-watercolor-splatter-2 Referenced by SplashDecale
[2020.11.20-02.52.12:381][  0]LogLinker: Warning: While loading '../../../../../../Users/mxcol/Documents/Unreal Projects/CPP_TP1_UnrealEngine/TP1_Unreal/Content/ThirdPersonCPP/Materials/SplashDecale.uasset' failed to load '/Game/ThirdPersonCPP/Materials/purple-watercolor-splatter-2': Can't find file.
[2020.11.20-02.52.12:381][  0]LoadErrors: Failed to load /Game/ThirdPersonCPP/Materials/purple-watercolor-splatter-2.purple-watercolor-splatter-2 Referenced by SplashDecale
[2020.11.20-02.52.12:381][  0]LogLinker: Warning: While loading '../../../../../../Users/mxcol/Documents/Unreal Projects/CPP_TP1_UnrealEngine/TP1_Unreal/Content/ThirdPersonCPP/Materials/SplashDecale.uasset' failed to load '/Game/ThirdPersonCPP/Materials/purple-watercolor-splatter-2': Can't find file.
[2020.11.20-02.52.12:381][  0]LoadErrors: Failed to load /Game/ThirdPersonCPP/Materials/purple-watercolor-splatter-2.purple-watercolor-splatter-2 Referenced by MaterialExpressionTextureSample_0
[2020.11.20-02.52.12:382][  0]LogLinker: Warning: While loading '../../../../../../Users/mxcol/Documents/Unreal Projects/CPP_TP1_UnrealEngine/TP1_Unreal/Content/ThirdPersonCPP/Materials/SplashDecale.uasset' failed to load '/Game/ThirdPersonCPP/Materials/purple-watercolor-splatter-2': Can't find file.
[2020.11.20-02.52.12:382][  0]LoadErrors: Failed to load /Game/ThirdPersonCPP/Materials/purple-watercolor-splatter-2.purple-watercolor-splatter-2 Referenced by MaterialExpressionTextureSample_0
[2020.11.20-02.52.12:459][  0]LogMaterial: Display: Missing cached shader map for material SplashDecale, compiling. 
[2020.11.20-02.52.12:462][  0]LogMaterial: Warning: C:\Users\mxcol\Documents\Unreal Projects\CPP_TP1_UnrealEngine\TP1_Unreal\Content\ThirdPersonCPP\Materials\SplashDecale.uasset: Failed to compile Material for platform PCD3D_SM5, Default Material will be used in game.
[2020.11.20-02.52.12:462][  0]LogMaterial: Display: 	(Node TextureSample) Texture Sample> Missing input texture
[2020.11.20-02.52.12:476][  0]LogAIModule: Creating AISystem for world ThirdPersonExampleMap
[2020.11.20-02.52.12:476][  0]LogAISub: UAISubsystem::UAISubsystem EnvQueryManager (000001F583873000), frame # 0
[2020.11.20-02.52.12:476][  0]LogAISub: UAISubsystem::UAISubsystem AIPerceptionSystem (000001F58383E480), frame # 0
[2020.11.20-02.52.12:483][  0]LogEditorServer: Finished looking for orphan Actors (0.000 secs)
[2020.11.20-02.52.12:498][  0]LogUObjectHash: Compacting FUObjectHashTables data took   0.86ms
[2020.11.20-02.52.12:499][  0]Cmd: MAP CHECKDEP NOCLEARLOG
[2020.11.20-02.52.12:500][  0]MapCheck: Map check complete: 0 Error(s), 0 Warning(s), took 0,635ms to complete.
[2020.11.20-02.52.12:500][  0]LogFileHelpers: Loading map 'ThirdPersonExampleMap' took 0.451
[2020.11.20-02.52.12:503][  0]LogUnrealEdMisc: Total Editor Startup Time, took 42.551
[2020.11.20-02.52.12:571][  0]LogSlate: Updating window title bar state: overlay mode, drag disabled, window buttons hidden, title bar hidden
[2020.11.20-02.52.12:578][  0]LogSlate: Updating window title bar state: overlay mode, drag disabled, window buttons hidden, title bar hidden
[2020.11.20-02.52.12:585][  0]LogSlate: Updating window title bar state: overlay mode, drag disabled, window buttons hidden, title bar hidden
[2020.11.20-02.52.12:592][  0]LogSlate: Updating window title bar state: overlay mode, drag disabled, window buttons hidden, title bar hidden
[2020.11.20-02.52.12:601][  0]LogCollectionManager: Loaded 0 collections in 0.001668 seconds
[2020.11.20-02.52.12:620][  0]LogFileCache: Scanning file cache for directory 'C:/Users/mxcol/Documents/Unreal Projects/CPP_TP1_UnrealEngine/TP1_Unreal/Saved/Collections/' took 0.00s
[2020.11.20-02.52.12:620][  0]LogFileCache: Scanning file cache for directory 'C:/Users/mxcol/Documents/Unreal Projects/CPP_TP1_UnrealEngine/TP1_Unreal/Content/Developers/mxcol/Collections/' took 0.00s
[2020.11.20-02.52.12:620][  0]LogFileCache: Scanning file cache for directory 'C:/Users/mxcol/Documents/Unreal Projects/CPP_TP1_UnrealEngine/TP1_Unreal/Content/Collections/' took 0.00s
[2020.11.20-02.52.12:620][  0]LogContentBrowser: Native class hierarchy populated in 0.0122 seconds. Added 3434 classes and 823 folders.
[2020.11.20-02.52.12:627][  0]LogContentBrowser: Native class hierarchy updated for 'WidgetCarousel' in 0.0004 seconds. Added 0 classes and 0 folders.
[2020.11.20-02.52.13:093][  0]LogContentBrowser: Native class hierarchy updated for 'AddContentDialog' in 0.0004 seconds. Added 0 classes and 0 folders.
[2020.11.20-02.52.13:094][  0]LogContentBrowser: Native class hierarchy updated for 'SceneOutliner' in 0.0003 seconds. Added 2 classes and 0 folders.
[2020.11.20-02.52.13:676][  0]LogSlate: Took 0.000211 seconds to synchronously load lazily loaded font '../../../Engine/Content/Slate/Fonts/Roboto-Bold.ttf' (160K)
[2020.11.20-02.52.13:690][  0]LogSlate: Took 0.009024 seconds to synchronously load lazily loaded font '../../../Engine/Content/Editor/Slate/Fonts/FontAwesome.ttf' (139K)
[2020.11.20-02.52.13:734][  0]LogRenderer: Reallocating scene render targets to support 1060x572 Format 10 NumSamples 1 (Frame:1).
[2020.11.20-02.52.13:786][  0]LogSlate: Took 0.007582 seconds to synchronously load lazily loaded font '../../../Engine/Content/Slate/Fonts/Roboto-Light.ttf' (167K)
[2020.11.20-02.52.13:871][  0]LogContentBrowser: Native class hierarchy updated for 'HierarchicalLODOutliner' in 0.0004 seconds. Added 0 classes and 0 folders.
[2020.11.20-02.52.13:871][  0]LogLoad: (Engine Initialization) Total time: 43.92 seconds
[2020.11.20-02.52.13:871][  0]LogLoad: (Engine Initialization) Total Blueprint compile time: 0.00 seconds
[2020.11.20-02.52.13:966][  0]LogAssetRegistry: Asset discovery search completed in 32.7427 seconds
[2020.11.20-02.52.13:970][  0]LogCollectionManager: Fixed up redirectors for 0 collections in 0.000002 seconds (updated 0 objects)
[2020.11.20-02.52.13:971][  0]LogContentStreaming: Texture pool size now 1000 MB
[2020.11.20-02.52.14:038][  0]LogSlate: Took 0.009469 seconds to synchronously load lazily loaded font '../../../Engine/Content/Slate/Fonts/DroidSansMono.ttf' (77K)
[2020.11.20-02.52.14:907][ 46]LogSlate: Took 0.000161 seconds to synchronously load lazily loaded font '../../../Engine/Content/Slate/Fonts/Roboto-Light.ttf' (167K)
[2020.11.20-02.52.20:021][347]LogSlate: Window 'Message Log' being destroyed
[2020.11.20-02.52.20:027][347]LogSlate: Window 'Message Log' being destroyed
[2020.11.20-02.52.23:814][412]LogUObjectHash: Compacting FUObjectHashTables data took   0.61ms
[2020.11.20-02.52.23:848][412]LogSavePackage: Moving '../../../../../../Users/mxcol/Documents/Unreal Projects/CPP_TP1_UnrealEngine/TP1_Unreal/Saved/ThirdPersonExampleMap6C7ECF454DC623428EB9A384DF1BFB94.tmp' to '../../../../../../Users/mxcol/Documents/Unreal Projects/CPP_TP1_UnrealEngine/TP1_Unreal/Content/ThirdPersonCPP/Maps/ThirdPersonExampleMap.umap'
[2020.11.20-02.52.24:037][412]LogSavePackage: Moving '../../../../../../Users/mxcol/Documents/Unreal Projects/CPP_TP1_UnrealEngine/TP1_Unreal/Saved/ThirdPersonExampleMap_BuiltData768EE86B488245C4C3E74FA203DFEA04.tmp' to '../../../../../../Users/mxcol/Documents/Unreal Projects/CPP_TP1_UnrealEngine/TP1_Unreal/Content/ThirdPersonCPP/Maps/ThirdPersonExampleMap_BuiltData.uasset'
[2020.11.20-02.52.24:053][412]AssetCheck: New page: Asset Save: multiple assets
[2020.11.20-02.52.24:053][412]LogContentValidation: Display: Validating World /Game/ThirdPersonCPP/Maps/ThirdPersonExampleMap.ThirdPersonExampleMap
[2020.11.20-02.52.24:053][412]LogContentValidation: Display: Validating MapBuildDataRegistry /Game/ThirdPersonCPP/Maps/ThirdPersonExampleMap_BuiltData.ThirdPersonExampleMap_BuiltData
[2020.11.20-02.52.28:644][685]LogAssetEditorSubsystem: Opening Asset editor for Material /Game/ThirdPersonCPP/Materials/SplashDecale.SplashDecale
[2020.11.20-02.52.28:647][685]LogMaterial: Display: Missing cached shader map for material SplashDecale, compiling. 
[2020.11.20-02.52.28:648][685]LogMaterial: Warning: /Engine/Transient.SplashDecale (no disk path found): Failed to compile Material for platform PCD3D_SM5, Default Material will be used in game.
[2020.11.20-02.52.28:648][685]LogMaterial: Display: 	(Node TextureSample) Texture Sample> Missing input texture
[2020.11.20-02.52.28:986][685]LogMaterial: Display: Missing cached shader map for material SplashDecale, compiling. 
[2020.11.20-02.52.28:986][685]LogMaterial: Warning: /Engine/Transient.SplashDecale (no disk path found): Failed to compile Material for platform PCD3D_SM5, Default Material will be used in game.
[2020.11.20-02.52.28:986][685]LogMaterial: Display: 	(Node TextureSample) Texture Sample> Missing input texture
[2020.11.20-02.52.28:990][685]LogMaterial: Display: Missing cached shader map for material SplashDecale, compiling. 
[2020.11.20-02.52.28:990][685]LogMaterial: Warning: /Engine/Transient.SplashDecale (no disk path found): Failed to compile Material for platform PCD3D_SM5, Default Material will be used in game.
[2020.11.20-02.52.28:990][685]LogMaterial: Display: 	(Node TextureSample) Texture Sample> Missing input texture
[2020.11.20-02.52.28:996][685]LogMaterial: Display: Missing cached shader map for material FMatExpressionPreview MaterialExpressionTextureSample_0, compiling. 
[2020.11.20-02.52.29:043][685]MaterialEditorStats: Error: [SM5] (Node TextureSample) Texture Sample> Missing input texture
[2020.11.20-02.52.29:057][685]LogSlate: Took 0.007344 seconds to synchronously load lazily loaded font '../../../Engine/Content/Slate/Fonts/Roboto-BoldCondensed.ttf' (158K)
[2020.11.20-02.52.31:962][821]LogSlate: Window 'SplashDecale' being destroyed
[2020.11.20-02.52.34:752][985]LogSlate: Took 0.012805 seconds to synchronously load lazily loaded font '../../../Engine/Content/Slate/Fonts/DroidSansFallback.ttf' (3848K)
[2020.11.20-02.52.45:351][441]LogFactory: FactoryCreateFile: Texture with ReimportTextureFactory (0 0 C:\Users\mxcol\Desktop\purple-watercolor-splatter-2.png)
[2020.11.20-02.52.45:449][441]LogTexture: Display: Building textures: purple-watercolor-splatter-2 (BGRA8, 2000X1901)
[2020.11.20-02.52.46:273][460]LogUObjectHash: Compacting FUObjectHashTables data took   0.83ms
[2020.11.20-02.52.46:302][460]LogSavePackage: Moving '../../../../../../Users/mxcol/Documents/Unreal Projects/CPP_TP1_UnrealEngine/TP1_Unreal/Saved/ThirdPersonExampleMap6646A361448FE45AFF2F7F95599B78AB.tmp' to '../../../../../../Users/mxcol/Documents/Unreal Projects/CPP_TP1_UnrealEngine/TP1_Unreal/Content/ThirdPersonCPP/Maps/ThirdPersonExampleMap.umap'
[2020.11.20-02.52.46:426][460]LogSavePackage: Moving '../../../../../../Users/mxcol/Documents/Unreal Projects/CPP_TP1_UnrealEngine/TP1_Unreal/Saved/ThirdPersonExampleMap_BuiltDataCF20BDC44AA578F0F2B3EDBF76CC1F0D.tmp' to '../../../../../../Users/mxcol/Documents/Unreal Projects/CPP_TP1_UnrealEngine/TP1_Unreal/Content/ThirdPersonCPP/Maps/ThirdPersonExampleMap_BuiltData.uasset'
[2020.11.20-02.52.46:439][460]AssetCheck: New page: Asset Save: multiple assets
[2020.11.20-02.52.46:439][460]LogContentValidation: Display: Validating World /Game/ThirdPersonCPP/Maps/ThirdPersonExampleMap.ThirdPersonExampleMap
[2020.11.20-02.52.46:439][460]LogContentValidation: Display: Validating MapBuildDataRegistry /Game/ThirdPersonCPP/Maps/ThirdPersonExampleMap_BuiltData.ThirdPersonExampleMap_BuiltData
[2020.11.20-02.52.48:960][602]LogSavePackage: Moving '../../../../../../Users/mxcol/Documents/Unreal Projects/CPP_TP1_UnrealEngine/TP1_Unreal/Saved/purple-watercolor-splatter-269EFAEB6433EC4FCDF6D1280F987980A.tmp' to '../../../../../../Users/mxcol/Documents/Unreal Projects/CPP_TP1_UnrealEngine/TP1_Unreal/Content/ThirdPersonCPP/Materials/purple-watercolor-splatter-2.uasset'
[2020.11.20-02.52.48:974][602]AssetCheck: New page: Asset Save: purple-watercolor-splatter-2
[2020.11.20-02.52.48:974][602]LogContentValidation: Display: Validating Texture2D /Game/ThirdPersonCPP/Materials/purple-watercolor-splatter-2.purple-watercolor-splatter-2
[2020.11.20-02.52.53:302][857]LogMaterial: Display: Missing cached shader map for material SplashDecale, compiling. 
[2020.11.20-02.52.53:367][857]LogMaterial: Display: Missing cached shader map for material FMatExpressionPreview MaterialExpressionTextureSample_0, compiling. 
[2020.11.20-02.52.53:374][857]LogMaterial: Display: Missing cached shader map for material SplashDecale, compiling. 
[2020.11.20-02.52.53:991][892]LogMaterialEditor: Saving and Compiling material SplashDecale
[2020.11.20-02.52.54:605][892]LogMaterial: Display: Missing cached shader map for material SplashDecale, compiling. 
[2020.11.20-02.52.54:699][892]LogMaterial: Display: Missing cached shader map for material SplashDecale, compiling. 
[2020.11.20-02.52.54:757][892]LogUObjectHash: Compacting FUObjectHashTables data took   0.83ms
[2020.11.20-02.52.54:760][892]TextureStreamingBuild: Display: Compiling optional shaders took 0.000 seconds.
[2020.11.20-02.52.54:772][892]LogUObjectHash: Compacting FUObjectHashTables data took   0.29ms
[2020.11.20-02.53.28:995][892]LogSavePackage: Moving '../../../../../../Users/mxcol/Documents/Unreal Projects/CPP_TP1_UnrealEngine/TP1_Unreal/Saved/SplashDecale2798764D43D1CE70404163897371ABED.tmp' to '../../../../../../Users/mxcol/Documents/Unreal Projects/CPP_TP1_UnrealEngine/TP1_Unreal/Content/ThirdPersonCPP/Materials/SplashDecale.uasset'
[2020.11.20-02.53.29:020][892]AssetCheck: New page: Asset Save: SplashDecale
[2020.11.20-02.53.29:020][892]LogContentValidation: Display: Validating Material /Game/ThirdPersonCPP/Materials/SplashDecale.SplashDecale
[2020.11.20-02.53.29:021][892]MaterialEditorStats: Base pass shader: 79 instructions
[2020.11.20-02.53.29:021][892]MaterialEditorStats: Base pass shader with Volumetric Lightmap: 106 instructions
[2020.11.20-02.53.29:021][892]MaterialEditorStats: Base pass vertex shader: 169 instructions
[2020.11.20-02.53.29:021][892]MaterialEditorStats: Texture samplers: 4/16
[2020.11.20-02.53.29:021][892]MaterialEditorStats: Texture Lookups (Est.): VS(0), PS(1)
[2020.11.20-02.53.29:021][892]MaterialEditorStats: User interpolators: 2/4 Scalars (1/4 Vectors) (TexCoords: 2, Custom: 0)
[2020.11.20-02.53.31:227][ 25]LogMaterialEditor: Saving and Compiling material SplashDecale
[2020.11.20-02.53.31:257][ 25]LogSavePackage: Moving '../../../../../../Users/mxcol/Documents/Unreal Projects/CPP_TP1_UnrealEngine/TP1_Unreal/Saved/SplashDecale822B9BBB43A6B93C6A7825AEF69EB103.tmp' to '../../../../../../Users/mxcol/Documents/Unreal Projects/CPP_TP1_UnrealEngine/TP1_Unreal/Content/ThirdPersonCPP/Materials/SplashDecale.uasset'
[2020.11.20-02.53.31:266][ 25]AssetCheck: New page: Asset Save: SplashDecale
[2020.11.20-02.53.31:266][ 25]LogContentValidation: Display: Validating Material /Game/ThirdPersonCPP/Materials/SplashDecale.SplashDecale
[2020.11.20-02.53.50:270][162]LogEditorViewport: Clicking on Actor (LMB): StaticMeshActor (Floor)
[2020.11.20-02.53.50:454][169]LogUObjectHash: Compacting FUObjectHashTables data took   0.29ms
[2020.11.20-02.53.50:484][169]LogSavePackage: Moving '../../../../../../Users/mxcol/Documents/Unreal Projects/CPP_TP1_UnrealEngine/TP1_Unreal/Saved/ThirdPersonExampleMapE608894B4165A16317854FA5C57E23F9.tmp' to '../../../../../../Users/mxcol/Documents/Unreal Projects/CPP_TP1_UnrealEngine/TP1_Unreal/Content/ThirdPersonCPP/Maps/ThirdPersonExampleMap.umap'
[2020.11.20-02.53.50:619][169]LogSavePackage: Moving '../../../../../../Users/mxcol/Documents/Unreal Projects/CPP_TP1_UnrealEngine/TP1_Unreal/Saved/ThirdPersonExampleMap_BuiltDataEA31026D4C1BAF9E688DA9BDBB3C66B2.tmp' to '../../../../../../Users/mxcol/Documents/Unreal Projects/CPP_TP1_UnrealEngine/TP1_Unreal/Content/ThirdPersonCPP/Maps/ThirdPersonExampleMap_BuiltData.uasset'
[2020.11.20-02.53.50:632][169]AssetCheck: New page: Asset Save: multiple assets
[2020.11.20-02.53.50:632][169]LogContentValidation: Display: Validating World /Game/ThirdPersonCPP/Maps/ThirdPersonExampleMap.ThirdPersonExampleMap
[2020.11.20-02.53.50:633][169]LogContentValidation: Display: Validating MapBuildDataRegistry /Game/ThirdPersonCPP/Maps/ThirdPersonExampleMap_BuiltData.ThirdPersonExampleMap_BuiltData
[2020.11.20-02.53.53:691][352]LogTemp: Repeating last play command: Selected Viewport
[2020.11.20-02.53.53:711][352]LogPlayLevel: PlayLevel: No blueprints needed recompiling
[2020.11.20-02.53.53:715][352]PIE: New page: PIE session: ThirdPersonExampleMap (20 nov. 2020 à 04:53:53)
[2020.11.20-02.53.53:716][352]LogOnline: OSS: Creating online subsystem instance for: NULL
[2020.11.20-02.53.53:718][352]LogOnline: OSS: TryLoadSubsystemAndSetDefault: Loaded subsystem for module [NULL]
[2020.11.20-02.53.53:718][352]LogPlayLevel: Creating play world package: /Game/ThirdPersonCPP/Maps/UEDPIE_0_ThirdPersonExampleMap
[2020.11.20-02.53.53:729][352]LogPlayLevel: PIE: StaticDuplicateObject took: (0.011215s)
[2020.11.20-02.53.53:730][352]LogAIModule: Creating AISystem for world ThirdPersonExampleMap
[2020.11.20-02.53.53:730][352]LogAISub: UAISubsystem::UAISubsystem EnvQueryManager (000001F60EF6CA00), frame # 3352
[2020.11.20-02.53.53:730][352]LogAISub: UAISubsystem::UAISubsystem AIPerceptionSystem (000001F5D3360900), frame # 3352
[2020.11.20-02.53.53:730][352]LogPlayLevel: PIE: World Init took: (0.001241s)
[2020.11.20-02.53.53:730][352]LogPlayLevel: PIE: Created PIE world by copying editor world from /Game/ThirdPersonCPP/Maps/ThirdPersonExampleMap.ThirdPersonExampleMap to /Game/ThirdPersonCPP/Maps/UEDPIE_0_ThirdPersonExampleMap.ThirdPersonExampleMap (0.012601s)
[2020.11.20-02.53.53:745][352]LogUObjectHash: Compacting FUObjectHashTables data took   0.96ms
[2020.11.20-02.53.53:746][352]LogAudioMixer: Display: Audio Mixer Platform Settings:
[2020.11.20-02.53.53:747][352]LogAudioMixer: Display: 	Sample Rate:						  48000
[2020.11.20-02.53.53:747][352]LogAudioMixer: Display: 	Callback Buffer Frame Size Requested: 1024
[2020.11.20-02.53.53:747][352]LogAudioMixer: Display: 	Callback Buffer Frame Size To Use:	  1024
[2020.11.20-02.53.53:747][352]LogAudioMixer: Display: 	Number of buffers to queue:			  2
[2020.11.20-02.53.53:747][352]LogAudioMixer: Display: 	Max Channels (voices):				  32
[2020.11.20-02.53.53:747][352]LogAudioMixer: Display: 	Number of Async Source Workers:		  0
[2020.11.20-02.53.53:747][352]LogAudio: Display: AudioDevice MaxSources: 32
[2020.11.20-02.53.53:747][352]LogAudio: Display: Using built-in audio occlusion.
[2020.11.20-02.53.53:747][352]LogAudioMixer: Display: Initializing audio mixer.
[2020.11.20-02.53.53:750][352]LogAudioMixer: Display: 0: FrontLeft
[2020.11.20-02.53.53:750][352]LogAudioMixer: Display: 1: FrontRight
[2020.11.20-02.53.53:750][352]LogAudioMixer: Display: 2: FrontCenter
[2020.11.20-02.53.53:750][352]LogAudioMixer: Display: 3: LowFrequency
[2020.11.20-02.53.53:750][352]LogAudioMixer: Display: 4: BackLeft
[2020.11.20-02.53.53:750][352]LogAudioMixer: Display: 5: BackRight
[2020.11.20-02.53.53:750][352]LogAudioMixer: Display: 6: SideLeft
[2020.11.20-02.53.53:750][352]LogAudioMixer: Display: 7: SideRight
[2020.11.20-02.53.53:809][352]LogAudioMixer: Display: Using Audio Device Headphones (Realtek(R) Audio)
[2020.11.20-02.53.53:810][352]LogAudioMixer: Display: Initializing Sound Submixes...
[2020.11.20-02.53.53:810][352]LogAudioMixer: Display: Creating Master Submix 'MasterSubmixDefault'
[2020.11.20-02.53.53:810][352]LogAudioMixer: Display: Creating Master Submix 'MasterReverbSubmixDefault'
[2020.11.20-02.53.53:810][352]LogAudioMixer: Display: Creating Master Submix 'MasterEQSubmixDefault'
[2020.11.20-02.53.53:826][352]LogInit: FAudioDevice initialized.
[2020.11.20-02.53.53:833][352]LogLoad: Game class is 'TP1_UnrealGameMode'
[2020.11.20-02.53.53:835][352]LogWorld: Bringing World /Game/ThirdPersonCPP/Maps/UEDPIE_0_ThirdPersonExampleMap.ThirdPersonExampleMap up for play (max tick rate 60) at 2020.11.20-03.53.53
[2020.11.20-02.53.53:836][352]LogWorld: Bringing up level for play took: 0.001990
[2020.11.20-02.53.53:836][352]LogOnline: OSS: Creating online subsystem instance for: :Context_3
[2020.11.20-02.53.53:841][352]LogContentBrowser: Native class hierarchy updated for 'MovieSceneCapture' in 0.0004 seconds. Added 20 classes and 0 folders.
[2020.11.20-02.53.55:250][352]LogWindows: Error: === Critical error: ===
[2020.11.20-02.53.55:250][352]LogWindows: Error: 
[2020.11.20-02.53.55:250][352]LogWindows: Error: Fatal error!
[2020.11.20-02.53.55:250][352]LogWindows: Error: 
[2020.11.20-02.53.55:250][352]LogWindows: Error: Unhandled Exception: EXCEPTION_ACCESS_VIOLATION reading address 0x000002d8
[2020.11.20-02.53.55:250][352]LogWindows: Error: 
[2020.11.20-02.53.55:250][352]LogWindows: Error: [Callstack] 0x00007ffb3172876b UE4Editor-TP1_Unreal-5101.dll!ATP1_UnrealCharacter::BeginPlay() [C:\Users\mxcol\Documents\Unreal Projects\CPP_TP1_UnrealEngine\TP1_Unreal\Source\TP1_Unreal\TP1_UnrealCharacter.cpp:59]
[2020.11.20-02.53.55:250][352]LogWindows: Error: [Callstack] 0x00007ffa8c72097c UE4Editor-Engine.dll!UnknownFunction []
[2020.11.20-02.53.55:250][352]LogWindows: Error: [Callstack] 0x00007ffa8d9c958d UE4Editor-Engine.dll!UnknownFunction []
[2020.11.20-02.53.55:250][352]LogWindows: Error: [Callstack] 0x00007ffa8ce03151 UE4Editor-Engine.dll!UnknownFunction []
[2020.11.20-02.53.55:250][352]LogWindows: Error: [Callstack] 0x00007ffa8d973a2e UE4Editor-Engine.dll!UnknownFunction []
[2020.11.20-02.53.55:250][352]LogWindows: Error: [Callstack] 0x00007ffa8ce244e9 UE4Editor-Engine.dll!UnknownFunction []
[2020.11.20-02.53.55:250][352]LogWindows: Error: [Callstack] 0x00007ffabe53595c UE4Editor-UnrealEd.dll!UnknownFunction []
[2020.11.20-02.53.55:250][352]LogWindows: Error: [Callstack] 0x00007ffabe55682c UE4Editor-UnrealEd.dll!UnknownFunction []
[2020.11.20-02.53.55:250][352]LogWindows: Error: [Callstack] 0x00007ffabe536899 UE4Editor-UnrealEd.dll!UnknownFunction []
[2020.11.20-02.53.55:250][352]LogWindows: Error: [Callstack] 0x00007ffabe5723da UE4Editor-UnrealEd.dll!UnknownFunction []
[2020.11.20-02.53.55:250][352]LogWindows: Error: [Callstack] 0x00007ffabe57569d UE4Editor-UnrealEd.dll!UnknownFunction []
[2020.11.20-02.53.55:250][352]LogWindows: Error: [Callstack] 0x00007ffabe575078 UE4Editor-UnrealEd.dll!UnknownFunction []
[2020.11.20-02.53.55:250][352]LogWindows: Error: [Callstack] 0x00007ffabdffa854 UE4Editor-UnrealEd.dll!UnknownFunction []
[2020.11.20-02.53.55:250][352]LogWindows: Error: [Callstack] 0x00007ffabe8d37e6 UE4Editor-UnrealEd.dll!UnknownFunction []
[2020.11.20-02.53.55:250][352]LogWindows: Error: [Callstack] 0x00007ff78f5c7800 UE4Editor.exe!UnknownFunction []
[2020.11.20-02.53.55:250][352]LogWindows: Error: [Callstack] 0x00007ff78f5dba7c UE4Editor.exe!UnknownFunction []
[2020.11.20-02.53.55:250][352]LogWindows: Error: [Callstack] 0x00007ff78f5dbb5a UE4Editor.exe!UnknownFunction []
[2020.11.20-02.53.55:250][352]LogWindows: Error: [Callstack] 0x00007ff78f5ee31d UE4Editor.exe!UnknownFunction []
[2020.11.20-02.53.55:250][352]LogWindows: Error: [Callstack] 0x00007ff78f5f145a UE4Editor.exe!UnknownFunction []
[2020.11.20-02.53.55:250][352]LogWindows: Error: [Callstack] 0x00007ffb3ffc7c24 KERNEL32.DLL!UnknownFunction []
[2020.11.20-02.53.55:250][352]LogWindows: Error: [Callstack] 0x00007ffb412ad4d1 ntdll.dll!UnknownFunction []
[2020.11.20-02.53.55:250][352]LogWindows: Error: 
[2020.11.20-02.53.55:266][352]LogExit: Executing StaticShutdownAfterError
[2020.11.20-02.53.55:268][352]LogWindows: FPlatformMisc::RequestExit(1)
[2020.11.20-02.53.55:268][352]LogCore: Engine exit requested (reason: Win RequestExit)
[2020.11.20-02.53.55:275][352]Log file closed, 11/20/20 03:53:55
