Log file open, 11/15/20 16:43:15
LogInit: Display: Running engine for game: TP1_Unreal
LogPlatformFile: Not using cached read wrapper
LogTaskGraph: Started task graph with 5 named threads and 35 total threads with 3 sets of task threads.
LogStats: Stats thread started at 0.179293
LogD3D11RHI: Loaded GFSDK_Aftermath_Lib.x64.dll
LogICUInternationalization: ICU TimeZone Detection - Raw Offset: +1:00, Platform Override: ''
LogPluginManager: Mounting plugin Paper2D
LogPluginManager: Mounting plugin AISupport
LogPluginManager: Mounting plugin LightPropagationVolume
LogPluginManager: Mounting plugin CameraShakePreviewer
LogPluginManager: Mounting plugin ActorLayerUtilities
LogPluginManager: Mounting plugin AnimationSharing
LogPluginManager: Mounting plugin CLionSourceCodeAccess
LogPluginManager: Mounting plugin CodeLiteSourceCodeAccess
LogPluginManager: Mounting plugin GitSourceControl
LogPluginManager: Mounting plugin KDevelopSourceCodeAccess
LogPluginManager: Mounting plugin NullSourceCodeAccess
LogPluginManager: Mounting plugin PerforceSourceControl
LogPluginManager: Mounting plugin PlasticSourceControl
LogPluginManager: Mounting plugin RiderSourceCodeAccess
LogPluginManager: Mounting plugin SubversionSourceControl
LogPluginManager: Mounting plugin UObjectPlugin
LogPluginManager: Mounting plugin VisualStudioCodeSourceCodeAccess
LogPluginManager: Mounting plugin VisualStudioSourceCodeAccess
LogPluginManager: Mounting plugin XCodeSourceCodeAccess
LogPluginManager: Mounting plugin AssetManagerEditor
LogPluginManager: Mounting plugin CryptoKeys
LogPluginManager: Mounting plugin CurveEditorTools
LogPluginManager: Mounting plugin DataValidation
LogPluginManager: Mounting plugin EditorScriptingUtilities
LogPluginManager: Mounting plugin FacialAnimation
LogPluginManager: Mounting plugin GameplayTagsEditor
LogPluginManager: Mounting plugin GeometryMode
LogPluginManager: Mounting plugin MacGraphicsSwitching
LogPluginManager: Mounting plugin MaterialAnalyzer
LogPluginManager: Mounting plugin MobileLauncherProfileWizard
LogPluginManager: Mounting plugin PluginBrowser
LogPluginManager: Mounting plugin SpeedTreeImporter
LogPluginManager: Mounting plugin DatasmithContent
LogPluginManager: Mounting plugin VariantManagerContent
LogPluginManager: Mounting plugin AlembicImporter
LogPluginManager: Mounting plugin AutomationUtils
LogPluginManager: Mounting plugin BackChannel
LogPluginManager: Mounting plugin ChaosCloth
LogPluginManager: Mounting plugin ChaosClothEditor
LogPluginManager: Mounting plugin ChaosEditor
LogPluginManager: Mounting plugin ChaosNiagara
LogPluginManager: Mounting plugin ChaosSolverPlugin
LogPluginManager: Mounting plugin CharacterAI
LogPluginManager: Mounting plugin GeometryCache
LogPluginManager: Mounting plugin GeometryCollectionPlugin
LogPluginManager: Mounting plugin GeometryProcessing
LogPluginManager: Mounting plugin PlanarCut
LogPluginManager: Mounting plugin PlatformCrypto
LogPluginManager: Mounting plugin ProxyLODPlugin
LogPluginManager: Mounting plugin SkeletalReduction
LogPluginManager: Mounting plugin Niagara
LogPluginManager: Mounting plugin MagicLeap
LogPluginManager: Mounting plugin MagicLeapLightEstimation
LogPluginManager: Mounting plugin MagicLeapMedia
LogPluginManager: Mounting plugin MagicLeapPassableWorld
LogPluginManager: Mounting plugin MLSDK
LogPluginManager: Mounting plugin AndroidMedia
LogPluginManager: Mounting plugin AvfMedia
LogPluginManager: Mounting plugin ImgMedia
LogPluginManager: Mounting plugin MediaCompositing
LogPluginManager: Mounting plugin MediaPlayerEditor
LogPluginManager: Mounting plugin WebMMedia
LogPluginManager: Mounting plugin WmfMedia
LogPluginManager: Mounting plugin MeshPainting
LogPluginManager: Mounting plugin TcpMessaging
LogPluginManager: Mounting plugin UdpMessaging
LogPluginManager: Mounting plugin ActorSequence
LogPluginManager: Mounting plugin LevelSequenceEditor
LogPluginManager: Mounting plugin MatineeToLevelSequence
LogPluginManager: Mounting plugin MovieRenderPipeline
LogPluginManager: Mounting plugin TemplateSequence
LogPluginManager: Mounting plugin NetcodeUnitTest
LogPluginManager: Mounting plugin NUTUnrealEngine4
LogPluginManager: Mounting plugin OnlineSubsystemGooglePlay
LogPluginManager: Mounting plugin OnlineSubsystemIOS
LogPluginManager: Mounting plugin OnlineSubsystem
LogPluginManager: Mounting plugin OnlineSubsystemNull
LogPluginManager: Mounting plugin OnlineSubsystemUtils
LogPluginManager: Mounting plugin LauncherChunkInstaller
LogPluginManager: Mounting plugin AndroidDeviceProfileSelector
LogPluginManager: Mounting plugin AndroidMoviePlayer
LogPluginManager: Mounting plugin AndroidPermission
LogPluginManager: Mounting plugin AppleImageUtils
LogPluginManager: Mounting plugin AppleMoviePlayer
LogPluginManager: Mounting plugin ArchVisCharacter
LogPluginManager: Mounting plugin AssetTags
LogPluginManager: Mounting plugin AudioCapture
LogPluginManager: Mounting plugin CableComponent
LogPluginManager: Mounting plugin CustomMeshComponent
LogPluginManager: Mounting plugin EditableMesh
LogPluginManager: Mounting plugin ExampleDeviceProfileSelector
LogPluginManager: Mounting plugin GoogleCloudMessaging
LogPluginManager: Mounting plugin GooglePAD
LogPluginManager: Mounting plugin IOSDeviceProfileSelector
LogPluginManager: Mounting plugin LinuxDeviceProfileSelector
LogPluginManager: Mounting plugin LocationServicesBPLibrary
LogPluginManager: Mounting plugin MobilePatchingUtils
LogPluginManager: Mounting plugin OculusVR
LogPluginManager: Mounting plugin PhysXVehicles
LogPluginManager: Mounting plugin PostSplashScreen
LogPluginManager: Mounting plugin ProceduralMeshComponent
LogPluginManager: Mounting plugin RuntimePhysXCooking
LogPluginManager: Mounting plugin SignificanceManager
LogPluginManager: Mounting plugin SoundFields
LogPluginManager: Mounting plugin SteamVR
LogPluginManager: Mounting plugin Synthesis
LogPluginManager: Mounting plugin WebMMoviePlayer
LogPluginManager: Mounting plugin WindowsMoviePlayer
LogPluginManager: Mounting plugin ScreenshotTools
LogInit: Using libcurl 7.55.1-DEV
LogInit:  - built for x86_64-pc-win32
LogInit:  - supports SSL with OpenSSL/1.1.1
LogInit:  - supports HTTP deflate (compression) using libz 1.2.8
LogInit:  - other features:
LogInit:      CURL_VERSION_SSL
LogInit:      CURL_VERSION_LIBZ
LogInit:      CURL_VERSION_IPV6
LogInit:      CURL_VERSION_ASYNCHDNS
LogInit:      CURL_VERSION_LARGEFILE
LogInit:      CURL_VERSION_IDN
LogInit:  CurlRequestOptions (configurable via config and command line):
LogInit:  - bVerifyPeer = true  - Libcurl will verify peer certificate
LogInit:  - bUseHttpProxy = false  - Libcurl will NOT use HTTP proxy
LogInit:  - bDontReuseConnections = false  - Libcurl will reuse connections
LogInit:  - MaxHostConnections = 16  - Libcurl will limit the number of connections to a host
LogInit:  - LocalHostAddr = Default
LogInit:  - BufferSize = 65536
LogOnline: OSS: Creating online subsystem instance for: NULL
LogInit: WinSock: version 1.1 (2.2), MaxSocks=32767, MaxUdp=65467
LogOnline: OSS: TryLoadSubsystemAndSetDefault: Loaded subsystem for module [NULL]
LogInit: Build: ++UE4+Release-4.25-CL-14469661
LogInit: Engine Version: 4.25.4-14469661+++UE4+Release-4.25
LogInit: Compatible Engine Version: 4.25.0-13144385+++UE4+Release-4.25
LogInit: Net CL: 13144385
LogInit: OS: Windows 10 (Release 1909) (), CPU: Intel(R) Core(TM) i7-10750H CPU @ 2.60GHz, GPU: Intel(R) UHD Graphics
LogInit: Compiled (64-bit): Oct 11 2020 08:10:49
LogInit: Compiled with Visual C++: 19.24.28315.00
LogInit: Build Configuration: Development
LogInit: Branch Name: ++UE4+Release-4.25
LogInit: Command Line:  -EpicPortal -epicusername=MxColas -epicuserid=f5049936423a456abc106400c4f24e55 -epiclocale=fr
LogInit: Base Directory: C:/Program Files/Epic Games/UE_4.25/Engine/Binaries/Win64/
LogInit: Allocator: TBB
LogInit: Installed Engine Build: 1
LogDevObjectVersion: Number of dev versions registered: 26
LogDevObjectVersion:   Dev-Blueprints (B0D832E4-1F89-4F0D-ACCF-7EB736FD4AA2): 10
LogDevObjectVersion:   Dev-Build (E1C64328-A22C-4D53-A36C-8E866417BD8C): 0
LogDevObjectVersion:   Dev-Core (375EC13C-06E4-48FB-B500-84F0262A717E): 4
LogDevObjectVersion:   Dev-Editor (E4B068ED-F494-42E9-A231-DA0B2E46BB41): 38
LogDevObjectVersion:   Dev-Framework (CFFC743F-43B0-4480-9391-14DF171D2073): 37
LogDevObjectVersion:   Dev-Mobile (B02B49B5-BB20-44E9-A304-32B752E40360): 2
LogDevObjectVersion:   Dev-Networking (A4E4105C-59A1-49B5-A7C5-40C4547EDFEE): 0
LogDevObjectVersion:   Dev-Online (39C831C9-5AE6-47DC-9A44-9C173E1C8E7C): 0
LogDevObjectVersion:   Dev-Physics (78F01B33-EBEA-4F98-B9B4-84EACCB95AA2): 4
LogDevObjectVersion:   Dev-Platform (6631380F-2D4D-43E0-8009-CF276956A95A): 0
LogDevObjectVersion:   Dev-Rendering (12F88B9F-8875-4AFC-A67C-D90C383ABD29): 43
LogDevObjectVersion:   Dev-Sequencer (7B5AE74C-D270-4C10-A958-57980B212A5A): 12
LogDevObjectVersion:   Dev-VR (D7296918-1DD6-4BDD-9DE2-64A83CC13884): 3
LogDevObjectVersion:   Dev-LoadTimes (C2A15278-BFE7-4AFE-6C17-90FF531DF755): 1
LogDevObjectVersion:   Private-Geometry (6EACA3D4-40EC-4CC1-B786-8BED09428FC5): 3
LogDevObjectVersion:   Dev-AnimPhys (29E575DD-E0A3-4627-9D10-D276232CDCEA): 17
LogDevObjectVersion:   Dev-Anim (AF43A65D-7FD3-4947-9873-3E8ED9C1BB05): 7
LogDevObjectVersion:   Dev-ReflectionCapture (6B266CEC-1EC7-4B8F-A30B-E4D90942FC07): 1
LogDevObjectVersion:   Dev-Automation (0DF73D61-A23F-47EA-B727-89E90C41499A): 1
LogDevObjectVersion:   FortniteMain (601D1886-AC64-4F84-AA16-D3DE0DEAC7D6): 31
LogDevObjectVersion:   Dev-Enterprise (9DFFBCD6-494F-0158-E221-12823C92A888): 10
LogDevObjectVersion:   Dev-Niagara (F2AED0AC-9AFE-416F-8664-AA7FFA26D6FC): 1
LogDevObjectVersion:   Dev-Destruction (174F1F0B-B4C6-45A5-B13F-2EE8D0FB917D): 10
LogDevObjectVersion:   Dev-Physics-Ext (35F94A83-E258-406C-A318-09F59610247C): 37
LogDevObjectVersion:   Dev-PhysicsMaterial-Chaos (B68FC16E-8B1B-42E2-B453-215C058844FE): 1
LogDevObjectVersion:   Dev-CineCamera (B2E18506-4273-CFC2-A54E-F4BB758BBA07): 1
LogInit: Presizing for max 25165824 objects, including 0 objects not considered by GC, pre-allocating 0 bytes for permanent pool.
LogConfig: Applying CVar settings from Section [/Script/Engine.StreamingSettings] File [C:/Users/mxcol/Documents/Unreal Projects/CPP_TP1_UnrealEngine/TP1_Unreal/Saved/Config/Windows/Engine.ini]
LogConfig: Setting CVar [[s.MinBulkDataSizeForAsyncLoading:131072]]
LogConfig: Setting CVar [[s.AsyncLoadingThreadEnabled:0]]
LogConfig: Setting CVar [[s.EventDrivenLoaderEnabled:1]]
LogConfig: Setting CVar [[s.WarnIfTimeLimitExceeded:0]]
LogConfig: Setting CVar [[s.TimeLimitExceededMultiplier:1.5]]
LogConfig: Setting CVar [[s.TimeLimitExceededMinTime:0.005]]
LogConfig: Setting CVar [[s.UseBackgroundLevelStreaming:1]]
LogConfig: Setting CVar [[s.PriorityAsyncLoadingExtraTime:15.0]]
LogConfig: Setting CVar [[s.LevelStreamingActorsUpdateTimeLimit:5.0]]
LogConfig: Setting CVar [[s.PriorityLevelStreamingActorsUpdateExtraTime:5.0]]
LogConfig: Setting CVar [[s.LevelStreamingComponentsRegistrationGranularity:10]]
LogConfig: Setting CVar [[s.UnregisterComponentsTimeLimit:1.0]]
LogConfig: Setting CVar [[s.LevelStreamingComponentsUnregistrationGranularity:5]]
LogConfig: Setting CVar [[s.FlushStreamingOnExit:1]]
LogInit: Object subsystem initialized
LogConfig: Setting CVar [[con.DebugEarlyDefault:1]]
LogConfig: Setting CVar [[r.setres:1280x720]]
[2020.11.15-15.43.15:825][  0]LogConfig: Setting CVar [[r.VSync:0]]
[2020.11.15-15.43.15:825][  0]LogConfig: Setting CVar [[r.RHICmdBypass:0]]
[2020.11.15-15.43.15:826][  0]LogConfig: Applying CVar settings from Section [/Script/Engine.RendererSettings] File [C:/Users/mxcol/Documents/Unreal Projects/CPP_TP1_UnrealEngine/TP1_Unreal/Saved/Config/Windows/Engine.ini]
[2020.11.15-15.43.15:826][  0]LogConfig: Setting CVar [[r.GPUCrashDebugging:0]]
[2020.11.15-15.43.15:826][  0]LogConfig: Applying CVar settings from Section [/Script/Engine.RendererOverrideSettings] File [C:/Users/mxcol/Documents/Unreal Projects/CPP_TP1_UnrealEngine/TP1_Unreal/Saved/Config/Windows/Engine.ini]
[2020.11.15-15.43.15:826][  0]LogConfig: Applying CVar settings from Section [/Script/Engine.StreamingSettings] File [C:/Users/mxcol/Documents/Unreal Projects/CPP_TP1_UnrealEngine/TP1_Unreal/Saved/Config/Windows/Engine.ini]
[2020.11.15-15.43.15:826][  0]LogConfig: Setting CVar [[s.MinBulkDataSizeForAsyncLoading:131072]]
[2020.11.15-15.43.15:826][  0]LogConfig: Setting CVar [[s.AsyncLoadingThreadEnabled:0]]
[2020.11.15-15.43.15:826][  0]LogConfig: Setting CVar [[s.EventDrivenLoaderEnabled:1]]
[2020.11.15-15.43.15:826][  0]LogConfig: Setting CVar [[s.WarnIfTimeLimitExceeded:0]]
[2020.11.15-15.43.15:826][  0]LogConfig: Setting CVar [[s.TimeLimitExceededMultiplier:1.5]]
[2020.11.15-15.43.15:826][  0]LogConfig: Setting CVar [[s.TimeLimitExceededMinTime:0.005]]
[2020.11.15-15.43.15:826][  0]LogConfig: Setting CVar [[s.UseBackgroundLevelStreaming:1]]
[2020.11.15-15.43.15:826][  0]LogConfig: Setting CVar [[s.PriorityAsyncLoadingExtraTime:15.0]]
[2020.11.15-15.43.15:826][  0]LogConfig: Setting CVar [[s.LevelStreamingActorsUpdateTimeLimit:5.0]]
[2020.11.15-15.43.15:826][  0]LogConfig: Setting CVar [[s.PriorityLevelStreamingActorsUpdateExtraTime:5.0]]
[2020.11.15-15.43.15:826][  0]LogConfig: Setting CVar [[s.LevelStreamingComponentsRegistrationGranularity:10]]
[2020.11.15-15.43.15:826][  0]LogConfig: Setting CVar [[s.UnregisterComponentsTimeLimit:1.0]]
[2020.11.15-15.43.15:826][  0]LogConfig: Setting CVar [[s.LevelStreamingComponentsUnregistrationGranularity:5]]
[2020.11.15-15.43.15:826][  0]LogConfig: Setting CVar [[s.FlushStreamingOnExit:1]]
[2020.11.15-15.43.15:826][  0]LogConfig: Applying CVar settings from Section [/Script/Engine.GarbageCollectionSettings] File [C:/Users/mxcol/Documents/Unreal Projects/CPP_TP1_UnrealEngine/TP1_Unreal/Saved/Config/Windows/Engine.ini]
[2020.11.15-15.43.15:826][  0]LogConfig: Setting CVar [[gc.MaxObjectsNotConsideredByGC:1]]
[2020.11.15-15.43.15:826][  0]LogConfig: Setting CVar [[gc.SizeOfPermanentObjectPool:0]]
[2020.11.15-15.43.15:826][  0]LogConfig: Setting CVar [[gc.FlushStreamingOnGC:0]]
[2020.11.15-15.43.15:826][  0]LogConfig: Setting CVar [[gc.NumRetriesBeforeForcingGC:10]]
[2020.11.15-15.43.15:826][  0]LogConfig: Setting CVar [[gc.AllowParallelGC:1]]
[2020.11.15-15.43.15:826][  0]LogConfig: Setting CVar [[gc.TimeBetweenPurgingPendingKillObjects:61.1]]
[2020.11.15-15.43.15:826][  0]LogConfig: Setting CVar [[gc.MaxObjectsInEditor:25165824]]
[2020.11.15-15.43.15:826][  0]LogConfig: Setting CVar [[gc.IncrementalBeginDestroyEnabled:1]]
[2020.11.15-15.43.15:826][  0]LogConfig: Setting CVar [[gc.CreateGCClusters:1]]
[2020.11.15-15.43.15:826][  0]LogConfig: Setting CVar [[gc.MinGCClusterSize:5]]
[2020.11.15-15.43.15:826][  0]LogConfig: Setting CVar [[gc.ActorClusteringEnabled:0]]
[2020.11.15-15.43.15:826][  0]LogConfig: Setting CVar [[gc.BlueprintClusteringEnabled:0]]
[2020.11.15-15.43.15:826][  0]LogConfig: Setting CVar [[gc.UseDisregardForGCOnDedicatedServers:0]]
[2020.11.15-15.43.15:826][  0]LogConfig: Applying CVar settings from Section [/Script/Engine.NetworkSettings] File [C:/Users/mxcol/Documents/Unreal Projects/CPP_TP1_UnrealEngine/TP1_Unreal/Saved/Config/Windows/Engine.ini]
[2020.11.15-15.43.15:826][  0]LogConfig: Applying CVar settings from Section [/Script/UnrealEd.CookerSettings] File [C:/Users/mxcol/Documents/Unreal Projects/CPP_TP1_UnrealEngine/TP1_Unreal/Saved/Config/Windows/Engine.ini]
[2020.11.15-15.43.15:830][  0]LogConfig: Applying CVar settings from Section [ViewDistanceQuality@3] File [C:/Users/mxcol/Documents/Unreal Projects/CPP_TP1_UnrealEngine/TP1_Unreal/Saved/Config/Windows/Scalability.ini]
[2020.11.15-15.43.15:830][  0]LogConfig: Setting CVar [[r.SkeletalMeshLODBias:0]]
[2020.11.15-15.43.15:830][  0]LogConfig: Setting CVar [[r.ViewDistanceScale:1.0]]
[2020.11.15-15.43.15:830][  0]LogConfig: Applying CVar settings from Section [AntiAliasingQuality@3] File [C:/Users/mxcol/Documents/Unreal Projects/CPP_TP1_UnrealEngine/TP1_Unreal/Saved/Config/Windows/Scalability.ini]
[2020.11.15-15.43.15:830][  0]LogConfig: Setting CVar [[r.PostProcessAAQuality:4]]
[2020.11.15-15.43.15:830][  0]LogConfig: Applying CVar settings from Section [ShadowQuality@3] File [C:/Users/mxcol/Documents/Unreal Projects/CPP_TP1_UnrealEngine/TP1_Unreal/Saved/Config/Windows/Scalability.ini]
[2020.11.15-15.43.15:830][  0]LogConfig: Setting CVar [[r.LightFunctionQuality:1]]
[2020.11.15-15.43.15:830][  0]LogConfig: Setting CVar [[r.ShadowQuality:5]]
[2020.11.15-15.43.15:830][  0]LogConfig: Setting CVar [[r.Shadow.CSM.MaxCascades:10]]
[2020.11.15-15.43.15:830][  0]LogConfig: Setting CVar [[r.Shadow.MaxResolution:2048]]
[2020.11.15-15.43.15:830][  0]LogConfig: Setting CVar [[r.Shadow.MaxCSMResolution:2048]]
[2020.11.15-15.43.15:830][  0]LogConfig: Setting CVar [[r.Shadow.RadiusThreshold:0.01]]
[2020.11.15-15.43.15:830][  0]LogConfig: Setting CVar [[r.Shadow.DistanceScale:1.0]]
[2020.11.15-15.43.15:830][  0]LogConfig: Setting CVar [[r.Shadow.CSM.TransitionScale:1.0]]
[2020.11.15-15.43.15:830][  0]LogConfig: Setting CVar [[r.Shadow.PreShadowResolutionFactor:1.0]]
[2020.11.15-15.43.15:830][  0]LogConfig: Setting CVar [[r.DistanceFieldShadowing:1]]
[2020.11.15-15.43.15:830][  0]LogConfig: Setting CVar [[r.DistanceFieldAO:1]]
[2020.11.15-15.43.15:830][  0]LogConfig: Setting CVar [[r.AOQuality:2]]
[2020.11.15-15.43.15:830][  0]LogConfig: Setting CVar [[r.VolumetricFog:1]]
[2020.11.15-15.43.15:830][  0]LogConfig: Setting CVar [[r.VolumetricFog.GridPixelSize:8]]
[2020.11.15-15.43.15:830][  0]LogConfig: Setting CVar [[r.VolumetricFog.GridSizeZ:128]]
[2020.11.15-15.43.15:830][  0]LogConfig: Setting CVar [[r.VolumetricFog.HistoryMissSupersampleCount:4]]
[2020.11.15-15.43.15:830][  0]LogConfig: Setting CVar [[r.LightMaxDrawDistanceScale:1]]
[2020.11.15-15.43.15:830][  0]LogConfig: Setting CVar [[r.CapsuleShadows:1]]
[2020.11.15-15.43.15:830][  0]LogConfig: Applying CVar settings from Section [PostProcessQuality@3] File [C:/Users/mxcol/Documents/Unreal Projects/CPP_TP1_UnrealEngine/TP1_Unreal/Saved/Config/Windows/Scalability.ini]
[2020.11.15-15.43.15:830][  0]LogConfig: Setting CVar [[r.MotionBlurQuality:4]]
[2020.11.15-15.43.15:830][  0]LogConfig: Setting CVar [[r.AmbientOcclusionMipLevelFactor:0.4]]
[2020.11.15-15.43.15:830][  0]LogConfig: Setting CVar [[r.AmbientOcclusionMaxQuality:100]]
[2020.11.15-15.43.15:830][  0]LogConfig: Setting CVar [[r.AmbientOcclusionLevels:-1]]
[2020.11.15-15.43.15:830][  0]LogConfig: Setting CVar [[r.AmbientOcclusionRadiusScale:1.0]]
[2020.11.15-15.43.15:830][  0]LogConfig: Setting CVar [[r.DepthOfFieldQuality:2]]
[2020.11.15-15.43.15:830][  0]LogConfig: Setting CVar [[r.RenderTargetPoolMin:400]]
[2020.11.15-15.43.15:830][  0]LogConfig: Setting CVar [[r.LensFlareQuality:2]]
[2020.11.15-15.43.15:830][  0]LogConfig: Setting CVar [[r.SceneColorFringeQuality:1]]
[2020.11.15-15.43.15:830][  0]LogConfig: Setting CVar [[r.EyeAdaptationQuality:2]]
[2020.11.15-15.43.15:830][  0]LogConfig: Setting CVar [[r.BloomQuality:5]]
[2020.11.15-15.43.15:830][  0]LogConfig: Setting CVar [[r.FastBlurThreshold:100]]
[2020.11.15-15.43.15:830][  0]LogConfig: Setting CVar [[r.Upscale.Quality:3]]
[2020.11.15-15.43.15:830][  0]LogConfig: Setting CVar [[r.Tonemapper.GrainQuantization:1]]
[2020.11.15-15.43.15:830][  0]LogConfig: Setting CVar [[r.LightShaftQuality:1]]
[2020.11.15-15.43.15:830][  0]LogConfig: Setting CVar [[r.Filter.SizeScale:1]]
[2020.11.15-15.43.15:830][  0]LogConfig: Setting CVar [[r.Tonemapper.Quality:5]]
[2020.11.15-15.43.15:830][  0]LogConfig: Setting CVar [[r.DOF.Gather.AccumulatorQuality:1        ; higher gathering accumulator quality]]
[2020.11.15-15.43.15:831][  0]LogConfig: Setting CVar [[r.DOF.Gather.PostfilterMethod:1          ; Median3x3 postfilering method]]
[2020.11.15-15.43.15:831][  0]LogConfig: Setting CVar [[r.DOF.Gather.EnableBokehSettings:0       ; no bokeh simulation when gathering]]
[2020.11.15-15.43.15:831][  0]LogConfig: Setting CVar [[r.DOF.Gather.RingCount:4                 ; medium number of samples when gathering]]
[2020.11.15-15.43.15:831][  0]LogConfig: Setting CVar [[r.DOF.Scatter.ForegroundCompositing:1    ; additive foreground scattering]]
[2020.11.15-15.43.15:831][  0]LogConfig: Setting CVar [[r.DOF.Scatter.BackgroundCompositing:2    ; additive background scattering]]
[2020.11.15-15.43.15:831][  0]LogConfig: Setting CVar [[r.DOF.Scatter.EnableBokehSettings:1      ; bokeh simulation when scattering]]
[2020.11.15-15.43.15:831][  0]LogConfig: Setting CVar [[r.DOF.Scatter.MaxSpriteRatio:0.1         ; only a maximum of 10% of scattered bokeh]]
[2020.11.15-15.43.15:831][  0]LogConfig: Setting CVar [[r.DOF.Recombine.Quality:1                ; cheap slight out of focus]]
[2020.11.15-15.43.15:831][  0]LogConfig: Setting CVar [[r.DOF.Recombine.EnableBokehSettings:0    ; no bokeh simulation on slight out of focus]]
[2020.11.15-15.43.15:831][  0]LogConfig: Setting CVar [[r.DOF.TemporalAAQuality:1                ; more stable temporal accumulation]]
[2020.11.15-15.43.15:831][  0]LogConfig: Setting CVar [[r.DOF.Kernel.MaxForegroundRadius:0.025]]
[2020.11.15-15.43.15:831][  0]LogConfig: Setting CVar [[r.DOF.Kernel.MaxBackgroundRadius:0.025]]
[2020.11.15-15.43.15:831][  0]LogConfig: Applying CVar settings from Section [TextureQuality@3] File [C:/Users/mxcol/Documents/Unreal Projects/CPP_TP1_UnrealEngine/TP1_Unreal/Saved/Config/Windows/Scalability.ini]
[2020.11.15-15.43.15:831][  0]LogConfig: Setting CVar [[r.Streaming.MipBias:0]]
[2020.11.15-15.43.15:831][  0]LogConfig: Setting CVar [[r.Streaming.AmortizeCPUToGPUCopy:0]]
[2020.11.15-15.43.15:831][  0]LogConfig: Setting CVar [[r.Streaming.MaxNumTexturesToStreamPerFrame:0]]
[2020.11.15-15.43.15:831][  0]LogConfig: Setting CVar [[r.Streaming.Boost:1]]
[2020.11.15-15.43.15:831][  0]LogConfig: Setting CVar [[r.MaxAnisotropy:8]]
[2020.11.15-15.43.15:831][  0]LogConfig: Setting CVar [[r.VT.MaxAnisotropy:8]]
[2020.11.15-15.43.15:831][  0]LogConfig: Setting CVar [[r.Streaming.LimitPoolSizeToVRAM:0]]
[2020.11.15-15.43.15:831][  0]LogConfig: Setting CVar [[r.Streaming.PoolSize:1000]]
[2020.11.15-15.43.15:831][  0]LogConfig: Setting CVar [[r.Streaming.MaxEffectiveScreenSize:0]]
[2020.11.15-15.43.15:831][  0]LogConfig: Applying CVar settings from Section [EffectsQuality@3] File [C:/Users/mxcol/Documents/Unreal Projects/CPP_TP1_UnrealEngine/TP1_Unreal/Saved/Config/Windows/Scalability.ini]
[2020.11.15-15.43.15:831][  0]LogConfig: Setting CVar [[r.TranslucencyLightingVolumeDim:64]]
[2020.11.15-15.43.15:831][  0]LogConfig: Setting CVar [[r.RefractionQuality:2]]
[2020.11.15-15.43.15:831][  0]LogConfig: Setting CVar [[r.SSR.Quality:3]]
[2020.11.15-15.43.15:831][  0]LogConfig: Setting CVar [[r.SSR.HalfResSceneColor:0]]
[2020.11.15-15.43.15:831][  0]LogConfig: Setting CVar [[r.SceneColorFormat:4]]
[2020.11.15-15.43.15:831][  0]LogConfig: Setting CVar [[r.DetailMode:2]]
[2020.11.15-15.43.15:831][  0]LogConfig: Setting CVar [[r.TranslucencyVolumeBlur:1]]
[2020.11.15-15.43.15:831][  0]LogConfig: Setting CVar [[r.MaterialQualityLevel:1 ; High quality]]
[2020.11.15-15.43.15:831][  0]LogConfig: Setting CVar [[r.SSS.Scale:1]]
[2020.11.15-15.43.15:831][  0]LogConfig: Setting CVar [[r.SSS.SampleSet:2]]
[2020.11.15-15.43.15:831][  0]LogConfig: Setting CVar [[r.SSS.Quality:1]]
[2020.11.15-15.43.15:831][  0]LogConfig: Setting CVar [[r.SSS.HalfRes:0]]
[2020.11.15-15.43.15:831][  0]LogConfig: Setting CVar [[r.SSGI.Quality:3]]
[2020.11.15-15.43.15:831][  0]LogConfig: Setting CVar [[r.EmitterSpawnRateScale:1.0]]
[2020.11.15-15.43.15:831][  0]LogConfig: Setting CVar [[r.ParticleLightQuality:2]]
[2020.11.15-15.43.15:831][  0]LogConfig: Setting CVar [[r.SkyAtmosphere.AerialPerspectiveLUT.FastApplyOnOpaque:1 ; Always have FastSkyLUT 1 in this case to avoid wrong sky]]
[2020.11.15-15.43.15:831][  0]LogConfig: Setting CVar [[r.SkyAtmosphere.AerialPerspectiveLUT.SampleCountPerSlice:1]]
[2020.11.15-15.43.15:831][  0]LogConfig: Setting CVar [[r.SkyAtmosphere.AerialPerspectiveLUT.DepthResolution:16.0]]
[2020.11.15-15.43.15:831][  0]LogConfig: Setting CVar [[r.SkyAtmosphere.FastSkyLUT:1]]
[2020.11.15-15.43.15:831][  0]LogConfig: Setting CVar [[r.SkyAtmosphere.FastSkyLUT.SampleCountMin:4.0]]
[2020.11.15-15.43.15:831][  0]LogConfig: Setting CVar [[r.SkyAtmosphere.FastSkyLUT.SampleCountMax:32.0]]
[2020.11.15-15.43.15:831][  0]LogConfig: Setting CVar [[r.SkyAtmosphere.SampleCountMin:4.0]]
[2020.11.15-15.43.15:831][  0]LogConfig: Setting CVar [[r.SkyAtmosphere.SampleCountMax:32.0]]
[2020.11.15-15.43.15:831][  0]LogConfig: Setting CVar [[r.SkyAtmosphere.TransmittanceLUT.UseSmallFormat:0]]
[2020.11.15-15.43.15:831][  0]LogConfig: Setting CVar [[r.SkyAtmosphere.TransmittanceLUT.SampleCount:10.0]]
[2020.11.15-15.43.15:831][  0]LogConfig: Setting CVar [[r.SkyAtmosphere.MultiScatteringLUT.SampleCount:15.0]]
[2020.11.15-15.43.15:831][  0]LogConfig: Applying CVar settings from Section [FoliageQuality@3] File [C:/Users/mxcol/Documents/Unreal Projects/CPP_TP1_UnrealEngine/TP1_Unreal/Saved/Config/Windows/Scalability.ini]
[2020.11.15-15.43.15:831][  0]LogConfig: Setting CVar [[foliage.DensityScale:1.0]]
[2020.11.15-15.43.15:831][  0]LogConfig: Setting CVar [[grass.DensityScale:1.0]]
[2020.11.15-15.43.15:831][  0]LogConfig: Applying CVar settings from Section [ShadingQuality@3] File [C:/Users/mxcol/Documents/Unreal Projects/CPP_TP1_UnrealEngine/TP1_Unreal/Saved/Config/Windows/Scalability.ini]
[2020.11.15-15.43.15:831][  0]LogConfig: Setting CVar [[r.HairStrands.SkyLighting.SampleCount:16]]
[2020.11.15-15.43.15:831][  0]LogConfig: Setting CVar [[r.HairStrands.SkyLighting.JitterIntegration:0]]
[2020.11.15-15.43.15:831][  0]LogConfig: Setting CVar [[r.HairStrands.SkyAO.SampleCount:16]]
[2020.11.15-15.43.15:831][  0]LogConfig: Setting CVar [[r.HairStrands.DeepShadow.SuperSampling:0]]
[2020.11.15-15.43.15:831][  0]LogConfig: Setting CVar [[r.HairStrands.VisibilityPPLL:0]]
[2020.11.15-15.43.15:831][  0]LogConfig: Setting CVar [[r.HairStrands.RasterizationScale:0.5]]
[2020.11.15-15.43.15:831][  0]LogConfig: Setting CVar [[r.HairStrands.VelocityRasterizationScale:1]]
[2020.11.15-15.43.15:831][  0]LogInit: Selected Device Profile: [Windows]
[2020.11.15-15.43.15:831][  0]LogInit: Applying CVar settings loaded from the selected device profile: [Windows]
[2020.11.15-15.43.15:831][  0]LogHAL: Display: Platform has ~ 16 GB [16954834944 / 17179869184 / 16], which maps to Larger [LargestMinGB=32, LargerMinGB=12, DefaultMinGB=8, SmallerMinGB=6, SmallestMinGB=0)
[2020.11.15-15.43.15:831][  0]LogInit: Going up to parent DeviceProfile []
[2020.11.15-15.43.15:832][  0]LogConfig: Applying CVar settings from Section [ViewDistanceQuality@3] File [C:/Users/mxcol/Documents/Unreal Projects/CPP_TP1_UnrealEngine/TP1_Unreal/Saved/Config/Windows/Scalability.ini]
[2020.11.15-15.43.15:832][  0]LogConfig: Setting CVar [[r.SkeletalMeshLODBias:0]]
[2020.11.15-15.43.15:832][  0]LogConfig: Setting CVar [[r.ViewDistanceScale:1.0]]
[2020.11.15-15.43.15:832][  0]LogConfig: Applying CVar settings from Section [AntiAliasingQuality@3] File [C:/Users/mxcol/Documents/Unreal Projects/CPP_TP1_UnrealEngine/TP1_Unreal/Saved/Config/Windows/Scalability.ini]
[2020.11.15-15.43.15:832][  0]LogConfig: Setting CVar [[r.PostProcessAAQuality:4]]
[2020.11.15-15.43.15:832][  0]LogConfig: Applying CVar settings from Section [ShadowQuality@3] File [C:/Users/mxcol/Documents/Unreal Projects/CPP_TP1_UnrealEngine/TP1_Unreal/Saved/Config/Windows/Scalability.ini]
[2020.11.15-15.43.15:832][  0]LogConfig: Setting CVar [[r.LightFunctionQuality:1]]
[2020.11.15-15.43.15:832][  0]LogConfig: Setting CVar [[r.ShadowQuality:5]]
[2020.11.15-15.43.15:832][  0]LogConfig: Setting CVar [[r.Shadow.CSM.MaxCascades:10]]
[2020.11.15-15.43.15:832][  0]LogConfig: Setting CVar [[r.Shadow.MaxResolution:2048]]
[2020.11.15-15.43.15:832][  0]LogConfig: Setting CVar [[r.Shadow.MaxCSMResolution:2048]]
[2020.11.15-15.43.15:832][  0]LogConfig: Setting CVar [[r.Shadow.RadiusThreshold:0.01]]
[2020.11.15-15.43.15:832][  0]LogConfig: Setting CVar [[r.Shadow.DistanceScale:1.0]]
[2020.11.15-15.43.15:832][  0]LogConfig: Setting CVar [[r.Shadow.CSM.TransitionScale:1.0]]
[2020.11.15-15.43.15:832][  0]LogConfig: Setting CVar [[r.Shadow.PreShadowResolutionFactor:1.0]]
[2020.11.15-15.43.15:832][  0]LogConfig: Setting CVar [[r.DistanceFieldShadowing:1]]
[2020.11.15-15.43.15:832][  0]LogConfig: Setting CVar [[r.DistanceFieldAO:1]]
[2020.11.15-15.43.15:832][  0]LogConfig: Setting CVar [[r.AOQuality:2]]
[2020.11.15-15.43.15:832][  0]LogConfig: Setting CVar [[r.VolumetricFog:1]]
[2020.11.15-15.43.15:832][  0]LogConfig: Setting CVar [[r.VolumetricFog.GridPixelSize:8]]
[2020.11.15-15.43.15:832][  0]LogConfig: Setting CVar [[r.VolumetricFog.GridSizeZ:128]]
[2020.11.15-15.43.15:832][  0]LogConfig: Setting CVar [[r.VolumetricFog.HistoryMissSupersampleCount:4]]
[2020.11.15-15.43.15:832][  0]LogConfig: Setting CVar [[r.LightMaxDrawDistanceScale:1]]
[2020.11.15-15.43.15:832][  0]LogConfig: Setting CVar [[r.CapsuleShadows:1]]
[2020.11.15-15.43.15:832][  0]LogConfig: Applying CVar settings from Section [PostProcessQuality@3] File [C:/Users/mxcol/Documents/Unreal Projects/CPP_TP1_UnrealEngine/TP1_Unreal/Saved/Config/Windows/Scalability.ini]
[2020.11.15-15.43.15:832][  0]LogConfig: Setting CVar [[r.MotionBlurQuality:4]]
[2020.11.15-15.43.15:832][  0]LogConfig: Setting CVar [[r.AmbientOcclusionMipLevelFactor:0.4]]
[2020.11.15-15.43.15:832][  0]LogConfig: Setting CVar [[r.AmbientOcclusionMaxQuality:100]]
[2020.11.15-15.43.15:832][  0]LogConfig: Setting CVar [[r.AmbientOcclusionLevels:-1]]
[2020.11.15-15.43.15:832][  0]LogConfig: Setting CVar [[r.AmbientOcclusionRadiusScale:1.0]]
[2020.11.15-15.43.15:832][  0]LogConfig: Setting CVar [[r.DepthOfFieldQuality:2]]
[2020.11.15-15.43.15:832][  0]LogConfig: Setting CVar [[r.RenderTargetPoolMin:400]]
[2020.11.15-15.43.15:832][  0]LogConfig: Setting CVar [[r.LensFlareQuality:2]]
[2020.11.15-15.43.15:832][  0]LogConfig: Setting CVar [[r.SceneColorFringeQuality:1]]
[2020.11.15-15.43.15:832][  0]LogConfig: Setting CVar [[r.EyeAdaptationQuality:2]]
[2020.11.15-15.43.15:832][  0]LogConfig: Setting CVar [[r.BloomQuality:5]]
[2020.11.15-15.43.15:832][  0]LogConfig: Setting CVar [[r.FastBlurThreshold:100]]
[2020.11.15-15.43.15:832][  0]LogConfig: Setting CVar [[r.Upscale.Quality:3]]
[2020.11.15-15.43.15:832][  0]LogConfig: Setting CVar [[r.Tonemapper.GrainQuantization:1]]
[2020.11.15-15.43.15:832][  0]LogConfig: Setting CVar [[r.LightShaftQuality:1]]
[2020.11.15-15.43.15:832][  0]LogConfig: Setting CVar [[r.Filter.SizeScale:1]]
[2020.11.15-15.43.15:832][  0]LogConfig: Setting CVar [[r.Tonemapper.Quality:5]]
[2020.11.15-15.43.15:832][  0]LogConfig: Setting CVar [[r.DOF.Gather.AccumulatorQuality:1        ; higher gathering accumulator quality]]
[2020.11.15-15.43.15:832][  0]LogConfig: Setting CVar [[r.DOF.Gather.PostfilterMethod:1          ; Median3x3 postfilering method]]
[2020.11.15-15.43.15:832][  0]LogConfig: Setting CVar [[r.DOF.Gather.EnableBokehSettings:0       ; no bokeh simulation when gathering]]
[2020.11.15-15.43.15:832][  0]LogConfig: Setting CVar [[r.DOF.Gather.RingCount:4                 ; medium number of samples when gathering]]
[2020.11.15-15.43.15:832][  0]LogConfig: Setting CVar [[r.DOF.Scatter.ForegroundCompositing:1    ; additive foreground scattering]]
[2020.11.15-15.43.15:832][  0]LogConfig: Setting CVar [[r.DOF.Scatter.BackgroundCompositing:2    ; additive background scattering]]
[2020.11.15-15.43.15:832][  0]LogConfig: Setting CVar [[r.DOF.Scatter.EnableBokehSettings:1      ; bokeh simulation when scattering]]
[2020.11.15-15.43.15:832][  0]LogConfig: Setting CVar [[r.DOF.Scatter.MaxSpriteRatio:0.1         ; only a maximum of 10% of scattered bokeh]]
[2020.11.15-15.43.15:832][  0]LogConfig: Setting CVar [[r.DOF.Recombine.Quality:1                ; cheap slight out of focus]]
[2020.11.15-15.43.15:832][  0]LogConfig: Setting CVar [[r.DOF.Recombine.EnableBokehSettings:0    ; no bokeh simulation on slight out of focus]]
[2020.11.15-15.43.15:832][  0]LogConfig: Setting CVar [[r.DOF.TemporalAAQuality:1                ; more stable temporal accumulation]]
[2020.11.15-15.43.15:832][  0]LogConfig: Setting CVar [[r.DOF.Kernel.MaxForegroundRadius:0.025]]
[2020.11.15-15.43.15:832][  0]LogConfig: Setting CVar [[r.DOF.Kernel.MaxBackgroundRadius:0.025]]
[2020.11.15-15.43.15:833][  0]LogConfig: Applying CVar settings from Section [TextureQuality@3] File [C:/Users/mxcol/Documents/Unreal Projects/CPP_TP1_UnrealEngine/TP1_Unreal/Saved/Config/Windows/Scalability.ini]
[2020.11.15-15.43.15:833][  0]LogConfig: Setting CVar [[r.Streaming.MipBias:0]]
[2020.11.15-15.43.15:833][  0]LogConfig: Setting CVar [[r.Streaming.AmortizeCPUToGPUCopy:0]]
[2020.11.15-15.43.15:833][  0]LogConfig: Setting CVar [[r.Streaming.MaxNumTexturesToStreamPerFrame:0]]
[2020.11.15-15.43.15:833][  0]LogConfig: Setting CVar [[r.Streaming.Boost:1]]
[2020.11.15-15.43.15:833][  0]LogConfig: Setting CVar [[r.MaxAnisotropy:8]]
[2020.11.15-15.43.15:833][  0]LogConfig: Setting CVar [[r.VT.MaxAnisotropy:8]]
[2020.11.15-15.43.15:833][  0]LogConfig: Setting CVar [[r.Streaming.LimitPoolSizeToVRAM:0]]
[2020.11.15-15.43.15:833][  0]LogConfig: Setting CVar [[r.Streaming.PoolSize:1000]]
[2020.11.15-15.43.15:833][  0]LogConfig: Setting CVar [[r.Streaming.MaxEffectiveScreenSize:0]]
[2020.11.15-15.43.15:833][  0]LogConfig: Applying CVar settings from Section [EffectsQuality@3] File [C:/Users/mxcol/Documents/Unreal Projects/CPP_TP1_UnrealEngine/TP1_Unreal/Saved/Config/Windows/Scalability.ini]
[2020.11.15-15.43.15:833][  0]LogConfig: Setting CVar [[r.TranslucencyLightingVolumeDim:64]]
[2020.11.15-15.43.15:833][  0]LogConfig: Setting CVar [[r.RefractionQuality:2]]
[2020.11.15-15.43.15:833][  0]LogConfig: Setting CVar [[r.SSR.Quality:3]]
[2020.11.15-15.43.15:833][  0]LogConfig: Setting CVar [[r.SSR.HalfResSceneColor:0]]
[2020.11.15-15.43.15:833][  0]LogConfig: Setting CVar [[r.SceneColorFormat:4]]
[2020.11.15-15.43.15:833][  0]LogConfig: Setting CVar [[r.DetailMode:2]]
[2020.11.15-15.43.15:833][  0]LogConfig: Setting CVar [[r.TranslucencyVolumeBlur:1]]
[2020.11.15-15.43.15:833][  0]LogConfig: Setting CVar [[r.MaterialQualityLevel:1 ; High quality]]
[2020.11.15-15.43.15:833][  0]LogConfig: Setting CVar [[r.SSS.Scale:1]]
[2020.11.15-15.43.15:833][  0]LogConfig: Setting CVar [[r.SSS.SampleSet:2]]
[2020.11.15-15.43.15:833][  0]LogConfig: Setting CVar [[r.SSS.Quality:1]]
[2020.11.15-15.43.15:833][  0]LogConfig: Setting CVar [[r.SSS.HalfRes:0]]
[2020.11.15-15.43.15:833][  0]LogConfig: Setting CVar [[r.SSGI.Quality:3]]
[2020.11.15-15.43.15:833][  0]LogConfig: Setting CVar [[r.EmitterSpawnRateScale:1.0]]
[2020.11.15-15.43.15:833][  0]LogConfig: Setting CVar [[r.ParticleLightQuality:2]]
[2020.11.15-15.43.15:833][  0]LogConfig: Setting CVar [[r.SkyAtmosphere.AerialPerspectiveLUT.FastApplyOnOpaque:1 ; Always have FastSkyLUT 1 in this case to avoid wrong sky]]
[2020.11.15-15.43.15:833][  0]LogConfig: Setting CVar [[r.SkyAtmosphere.AerialPerspectiveLUT.SampleCountPerSlice:1]]
[2020.11.15-15.43.15:833][  0]LogConfig: Setting CVar [[r.SkyAtmosphere.AerialPerspectiveLUT.DepthResolution:16.0]]
[2020.11.15-15.43.15:833][  0]LogConfig: Setting CVar [[r.SkyAtmosphere.FastSkyLUT:1]]
[2020.11.15-15.43.15:833][  0]LogConfig: Setting CVar [[r.SkyAtmosphere.FastSkyLUT.SampleCountMin:4.0]]
[2020.11.15-15.43.15:833][  0]LogConfig: Setting CVar [[r.SkyAtmosphere.FastSkyLUT.SampleCountMax:32.0]]
[2020.11.15-15.43.15:833][  0]LogConfig: Setting CVar [[r.SkyAtmosphere.SampleCountMin:4.0]]
[2020.11.15-15.43.15:833][  0]LogConfig: Setting CVar [[r.SkyAtmosphere.SampleCountMax:32.0]]
[2020.11.15-15.43.15:833][  0]LogConfig: Setting CVar [[r.SkyAtmosphere.TransmittanceLUT.UseSmallFormat:0]]
[2020.11.15-15.43.15:833][  0]LogConfig: Setting CVar [[r.SkyAtmosphere.TransmittanceLUT.SampleCount:10.0]]
[2020.11.15-15.43.15:833][  0]LogConfig: Setting CVar [[r.SkyAtmosphere.MultiScatteringLUT.SampleCount:15.0]]
[2020.11.15-15.43.15:833][  0]LogConfig: Applying CVar settings from Section [FoliageQuality@3] File [C:/Users/mxcol/Documents/Unreal Projects/CPP_TP1_UnrealEngine/TP1_Unreal/Saved/Config/Windows/Scalability.ini]
[2020.11.15-15.43.15:833][  0]LogConfig: Setting CVar [[foliage.DensityScale:1.0]]
[2020.11.15-15.43.15:833][  0]LogConfig: Setting CVar [[grass.DensityScale:1.0]]
[2020.11.15-15.43.15:833][  0]LogConfig: Applying CVar settings from Section [ShadingQuality@3] File [C:/Users/mxcol/Documents/Unreal Projects/CPP_TP1_UnrealEngine/TP1_Unreal/Saved/Config/Windows/Scalability.ini]
[2020.11.15-15.43.15:833][  0]LogConfig: Setting CVar [[r.HairStrands.SkyLighting.SampleCount:16]]
[2020.11.15-15.43.15:833][  0]LogConfig: Setting CVar [[r.HairStrands.SkyLighting.JitterIntegration:0]]
[2020.11.15-15.43.15:833][  0]LogConfig: Setting CVar [[r.HairStrands.SkyAO.SampleCount:16]]
[2020.11.15-15.43.15:833][  0]LogConfig: Setting CVar [[r.HairStrands.DeepShadow.SuperSampling:0]]
[2020.11.15-15.43.15:833][  0]LogConfig: Setting CVar [[r.HairStrands.VisibilityPPLL:0]]
[2020.11.15-15.43.15:833][  0]LogConfig: Setting CVar [[r.HairStrands.RasterizationScale:0.5]]
[2020.11.15-15.43.15:833][  0]LogConfig: Setting CVar [[r.HairStrands.VelocityRasterizationScale:1]]
[2020.11.15-15.43.15:833][  0]LogConfig: Applying CVar settings from Section [Startup] File [../../../Engine/Config/ConsoleVariables.ini]
[2020.11.15-15.43.15:833][  0]LogConfig: Setting CVar [[net.UseAdaptiveNetUpdateFrequency:0]]
[2020.11.15-15.43.15:833][  0]LogConfig: Setting CVar [[p.chaos.AllowCreatePhysxBodies:1]]
[2020.11.15-15.43.15:833][  0]LogConfig: Setting CVar [[fx.SkipVectorVMBackendOptimizations:1]]
[2020.11.15-15.43.15:833][  0]LogConfig: Applying CVar settings from Section [ConsoleVariables] File [C:/Users/mxcol/Documents/Unreal Projects/CPP_TP1_UnrealEngine/TP1_Unreal/Saved/Config/Windows/Engine.ini]
[2020.11.15-15.43.15:834][  0]LogInit: Computer: LAPTOP-26OCT9LN
[2020.11.15-15.43.15:834][  0]LogInit: User: mxcol
[2020.11.15-15.43.15:834][  0]LogInit: CPU Page size=4096, Cores=6
[2020.11.15-15.43.15:834][  0]LogInit: High frequency timer resolution =10.000000 MHz
[2020.11.15-15.43.15:834][  0]LogMemory: Memory total: Physical=15.8GB (16GB approx)
[2020.11.15-15.43.15:834][  0]LogMemory: Platform Memory Stats for Windows
[2020.11.15-15.43.15:834][  0]LogMemory: Process Physical Memory: 116.42 MB used, 116.42 MB peak
[2020.11.15-15.43.15:834][  0]LogMemory: Process Virtual Memory: 99.40 MB used, 99.40 MB peak
[2020.11.15-15.43.15:834][  0]LogMemory: Physical Memory: 11061.61 MB used,  5107.78 MB free, 16169.39 MB total
[2020.11.15-15.43.15:834][  0]LogMemory: Virtual Memory: 5167.53 MB used,  134212560.00 MB free, 134217728.00 MB total
[2020.11.15-15.43.15:873][  0]LogWindows: WindowsPlatformFeatures enabled
[2020.11.15-15.43.15:927][  0]LogInit: Physics initialised using underlying interface: PhysX
[2020.11.15-15.43.15:928][  0]LogInit: Using OS detected language (fr-FR).
[2020.11.15-15.43.15:928][  0]LogInit: Using OS detected locale (fr-FR).
[2020.11.15-15.43.15:945][  0]LogTextLocalizationManager: No specific localization for 'fr-FR' exists, so the 'fr' localization will be used.
[2020.11.15-15.43.15:945][  0]LogTextLocalizationResource: LocRes '../../../Engine/Content/Localization/Editor/fr/Editor.locres' could not be opened for reading!
[2020.11.15-15.43.15:946][  0]LogTextLocalizationResource: LocRes '../../../Engine/Content/Localization/EditorTutorials/fr/EditorTutorials.locres' could not be opened for reading!
[2020.11.15-15.43.15:946][  0]LogTextLocalizationResource: LocRes '../../../Engine/Content/Localization/Keywords/fr/Keywords.locres' could not be opened for reading!
[2020.11.15-15.43.15:946][  0]LogTextLocalizationResource: LocRes '../../../Engine/Content/Localization/Category/fr/Category.locres' could not be opened for reading!
[2020.11.15-15.43.15:946][  0]LogTextLocalizationResource: LocRes '../../../Engine/Content/Localization/ToolTips/fr/ToolTips.locres' could not be opened for reading!
[2020.11.15-15.43.15:947][  0]LogTextLocalizationResource: LocRes '../../../Engine/Content/Localization/PropertyNames/fr/PropertyNames.locres' could not be opened for reading!
[2020.11.15-15.43.15:947][  0]LogTextLocalizationResource: LocRes '../../../Engine/Content/Localization/Engine/fr/Engine.locres' could not be opened for reading!
[2020.11.15-15.43.15:948][  0]LogInit: Setting process to per monitor DPI aware
[2020.11.15-15.43.15:984][  0]LogSlate: New Slate User Created.  User Index 0, Is Virtual User: 0
[2020.11.15-15.43.15:984][  0]LogSlate: Slate User Registered.  User Index 0, Is Virtual User: 0
[2020.11.15-15.43.16:301][  0]LogHMD: Failed to initialize OpenVR with code 110
[2020.11.15-15.43.16:301][  0]LogD3D11RHI: D3D11 min allowed feature level: 11_0
[2020.11.15-15.43.16:301][  0]LogD3D11RHI: D3D11 max allowed feature level: 11_0
[2020.11.15-15.43.16:301][  0]LogD3D11RHI: D3D11 adapters:
[2020.11.15-15.43.16:457][  0]LogD3D11RHI:    0. 'NVIDIA GeForce RTX 2070' (Feature Level 11_0)
[2020.11.15-15.43.16:457][  0]LogD3D11RHI:       8031/0/8084 MB DedicatedVideo/DedicatedSystem/SharedSystem, Outputs:2, VendorId:0x10de
[2020.11.15-15.43.16:481][  0]LogD3D11RHI:    1. 'Intel(R) UHD Graphics' (Feature Level 11_0)
[2020.11.15-15.43.16:481][  0]LogD3D11RHI:       128/0/8084 MB DedicatedVideo/DedicatedSystem/SharedSystem, Outputs:0, VendorId:0x8086
[2020.11.15-15.43.16:484][  0]LogD3D11RHI:    2. 'Microsoft Basic Render Driver' (Feature Level 11_0)
[2020.11.15-15.43.16:484][  0]LogD3D11RHI:       0/0/8084 MB DedicatedVideo/DedicatedSystem/SharedSystem, Outputs:0, VendorId:0x1414
[2020.11.15-15.43.16:484][  0]LogD3D11RHI: Chosen D3D11 Adapter: 0
[2020.11.15-15.43.16:504][  0]LogD3D11RHI: Creating new Direct3DDevice
[2020.11.15-15.43.16:504][  0]LogD3D11RHI:     GPU DeviceId: 0x1f14 (for the marketing name, search the web for "GPU Device Id")
[2020.11.15-15.43.16:504][  0]LogWindows: EnumDisplayDevices:
[2020.11.15-15.43.16:504][  0]LogWindows:    0. 'Intel(R) UHD Graphics' (P:1 D:1)
[2020.11.15-15.43.16:504][  0]LogWindows:    1. 'Intel(R) UHD Graphics' (P:0 D:0)
[2020.11.15-15.43.16:505][  0]LogWindows:    2. 'Intel(R) UHD Graphics' (P:0 D:0)
[2020.11.15-15.43.16:505][  0]LogWindows:    3. 'NVIDIA GeForce RTX 2070' (P:0 D:1)
[2020.11.15-15.43.16:505][  0]LogWindows:    4. 'NVIDIA GeForce RTX 2070' (P:0 D:0)
[2020.11.15-15.43.16:505][  0]LogWindows:    5. 'NVIDIA GeForce RTX 2070' (P:0 D:0)
[2020.11.15-15.43.16:506][  0]LogWindows:    6. 'NVIDIA GeForce RTX 2070' (P:0 D:0)
[2020.11.15-15.43.16:506][  0]LogWindows: DebugString: PrimaryIsNotTheChoosenAdapter PrimaryIsNotTheChoosenAdapter PrimaryIsNotTheChoosenAdapter FoundDriverCount:4 
[2020.11.15-15.43.16:506][  0]LogD3D11RHI:     Adapter Name: NVIDIA GeForce RTX 2070
[2020.11.15-15.43.16:506][  0]LogD3D11RHI:   Driver Version: 452.06 (internal:27.21.14.5206, unified:452.06)
[2020.11.15-15.43.16:506][  0]LogD3D11RHI:      Driver Date: 8-12-2020
[2020.11.15-15.43.16:506][  0]LogRHI: Texture pool is 5621 MB (70% of 8031 MB)
[2020.11.15-15.43.16:560][  0]LogD3D11RHI: RHI has support for 64 bit atomics
[2020.11.15-15.43.16:560][  0]LogD3D11RHI: Async texture creation enabled
[2020.11.15-15.43.16:560][  0]LogD3D11RHI: Array index from any shader is supported
[2020.11.15-15.43.16:586][  0]LogD3D11RHI: GPU Timing Frequency: 1000.000000 (Debug: 2 1)
[2020.11.15-15.43.16:860][  0]LogTargetPlatformManager: Display: Loaded TargetPlatform 'AllDesktop'
[2020.11.15-15.43.16:883][  0]LogTargetPlatformManager: Display: Loaded TargetPlatform 'Android'
[2020.11.15-15.43.16:883][  0]LogTargetPlatformManager: Display: Loaded TargetPlatform 'Android_ASTC'
[2020.11.15-15.43.16:883][  0]LogTargetPlatformManager: Display: Loaded TargetPlatform 'Android_DXT'
[2020.11.15-15.43.16:883][  0]LogTargetPlatformManager: Display: Loaded TargetPlatform 'Android_ETC2'
[2020.11.15-15.43.16:883][  0]LogTargetPlatformManager: Display: Loaded TargetPlatform 'AndroidClient'
[2020.11.15-15.43.16:883][  0]LogTargetPlatformManager: Display: Loaded TargetPlatform 'Android_ASTCClient'
[2020.11.15-15.43.16:883][  0]LogTargetPlatformManager: Display: Loaded TargetPlatform 'Android_DXTClient'
[2020.11.15-15.43.16:883][  0]LogTargetPlatformManager: Display: Loaded TargetPlatform 'Android_ETC2Client'
[2020.11.15-15.43.16:884][  0]LogTargetPlatformManager: Display: Loaded TargetPlatform 'Android_Multi'
[2020.11.15-15.43.16:884][  0]LogTargetPlatformManager: Display: Loaded TargetPlatform 'Android_MultiClient'
[2020.11.15-15.43.16:911][  0]LogTargetPlatformManager: Display: Loaded TargetPlatform 'IOSClient'
[2020.11.15-15.43.16:911][  0]LogTargetPlatformManager: Display: Loaded TargetPlatform 'IOS'
[2020.11.15-15.43.16:924][  0]LogTargetPlatformManager: Display: Loaded TargetPlatform 'Linux'
[2020.11.15-15.43.16:934][  0]LogTargetPlatformManager: Display: Loaded TargetPlatform 'LinuxNoEditor'
[2020.11.15-15.43.16:944][  0]LogTargetPlatformManager: Display: Loaded TargetPlatform 'LinuxClient'
[2020.11.15-15.43.16:954][  0]LogTargetPlatformManager: Display: Loaded TargetPlatform 'LinuxServer'
[2020.11.15-15.43.16:964][  0]LogTargetPlatformManager: Display: Loaded TargetPlatform 'LinuxAArch64NoEditor'
[2020.11.15-15.43.16:974][  0]LogTargetPlatformManager: Display: Loaded TargetPlatform 'LinuxAArch64Client'
[2020.11.15-15.43.16:983][  0]LogTargetPlatformManager: Display: Loaded TargetPlatform 'LinuxAArch64Server'
[2020.11.15-15.43.17:013][  0]LogTargetPlatformManager: Display: Loaded TargetPlatform 'Lumin'
[2020.11.15-15.43.17:013][  0]LogTargetPlatformManager: Display: Loaded TargetPlatform 'LuminClient'
[2020.11.15-15.43.17:030][  0]LogTargetPlatformManager: Display: Loaded TargetPlatform 'TVOSClient'
[2020.11.15-15.43.17:031][  0]LogTargetPlatformManager: Display: Loaded TargetPlatform 'TVOS'
[2020.11.15-15.43.17:041][  0]LogTargetPlatformManager: Display: Loaded TargetPlatform 'WindowsNoEditor'
[2020.11.15-15.43.17:053][  0]LogTargetPlatformManager: Display: Loaded TargetPlatform 'Windows'
[2020.11.15-15.43.17:063][  0]LogTargetPlatformManager: Display: Loaded TargetPlatform 'WindowsClient'
[2020.11.15-15.43.17:073][  0]LogTargetPlatformManager: Display: Loaded TargetPlatform 'WindowsServer'
[2020.11.15-15.43.17:073][  0]LogTargetPlatformManager: Display: Building Assets For Windows
[2020.11.15-15.43.17:081][  0]LogAudioDebug: Display: Lib vorbis DLL was dynamically loaded.
[2020.11.15-15.43.17:159][  0]LogShaderCompilers: Guid format shader working directory is -42 characters bigger than the processId version (../../../../../../Users/mxcol/Documents/Unreal Projects/CPP_TP1_UnrealEngine/TP1_Unreal/Intermediate/Shaders/WorkingDirectory/11444/).
[2020.11.15-15.43.17:159][  0]LogShaderCompilers: Cleaned the shader compiler working directory 'C:/Users/mxcol/AppData/Local/Temp/UnrealShaderWorkingDir/31B82468481123EBAAE23DA0CD7B630A/'.
[2020.11.15-15.43.17:160][  0]LogShaderCompilers: Display: Using XGE Shader Compiler (Interception Interface).
[2020.11.15-15.43.18:157][  0]LogDerivedDataCache: Display: Max Cache Size: 512 MB
[2020.11.15-15.43.18:260][  0]LogDerivedDataCache: Loaded boot cache 0.10s 79MB C:/Users/mxcol/AppData/Local/UnrealEngine/4.25/DerivedDataCache/Boot.ddc.
[2020.11.15-15.43.18:260][  0]LogDerivedDataCache: Display: Loaded Boot cache: C:/Users/mxcol/AppData/Local/UnrealEngine/4.25/DerivedDataCache/Boot.ddc
[2020.11.15-15.43.18:260][  0]LogDerivedDataCache: FDerivedDataBackendGraph:  Pak pak cache file ../../../../../../Users/mxcol/Documents/Unreal Projects/CPP_TP1_UnrealEngine/TP1_Unreal/DerivedDataCache/DDC.ddp not found, will not use a pak cache.
[2020.11.15-15.43.18:260][  0]LogDerivedDataCache: Unable to find inner node Pak for hierarchical cache Hierarchy.
[2020.11.15-15.43.18:260][  0]LogDerivedDataCache: FDerivedDataBackendGraph:  CompressedPak pak cache file ../../../../../../Users/mxcol/Documents/Unreal Projects/CPP_TP1_UnrealEngine/TP1_Unreal/DerivedDataCache/Compressed.ddp not found, will not use a pak cache.
[2020.11.15-15.43.18:260][  0]LogDerivedDataCache: Unable to find inner node CompressedPak for hierarchical cache Hierarchy.
[2020.11.15-15.43.18:272][  0]LogDerivedDataCache: Display: Pak cache opened for reading ../../../Engine/DerivedDataCache/Compressed.ddp.
[2020.11.15-15.43.18:272][  0]LogDerivedDataCache: FDerivedDataBackendGraph:  EnterprisePak pak cache file ../../../Enterprise/DerivedDataCache/Compressed.ddp not found, will not use a pak cache.
[2020.11.15-15.43.18:272][  0]LogDerivedDataCache: Unable to find inner node EnterprisePak for hierarchical cache Hierarchy.
[2020.11.15-15.43.18:274][  0]LogDerivedDataCache: Using Local data cache path C:/Users/mxcol/AppData/Local/UnrealEngine/Common/DerivedDataCache: Writable
[2020.11.15-15.43.18:274][  0]LogDerivedDataCache: Shared data cache path not found in *engine.ini, will not use an Shared cache.
[2020.11.15-15.43.18:274][  0]LogDerivedDataCache: Unable to find inner node Shared for hierarchical cache Hierarchy.
[2020.11.15-15.43.18:332][  0]LogSlate: Using FreeType 2.10.0
[2020.11.15-15.43.18:333][  0]LogSlate: SlateFontServices - WITH_FREETYPE: 1, WITH_HARFBUZZ: 1
[2020.11.15-15.43.18:360][  0]LogAssetRegistry: FAssetRegistry took 0.0026 seconds to start up
[2020.11.15-15.43.18:632][  0]LogInit: Selected Device Profile: [Windows]
[2020.11.15-15.43.18:779][  0]LogMeshReduction: Using QuadricMeshReduction for automatic static mesh reduction
[2020.11.15-15.43.18:779][  0]LogMeshReduction: Using SimplygonMeshReduction for automatic skeletal mesh reduction
[2020.11.15-15.43.18:779][  0]LogMeshReduction: Using ProxyLODMeshReduction for automatic mesh merging
[2020.11.15-15.43.18:779][  0]LogMeshReduction: No distributed automatic mesh merging module available
[2020.11.15-15.43.18:779][  0]LogMeshMerging: No distributed automatic mesh merging module available
[2020.11.15-15.43.18:797][  0]LogNetVersion: TP1_Unreal 1.0.0, NetCL: 13144385, EngineNetVer: 14, GameNetVer: 0 (Checksum: 1184103255)
[2020.11.15-15.43.19:341][  0]LogAISub: UAISubsystem::UAISubsystem AISubsystem (00000221FF2C3780), frame # 0
[2020.11.15-15.43.19:341][  0]LogAISub: UAISubsystem::UAISubsystem AIPerceptionSystem (00000221FF1F1080), frame # 0
[2020.11.15-15.43.19:343][  0]LogAISub: UAISubsystem::UAISubsystem EnvQueryManager (00000221FF22DE00), frame # 0
[2020.11.15-15.43.19:414][  0]LogPackageLocalizationCache: Processed 19 localized package path(s) for 1 prioritized culture(s) in 0.058687 seconds
[2020.11.15-15.43.19:419][  0]LogUObjectArray: 15917 objects as part of root set at end of initial load.
[2020.11.15-15.43.19:419][  0]LogUObjectAllocator: 3965568 out of 0 bytes used by permanent object pool.
[2020.11.15-15.43.19:419][  0]LogUObjectArray: CloseDisregardForGC: 0/0 objects in disregard for GC pool
[2020.11.15-15.43.19:902][  0]LogTcpMessaging: Initializing TcpMessaging bridge
[2020.11.15-15.43.19:908][  0]LogUdpMessaging: Initializing bridge on interface 0.0.0.0:0 to multicast group 230.0.0.1:6666.
[2020.11.15-15.43.20:164][  0]SourceControl: Source control is disabled
[2020.11.15-15.43.20:165][  0]SourceControl: Source control is disabled
[2020.11.15-15.43.20:171][  0]SourceControl: Source control is disabled
[2020.11.15-15.43.20:177][  0]SourceControl: Source control is disabled
[2020.11.15-15.43.20:186][  0]SourceControl: Source control is disabled
[2020.11.15-15.43.20:511][  0]LogAndroidPermission: UAndroidPermissionCallbackProxy::GetInstance
[2020.11.15-15.43.20:534][  0]LogAudioCaptureCore: Display: No Audio Capture implementations found. Audio input will be silent.
[2020.11.15-15.43.20:534][  0]LogAudioCaptureCore: Display: No Audio Capture implementations found. Audio input will be silent.
[2020.11.15-15.43.20:598][  0]LogOcInput: OculusInput pre-init called
[2020.11.15-15.43.20:613][  0]LogWindows: Failed to load 'OVRPlugin.dll' (GetLastError=126)
[2020.11.15-15.43.20:613][  0]LogWindows: File 'OVRPlugin.dll' does not exist
[2020.11.15-15.43.20:710][  0]LogEngine: Initializing Engine...
[2020.11.15-15.43.20:711][  0]LogHMD: Failed to initialize OpenVR with code 110
[2020.11.15-15.43.20:711][  0]LogMagicLeap: Warning: VR disabled because ZI is not enabled.  To enable, in the editor, Edit -> Project Settings -> Plugins -> Magic Leap Plugin -> Enable Zero Iteration
[2020.11.15-15.43.20:713][  0]LogStats: UGameplayTagsManager::InitializeManager -  0.001 s
[2020.11.15-15.43.20:870][  0]LogInit: Initializing FReadOnlyCVARCache
[2020.11.15-15.43.20:883][  0]LogAIModule: Creating AISystem for world Untitled
[2020.11.15-15.43.20:883][  0]LogAISub: UAISubsystem::UAISubsystem EnvQueryManager (0000022182731C00), frame # 0
[2020.11.15-15.43.20:883][  0]LogAISub: UAISubsystem::UAISubsystem AIPerceptionSystem (000002218274E980), frame # 0
[2020.11.15-15.43.20:887][  0]LogAudioMixer: Display: Audio Mixer Platform Settings:
[2020.11.15-15.43.20:887][  0]LogAudioMixer: Display: 	Sample Rate:						  48000
[2020.11.15-15.43.20:887][  0]LogAudioMixer: Display: 	Callback Buffer Frame Size Requested: 1024
[2020.11.15-15.43.20:887][  0]LogAudioMixer: Display: 	Callback Buffer Frame Size To Use:	  1024
[2020.11.15-15.43.20:887][  0]LogAudioMixer: Display: 	Number of buffers to queue:			  2
[2020.11.15-15.43.20:887][  0]LogAudioMixer: Display: 	Max Channels (voices):				  32
[2020.11.15-15.43.20:887][  0]LogAudioMixer: Display: 	Number of Async Source Workers:		  0
[2020.11.15-15.43.20:887][  0]LogAudio: Display: AudioDevice MaxSources: 32
[2020.11.15-15.43.20:887][  0]LogAudio: Display: Using built-in audio occlusion.
[2020.11.15-15.43.20:887][  0]LogAudioMixer: Display: Initializing audio mixer.
[2020.11.15-15.43.21:195][  0]LogAudioMixer: Display: 0: FrontLeft
[2020.11.15-15.43.21:195][  0]LogAudioMixer: Display: 1: FrontRight
[2020.11.15-15.43.21:195][  0]LogAudioMixer: Display: 2: FrontCenter
[2020.11.15-15.43.21:195][  0]LogAudioMixer: Display: 3: LowFrequency
[2020.11.15-15.43.21:195][  0]LogAudioMixer: Display: 4: BackLeft
[2020.11.15-15.43.21:195][  0]LogAudioMixer: Display: 5: BackRight
[2020.11.15-15.43.21:195][  0]LogAudioMixer: Display: 6: SideLeft
[2020.11.15-15.43.21:195][  0]LogAudioMixer: Display: 7: SideRight
[2020.11.15-15.43.21:469][  0]LogAudioMixer: Display: Using Audio Device Headphones (Realtek(R) Audio)
[2020.11.15-15.43.21:470][  0]LogAudioMixer: Display: Initializing Sound Submixes...
[2020.11.15-15.43.21:472][  0]LogAudioMixer: Display: Creating Master Submix 'MasterSubmixDefault'
[2020.11.15-15.43.21:472][  0]LogAudioMixer: Display: Creating Master Submix 'MasterReverbSubmixDefault'
[2020.11.15-15.43.21:473][  0]LogAudioMixer: Display: Creating Master Submix 'MasterEQSubmixDefault'
[2020.11.15-15.43.21:474][  0]LogInit: FAudioDevice initialized.
[2020.11.15-15.43.21:474][  0]LogNetVersion: Set ProjectVersion to 1.0.0.0. Version Checksum will be recalculated on next use.
[2020.11.15-15.43.21:531][  0]LogDerivedDataCache: Saved boot cache 0.06s 79MB C:/Users/mxcol/AppData/Local/UnrealEngine/4.25/DerivedDataCache/Boot.ddc.
[2020.11.15-15.43.21:535][  0]LogInit: Texture streaming: Enabled
[2020.11.15-15.43.21:555][  0]LogEngineSessionManager: EngineSessionManager initialized
[2020.11.15-15.43.21:556][  0]LogEngineSessionManager: EngineSessionManager sent abnormal shutdown report. Type=Crashed, SessionId={13106987-40F7-0D96-DFB8-FBB5444B9E63}
[2020.11.15-15.43.21:556][  0]LogEditorSessionSummary: Verbose: Initializing EditorSessionSummaryWriter for editor session tracking
[2020.11.15-15.43.21:558][  0]LogEditorSessionSummary: EditorSessionSummaryWriter initialized
[2020.11.15-15.43.21:634][  0]LogInit: Transaction tracking system initialized
[2020.11.15-15.43.21:666][  0]BlueprintLog: New page: Editor Load
[2020.11.15-15.43.21:769][  0]LocalizationService: Localization service is disabled
[2020.11.15-15.43.21:981][  0]LogCook: Display: Max memory allowance for cook 16384mb min free memory 0mb
[2020.11.15-15.43.21:981][  0]LogCook: Display: Mobile HDR setting 1
[2020.11.15-15.43.22:154][  0]LogFileCache: Scanning file cache for directory 'C:/Users/mxcol/Documents/Unreal Projects/CPP_TP1_UnrealEngine/TP1_Unreal/Content/' took 0.00s
[2020.11.15-15.43.22:369][  0]SourceControl: Source control is disabled
[2020.11.15-15.43.22:369][  0]LogUnrealEdMisc: Loading editor; pre map load, took 8.060
[2020.11.15-15.43.22:369][  0]Cmd: MAP LOAD FILE="../../../../../../Users/mxcol/Documents/Unreal Projects/CPP_TP1_UnrealEngine/TP1_Unreal/Content/ThirdPersonCPP/Maps/ThirdPersonExampleMap.umap" TEMPLATE=0 SHOWPROGRESS=1 FEATURELEVEL=3
[2020.11.15-15.43.22:370][  0]LightingResults: New page: Lighting Build
[2020.11.15-15.43.22:371][  0]LogWorld: UWorld::CleanupWorld for Untitled, bSessionEnded=true, bCleanupResources=true
[2020.11.15-15.43.22:371][  0]LogSlate: InvalidateAllWidgets triggered.  All widgets were invalidated
[2020.11.15-15.43.22:371][  0]MapCheck: New page: Map Check
[2020.11.15-15.43.22:371][  0]LightingResults: New page: Lighting Build
[2020.11.15-15.43.22:386][  0]LogAISub: UAISubsystem::~UAISubsystem EnvQueryManager (0000022182731C00), frame # 0
[2020.11.15-15.43.22:386][  0]LogAISub: UAISubsystem::~UAISubsystem AIPerceptionSystem (000002218274E980), frame # 0
[2020.11.15-15.43.22:387][  0]LogUObjectHash: Compacting FUObjectHashTables data took   0.83ms
[2020.11.15-15.43.22:526][  0]LogAIModule: Creating AISystem for world ThirdPersonExampleMap
[2020.11.15-15.43.22:526][  0]LogAISub: UAISubsystem::UAISubsystem EnvQueryManager (0000022192883E00), frame # 0
[2020.11.15-15.43.22:526][  0]LogAISub: UAISubsystem::UAISubsystem AIPerceptionSystem (00000221928EB380), frame # 0
[2020.11.15-15.43.22:532][  0]LogEditorServer: Finished looking for orphan Actors (0.000 secs)
[2020.11.15-15.43.22:547][  0]LogUObjectHash: Compacting FUObjectHashTables data took   0.96ms
[2020.11.15-15.43.22:547][  0]Cmd: MAP CHECKDEP NOCLEARLOG
[2020.11.15-15.43.22:548][  0]MapCheck: Map check complete: 0 Error(s), 0 Warning(s), took 0,214ms to complete.
[2020.11.15-15.43.22:548][  0]LogFileHelpers: Loading map 'ThirdPersonExampleMap' took 0.179
[2020.11.15-15.43.22:551][  0]LogUnrealEdMisc: Total Editor Startup Time, took 8.242
[2020.11.15-15.43.22:676][  0]LogSlate: Updating window title bar state: overlay mode, drag disabled, window buttons hidden, title bar hidden
[2020.11.15-15.43.22:684][  0]LogSlate: Updating window title bar state: overlay mode, drag disabled, window buttons hidden, title bar hidden
[2020.11.15-15.43.22:691][  0]LogSlate: Updating window title bar state: overlay mode, drag disabled, window buttons hidden, title bar hidden
[2020.11.15-15.43.22:698][  0]LogSlate: Updating window title bar state: overlay mode, drag disabled, window buttons hidden, title bar hidden
[2020.11.15-15.43.22:708][  0]LogCollectionManager: Loaded 0 collections in 0.001800 seconds
[2020.11.15-15.43.22:726][  0]LogFileCache: Scanning file cache for directory 'C:/Users/mxcol/Documents/Unreal Projects/CPP_TP1_UnrealEngine/TP1_Unreal/Saved/Collections/' took 0.00s
[2020.11.15-15.43.22:726][  0]LogFileCache: Scanning file cache for directory 'C:/Users/mxcol/Documents/Unreal Projects/CPP_TP1_UnrealEngine/TP1_Unreal/Content/Developers/mxcol/Collections/' took 0.00s
[2020.11.15-15.43.22:726][  0]LogFileCache: Scanning file cache for directory 'C:/Users/mxcol/Documents/Unreal Projects/CPP_TP1_UnrealEngine/TP1_Unreal/Content/Collections/' took 0.00s
[2020.11.15-15.43.22:726][  0]LogContentBrowser: Native class hierarchy populated in 0.0103 seconds. Added 3432 classes and 823 folders.
[2020.11.15-15.43.22:730][  0]LogContentBrowser: Native class hierarchy updated for 'WidgetCarousel' in 0.0005 seconds. Added 0 classes and 0 folders.
[2020.11.15-15.43.22:913][  0]LogContentBrowser: Native class hierarchy updated for 'AddContentDialog' in 0.0004 seconds. Added 0 classes and 0 folders.
[2020.11.15-15.43.22:914][  0]LogContentBrowser: Native class hierarchy updated for 'SceneOutliner' in 0.0003 seconds. Added 2 classes and 0 folders.
[2020.11.15-15.43.22:935][  0]LogSlate: Took 0.000178 seconds to synchronously load lazily loaded font '../../../Engine/Content/Slate/Fonts/Roboto-Regular.ttf' (155K)
[2020.11.15-15.43.22:937][  0]LogSlate: Took 0.000131 seconds to synchronously load lazily loaded font '../../../Engine/Content/Slate/Fonts/Roboto-Bold.ttf' (160K)
[2020.11.15-15.43.22:942][  0]LogSlate: Took 0.000539 seconds to synchronously load lazily loaded font '../../../Engine/Content/Editor/Slate/Fonts/FontAwesome.ttf' (139K)
[2020.11.15-15.43.23:020][  0]LogRenderer: Reallocating scene render targets to support 1060x572 Format 10 NumSamples 1 (Frame:1).
[2020.11.15-15.43.23:116][  0]LogContentBrowser: Native class hierarchy updated for 'HierarchicalLODOutliner' in 0.0004 seconds. Added 0 classes and 0 folders.
[2020.11.15-15.43.23:116][  0]LogLoad: (Engine Initialization) Total time: 8.81 seconds
[2020.11.15-15.43.23:116][  0]LogLoad: (Engine Initialization) Total Blueprint compile time: 0.00 seconds
[2020.11.15-15.43.23:168][  0]LogAssetRegistry: Asset discovery search completed in 4.8087 seconds
[2020.11.15-15.43.23:172][  0]LogCollectionManager: Fixed up redirectors for 0 collections in 0.000002 seconds (updated 0 objects)
[2020.11.15-15.43.23:173][  0]LogContentStreaming: Texture pool size now 1000 MB
[2020.11.15-15.43.23:202][  0]LogSlate: Took 0.000741 seconds to synchronously load lazily loaded font '../../../Engine/Content/Slate/Fonts/Roboto-Light.ttf' (167K)
[2020.11.15-15.52.20:863][851]LogSlate: Took 0.000151 seconds to synchronously load lazily loaded font '../../../Engine/Content/Slate/Fonts/Roboto-Light.ttf' (167K)
[2020.11.15-15.52.20:914][851]LogUObjectHash: Compacting FUObjectHashTables data took   0.78ms
[2020.11.15-15.52.20:958][851]LogSavePackage: Moving '../../../../../../Users/mxcol/Documents/Unreal Projects/CPP_TP1_UnrealEngine/TP1_Unreal/Saved/ThirdPersonExampleMap2967984E47D77849F0BEE6A9B919A1C7.tmp' to '../../../../../../Users/mxcol/Documents/Unreal Projects/CPP_TP1_UnrealEngine/TP1_Unreal/Content/ThirdPersonCPP/Maps/ThirdPersonExampleMap.umap'
[2020.11.15-15.52.21:141][851]LogSavePackage: Moving '../../../../../../Users/mxcol/Documents/Unreal Projects/CPP_TP1_UnrealEngine/TP1_Unreal/Saved/ThirdPersonExampleMap_BuiltData109A1AB54002CBF7004E8989C28917C0.tmp' to '../../../../../../Users/mxcol/Documents/Unreal Projects/CPP_TP1_UnrealEngine/TP1_Unreal/Content/ThirdPersonCPP/Maps/ThirdPersonExampleMap_BuiltData.uasset'
[2020.11.15-15.52.21:152][851]AssetCheck: New page: Asset Save: multiple assets
[2020.11.15-15.52.21:152][851]LogContentValidation: Display: Validating World /Game/ThirdPersonCPP/Maps/ThirdPersonExampleMap.ThirdPersonExampleMap
[2020.11.15-15.52.21:152][851]LogContentValidation: Display: Validating MapBuildDataRegistry /Game/ThirdPersonCPP/Maps/ThirdPersonExampleMap_BuiltData.ThirdPersonExampleMap_BuiltData
[2020.11.15-15.52.23:102][965]LogUObjectHash: Compacting FUObjectHashTables data took   0.26ms
[2020.11.15-15.52.23:129][965]LogSavePackage: Moving '../../../../../../Users/mxcol/Documents/Unreal Projects/CPP_TP1_UnrealEngine/TP1_Unreal/Saved/ThirdPersonExampleMap095774054709B6C6B5CB188D0C899234.tmp' to '../../../../../../Users/mxcol/Documents/Unreal Projects/CPP_TP1_UnrealEngine/TP1_Unreal/Content/ThirdPersonCPP/Maps/ThirdPersonExampleMap.umap'
[2020.11.15-15.52.23:248][965]LogSavePackage: Moving '../../../../../../Users/mxcol/Documents/Unreal Projects/CPP_TP1_UnrealEngine/TP1_Unreal/Saved/ThirdPersonExampleMap_BuiltData6C2FB6F848AE2A628289B380CE3BE7FC.tmp' to '../../../../../../Users/mxcol/Documents/Unreal Projects/CPP_TP1_UnrealEngine/TP1_Unreal/Content/ThirdPersonCPP/Maps/ThirdPersonExampleMap_BuiltData.uasset'
[2020.11.15-15.52.23:264][965]AssetCheck: New page: Asset Save: multiple assets
[2020.11.15-15.52.23:264][965]LogContentValidation: Display: Validating World /Game/ThirdPersonCPP/Maps/ThirdPersonExampleMap.ThirdPersonExampleMap
[2020.11.15-15.52.23:264][965]LogContentValidation: Display: Validating MapBuildDataRegistry /Game/ThirdPersonCPP/Maps/ThirdPersonExampleMap_BuiltData.ThirdPersonExampleMap_BuiltData
[2020.11.15-15.52.33:402][570]Candidate modules for hot reload:
[2020.11.15-15.52.33:402][570]  TP1_Unreal
[2020.11.15-15.52.33:402][570]Launching UnrealBuildTool... [C:/Program Files/Epic Games/UE_4.25/Engine/Binaries/DotNET/UnrealBuildTool.exe  -ModuleWithSuffix=TP1_Unreal,5697 TP1_UnrealEditor Win64 Development -Project="C:/Users/mxcol/Documents/Unreal Projects/CPP_TP1_UnrealEngine/TP1_Unreal/TP1_Unreal.uproject" "C:/Users/mxcol/Documents/Unreal Projects/CPP_TP1_UnrealEngine/TP1_Unreal/TP1_Unreal.uproject"  -IgnoreJunk]
[2020.11.15-15.52.33:404][570]Warning: Starting HotReload took  0.0s.
[2020.11.15-15.52.38:214][855]CompilerResultsLog: New page: Compilation - 15 nov. 2020 à 17:52:38
[2020.11.15-15.52.38:214][855]CompilerResultsLog: Using 'git status' to determine working set for adaptive non-unity build (C:\Users\mxcol\Documents\Unreal Projects\CPP_TP1_UnrealEngine).
[2020.11.15-15.52.38:214][855]CompilerResultsLog: Creating makefile for TP1_UnrealEditor (game project files are newer)
[2020.11.15-15.52.38:214][855]CompilerResultsLog: Building TP1_UnrealEditor...
[2020.11.15-15.52.38:214][855]CompilerResultsLog: Using Visual Studio 2019 14.27.29112 toolchain (C:\Program Files (x86)\Microsoft Visual Studio\2019\Community\VC\Tools\MSVC\14.27.29110) and Windows 10.0.18362.0 SDK (C:\Program Files (x86)\Windows Kits\10).
[2020.11.15-15.52.38:214][855]CompilerResultsLog: Distributing 4 actions to XGE
[2020.11.15-15.52.38:214][855]CompilerResultsLog: --------------------Build System Warning---------------------------------------
[2020.11.15-15.52.38:214][855]CompilerResultsLog: License is invalid:
[2020.11.15-15.52.38:214][855]CompilerResultsLog:     License information is invalid. Please try reloading your license file using the Coordinator Monitor application on the Coordinator machine, or reinstall IncrediBuild.
[2020.11.15-15.52.38:214][855]CompilerResultsLog:     This build will run in standalone mode.
[2020.11.15-15.52.38:214][855]CompilerResultsLog: 
[2020.11.15-15.52.38:214][855]CompilerResultsLog: -------------------------------------------------------------------------------
[2020.11.15-15.52.38:214][855]CompilerResultsLog: --------------------Project: Default-------------------------------------------
[2020.11.15-15.52.38:214][855]CompilerResultsLog: RespawnPlayer.cpp (0:01.11 at +0:00)
[2020.11.15-15.52.38:214][855]CompilerResultsLog: UE4Editor-TP1_Unreal-5697.dll (0:00.75 at +0:01)
[2020.11.15-15.52.38:214][855]CompilerResultsLog:    Cr?ation de la biblioth?que C:\Users\mxcol\Documents\Unreal Projects\CPP_TP1_UnrealEngine\TP1_Unreal\Intermediate\Build\Win64\UE4Editor\Development\TP1_Unreal\UE4Editor-TP1_Unreal-5697.suppressed.lib et de l'objet C:\Users\mxcol\Documents\Unreal Projects\CPP_TP1_UnrealEngine\TP1_Unreal\Intermediate\Build\Win64\UE4Editor\Development\TP1_Unreal\UE4Editor-TP1_Unreal-5697.suppressed.exp
[2020.11.15-15.52.38:214][855]CompilerResultsLog: UE4Editor-TP1_Unreal-5697.lib (0:00.09 at +0:01)
[2020.11.15-15.52.38:214][855]CompilerResultsLog:    Cr?ation de la biblioth?que C:\Users\mxcol\Documents\Unreal Projects\CPP_TP1_UnrealEngine\TP1_Unreal\Intermediate\Build\Win64\UE4Editor\Development\TP1_Unreal\UE4Editor-TP1_Unreal-5697.lib et de l'objet C:\Users\mxcol\Documents\Unreal Projects\CPP_TP1_UnrealEngine\TP1_Unreal\Intermediate\Build\Win64\UE4Editor\Development\TP1_Unreal\UE4Editor-TP1_Unreal-5697.exp
[2020.11.15-15.52.38:214][855]CompilerResultsLog: TP1_UnrealEditor.target (0:00.21 at +0:01)
[2020.11.15-15.52.38:214][855]CompilerResultsLog: ---------------------- Done ----------------------
[2020.11.15-15.52.38:214][855]CompilerResultsLog: 
[2020.11.15-15.52.38:214][855]CompilerResultsLog:     Rebuild All: 1 succeeded, 0 failed, 0 skipped
[2020.11.15-15.52.38:214][855]CompilerResultsLog: 
[2020.11.15-15.52.38:214][855]CompilerResultsLog: 1 build system warning(s):
[2020.11.15-15.52.38:214][855]CompilerResultsLog:    - License is invalid
[2020.11.15-15.52.38:214][855]CompilerResultsLog: 
[2020.11.15-15.52.38:214][855]CompilerResultsLog: Total time in XGE executor: 2,49 seconds
[2020.11.15-15.52.38:214][855]CompilerResultsLog: Total execution time: 4,69 seconds
[2020.11.15-15.52.38:214][855]LogMainFrame: MainFrame: Module compiling took 4.819 seconds
[2020.11.15-15.52.38:247][855]LogContentBrowser: Native class hierarchy updated for 'TP1_Unreal' in 0.0005 seconds. Added 5 classes and 2 folders.
[2020.11.15-15.52.38:248][855]Display: HotReload successful (6 functions remapped  0 scriptstructs remapped)
[2020.11.15-15.52.38:306][855]LogContentBrowser: Native class hierarchy populated in 0.0100 seconds. Added 3432 classes and 823 folders.
[2020.11.15-15.52.38:306][855]Display: HotReload took  4.9s.
[2020.11.15-15.52.41:008][ 17]LogEditorViewport: Clicking on Actor (LMB): StaticMeshActor (Wall9)
[2020.11.15-15.52.41:205][ 23]LogUObjectHash: Compacting FUObjectHashTables data took   1.12ms
[2020.11.15-15.52.41:244][ 23]LogSavePackage: Moving '../../../../../../Users/mxcol/Documents/Unreal Projects/CPP_TP1_UnrealEngine/TP1_Unreal/Saved/ThirdPersonExampleMapF556F92B442FDC543493B1A1A43AE99D.tmp' to '../../../../../../Users/mxcol/Documents/Unreal Projects/CPP_TP1_UnrealEngine/TP1_Unreal/Content/ThirdPersonCPP/Maps/ThirdPersonExampleMap.umap'
[2020.11.15-15.52.41:375][ 23]LogSavePackage: Moving '../../../../../../Users/mxcol/Documents/Unreal Projects/CPP_TP1_UnrealEngine/TP1_Unreal/Saved/ThirdPersonExampleMap_BuiltData80BC8A164DDA74F862BC8FB04459A7D7.tmp' to '../../../../../../Users/mxcol/Documents/Unreal Projects/CPP_TP1_UnrealEngine/TP1_Unreal/Content/ThirdPersonCPP/Maps/ThirdPersonExampleMap_BuiltData.uasset'
[2020.11.15-15.52.41:387][ 23]AssetCheck: New page: Asset Save: multiple assets
[2020.11.15-15.52.41:387][ 23]LogContentValidation: Display: Validating World /Game/ThirdPersonCPP/Maps/ThirdPersonExampleMap.ThirdPersonExampleMap
[2020.11.15-15.52.41:387][ 23]LogContentValidation: Display: Validating MapBuildDataRegistry /Game/ThirdPersonCPP/Maps/ThirdPersonExampleMap_BuiltData.ThirdPersonExampleMap_BuiltData
[2020.11.15-15.52.42:028][ 61]LogTemp: Repeating last play command: Selected Viewport
[2020.11.15-15.52.42:050][ 61]LogPlayLevel: PlayLevel: No blueprints needed recompiling
[2020.11.15-15.52.42:050][ 61]PIE: New page: PIE session: ThirdPersonExampleMap (15 nov. 2020 à 17:52:42)
[2020.11.15-15.52.42:051][ 61]LogOnline: OSS: Creating online subsystem instance for: NULL
[2020.11.15-15.52.42:052][ 61]LogOnline: OSS: TryLoadSubsystemAndSetDefault: Loaded subsystem for module [NULL]
[2020.11.15-15.52.42:052][ 61]LogPlayLevel: Creating play world package: /Game/ThirdPersonCPP/Maps/UEDPIE_0_ThirdPersonExampleMap
[2020.11.15-15.52.42:063][ 61]LogPlayLevel: PIE: StaticDuplicateObject took: (0.010673s)
[2020.11.15-15.52.42:065][ 61]LogAIModule: Creating AISystem for world ThirdPersonExampleMap
[2020.11.15-15.52.42:065][ 61]LogAISub: UAISubsystem::UAISubsystem EnvQueryManager (000002218F7D1A00), frame # 3061
[2020.11.15-15.52.42:065][ 61]LogAISub: UAISubsystem::UAISubsystem AIPerceptionSystem (000002219241B600), frame # 3061
[2020.11.15-15.52.42:065][ 61]LogPlayLevel: PIE: World Init took: (0.001706s)
[2020.11.15-15.52.42:065][ 61]LogPlayLevel: PIE: Created PIE world by copying editor world from /Game/ThirdPersonCPP/Maps/ThirdPersonExampleMap.ThirdPersonExampleMap to /Game/ThirdPersonCPP/Maps/UEDPIE_0_ThirdPersonExampleMap.ThirdPersonExampleMap (0.012539s)
[2020.11.15-15.52.42:080][ 61]LogUObjectHash: Compacting FUObjectHashTables data took   0.68ms
[2020.11.15-15.52.42:081][ 61]LogAudioMixer: Display: Audio Mixer Platform Settings:
[2020.11.15-15.52.42:081][ 61]LogAudioMixer: Display: 	Sample Rate:						  48000
[2020.11.15-15.52.42:081][ 61]LogAudioMixer: Display: 	Callback Buffer Frame Size Requested: 1024
[2020.11.15-15.52.42:081][ 61]LogAudioMixer: Display: 	Callback Buffer Frame Size To Use:	  1024
[2020.11.15-15.52.42:081][ 61]LogAudioMixer: Display: 	Number of buffers to queue:			  2
[2020.11.15-15.52.42:081][ 61]LogAudioMixer: Display: 	Max Channels (voices):				  32
[2020.11.15-15.52.42:081][ 61]LogAudioMixer: Display: 	Number of Async Source Workers:		  0
[2020.11.15-15.52.42:081][ 61]LogAudio: Display: AudioDevice MaxSources: 32
[2020.11.15-15.52.42:081][ 61]LogAudio: Display: Using built-in audio occlusion.
[2020.11.15-15.52.42:081][ 61]LogAudioMixer: Display: Initializing audio mixer.
[2020.11.15-15.52.42:085][ 61]LogAudioMixer: Display: 0: FrontLeft
[2020.11.15-15.52.42:085][ 61]LogAudioMixer: Display: 1: FrontRight
[2020.11.15-15.52.42:085][ 61]LogAudioMixer: Display: 2: FrontCenter
[2020.11.15-15.52.42:085][ 61]LogAudioMixer: Display: 3: LowFrequency
[2020.11.15-15.52.42:085][ 61]LogAudioMixer: Display: 4: BackLeft
[2020.11.15-15.52.42:085][ 61]LogAudioMixer: Display: 5: BackRight
[2020.11.15-15.52.42:085][ 61]LogAudioMixer: Display: 6: SideLeft
[2020.11.15-15.52.42:085][ 61]LogAudioMixer: Display: 7: SideRight
[2020.11.15-15.52.42:140][ 61]LogAudioMixer: Display: Using Audio Device Headphones (Realtek(R) Audio)
[2020.11.15-15.52.42:140][ 61]LogAudioMixer: Display: Initializing Sound Submixes...
[2020.11.15-15.52.42:140][ 61]LogAudioMixer: Display: Creating Master Submix 'MasterSubmixDefault'
[2020.11.15-15.52.42:140][ 61]LogAudioMixer: Display: Creating Master Submix 'MasterReverbSubmixDefault'
[2020.11.15-15.52.42:140][ 61]LogAudioMixer: Display: Creating Master Submix 'MasterEQSubmixDefault'
[2020.11.15-15.52.42:156][ 61]LogInit: FAudioDevice initialized.
[2020.11.15-15.52.42:165][ 61]LogLoad: Game class is 'TP1_UnrealGameMode'
[2020.11.15-15.52.42:168][ 61]LogWorld: Bringing World /Game/ThirdPersonCPP/Maps/UEDPIE_0_ThirdPersonExampleMap.ThirdPersonExampleMap up for play (max tick rate 60) at 2020.11.15-16.52.42
[2020.11.15-15.52.42:169][ 61]LogWorld: Bringing up level for play took: 0.001905
[2020.11.15-15.52.42:169][ 61]LogOnline: OSS: Creating online subsystem instance for: :Context_3
[2020.11.15-15.52.42:205][ 61]LogContentBrowser: Native class hierarchy updated for 'MovieSceneCapture' in 0.0004 seconds. Added 20 classes and 0 folders.
[2020.11.15-15.52.42:206][ 61]PIE: Server logged in
[2020.11.15-15.52.42:207][ 61]PIE: Play in editor total start time 0,16 seconds.
[2020.11.15-15.52.49:748][453]LogSlate: Updating window title bar state: overlay mode, drag disabled, window buttons hidden, title bar hidden
[2020.11.15-15.52.49:748][453]LogWorld: BeginTearingDown for /Game/ThirdPersonCPP/Maps/UEDPIE_0_ThirdPersonExampleMap
[2020.11.15-15.52.49:748][453]LogWorld: UWorld::CleanupWorld for ThirdPersonExampleMap, bSessionEnded=true, bCleanupResources=true
[2020.11.15-15.52.49:748][453]LogSlate: InvalidateAllWidgets triggered.  All widgets were invalidated
[2020.11.15-15.52.49:757][453]LogPlayLevel: Display: Shutting down PIE online subsystems
[2020.11.15-15.52.49:759][453]LogSlate: InvalidateAllWidgets triggered.  All widgets were invalidated
[2020.11.15-15.52.49:811][453]LogSlate: Updating window title bar state: overlay mode, drag disabled, window buttons hidden, title bar hidden
[2020.11.15-15.52.49:813][453]LogAISub: UAISubsystem::~UAISubsystem EnvQueryManager (000002218F7D1A00), frame # 3453
[2020.11.15-15.52.49:813][453]LogAISub: UAISubsystem::~UAISubsystem AIPerceptionSystem (000002219241B600), frame # 3453
[2020.11.15-15.52.49:814][453]LogUObjectHash: Compacting FUObjectHashTables data took   0.66ms
[2020.11.15-15.52.49:842][454]LogPlayLevel: Display: Destroying online subsystem :Context_3
[2020.11.15-15.52.50:771][507]LogUObjectHash: Compacting FUObjectHashTables data took   0.64ms
[2020.11.15-15.52.50:798][507]LogSavePackage: Moving '../../../../../../Users/mxcol/Documents/Unreal Projects/CPP_TP1_UnrealEngine/TP1_Unreal/Saved/ThirdPersonExampleMapD49932A14C0A44379A1AB180CDA0CF02.tmp' to '../../../../../../Users/mxcol/Documents/Unreal Projects/CPP_TP1_UnrealEngine/TP1_Unreal/Content/ThirdPersonCPP/Maps/ThirdPersonExampleMap.umap'
[2020.11.15-15.52.50:917][507]LogSavePackage: Moving '../../../../../../Users/mxcol/Documents/Unreal Projects/CPP_TP1_UnrealEngine/TP1_Unreal/Saved/ThirdPersonExampleMap_BuiltData36DF997C48171FA7F30A6EB795681AE8.tmp' to '../../../../../../Users/mxcol/Documents/Unreal Projects/CPP_TP1_UnrealEngine/TP1_Unreal/Content/ThirdPersonCPP/Maps/ThirdPersonExampleMap_BuiltData.uasset'
[2020.11.15-15.52.50:928][507]AssetCheck: New page: Asset Save: multiple assets
[2020.11.15-15.52.50:928][507]LogContentValidation: Display: Validating World /Game/ThirdPersonCPP/Maps/ThirdPersonExampleMap.ThirdPersonExampleMap
[2020.11.15-15.52.50:928][507]LogContentValidation: Display: Validating MapBuildDataRegistry /Game/ThirdPersonCPP/Maps/ThirdPersonExampleMap_BuiltData.ThirdPersonExampleMap_BuiltData
[2020.11.15-15.52.55:834][799]LogUObjectHash: Compacting FUObjectHashTables data took   0.28ms
[2020.11.15-15.52.55:862][799]LogSavePackage: Moving '../../../../../../Users/mxcol/Documents/Unreal Projects/CPP_TP1_UnrealEngine/TP1_Unreal/Saved/ThirdPersonExampleMap56D0CF844619BF1DABE13E90620C1B4E.tmp' to '../../../../../../Users/mxcol/Documents/Unreal Projects/CPP_TP1_UnrealEngine/TP1_Unreal/Content/ThirdPersonCPP/Maps/ThirdPersonExampleMap.umap'
[2020.11.15-15.52.55:986][799]LogSavePackage: Moving '../../../../../../Users/mxcol/Documents/Unreal Projects/CPP_TP1_UnrealEngine/TP1_Unreal/Saved/ThirdPersonExampleMap_BuiltData890085954196CDC298737A9C485AC5B1.tmp' to '../../../../../../Users/mxcol/Documents/Unreal Projects/CPP_TP1_UnrealEngine/TP1_Unreal/Content/ThirdPersonCPP/Maps/ThirdPersonExampleMap_BuiltData.uasset'
[2020.11.15-15.52.56:000][799]AssetCheck: New page: Asset Save: multiple assets
[2020.11.15-15.52.56:000][799]LogContentValidation: Display: Validating World /Game/ThirdPersonCPP/Maps/ThirdPersonExampleMap.ThirdPersonExampleMap
[2020.11.15-15.52.56:000][799]LogContentValidation: Display: Validating MapBuildDataRegistry /Game/ThirdPersonCPP/Maps/ThirdPersonExampleMap_BuiltData.ThirdPersonExampleMap_BuiltData
[2020.11.15-15.56.04:951][533]LogRenderer: Reallocating scene render targets to support 1060x600 Format 10 NumSamples 1 (Frame:2012).
[2020.11.15-16.03.36:101][940]LogEditorViewport: Clicking on Actor (LMB): StaticMeshActor (Floor)
[2020.11.15-16.03.36:323][957]LogUObjectHash: Compacting FUObjectHashTables data took   0.39ms
[2020.11.15-16.03.36:372][957]LogSavePackage: Moving '../../../../../../Users/mxcol/Documents/Unreal Projects/CPP_TP1_UnrealEngine/TP1_Unreal/Saved/ThirdPersonExampleMapA5375CFF4483AAB27D2D10B50C96F96B.tmp' to '../../../../../../Users/mxcol/Documents/Unreal Projects/CPP_TP1_UnrealEngine/TP1_Unreal/Content/ThirdPersonCPP/Maps/ThirdPersonExampleMap.umap'
[2020.11.15-16.03.36:502][957]LogSavePackage: Moving '../../../../../../Users/mxcol/Documents/Unreal Projects/CPP_TP1_UnrealEngine/TP1_Unreal/Saved/ThirdPersonExampleMap_BuiltDataC892EE904CE676D30A4392BF354A700E.tmp' to '../../../../../../Users/mxcol/Documents/Unreal Projects/CPP_TP1_UnrealEngine/TP1_Unreal/Content/ThirdPersonCPP/Maps/ThirdPersonExampleMap_BuiltData.uasset'
[2020.11.15-16.03.36:513][957]AssetCheck: New page: Asset Save: multiple assets
[2020.11.15-16.03.36:513][957]LogContentValidation: Display: Validating World /Game/ThirdPersonCPP/Maps/ThirdPersonExampleMap.ThirdPersonExampleMap
[2020.11.15-16.03.36:513][957]LogContentValidation: Display: Validating MapBuildDataRegistry /Game/ThirdPersonCPP/Maps/ThirdPersonExampleMap_BuiltData.ThirdPersonExampleMap_BuiltData
[2020.11.15-16.03.37:040][ 15]Candidate modules for hot reload:
[2020.11.15-16.03.37:040][ 15]  TP1_Unreal
[2020.11.15-16.03.37:040][ 15]Launching UnrealBuildTool... [C:/Program Files/Epic Games/UE_4.25/Engine/Binaries/DotNET/UnrealBuildTool.exe  -ModuleWithSuffix=TP1_Unreal,1545 TP1_UnrealEditor Win64 Development -Project="C:/Users/mxcol/Documents/Unreal Projects/CPP_TP1_UnrealEngine/TP1_Unreal/TP1_Unreal.uproject" "C:/Users/mxcol/Documents/Unreal Projects/CPP_TP1_UnrealEngine/TP1_Unreal/TP1_Unreal.uproject"  -IgnoreJunk]
[2020.11.15-16.03.37:042][ 15]Warning: Starting HotReload took  0.0s.
[2020.11.15-16.03.52:505][729]CompilerResultsLog: New page: Compilation - 15 nov. 2020 à 18:03:52
[2020.11.15-16.03.52:505][729]CompilerResultsLog: Using 'git status' to determine working set for adaptive non-unity build (C:\Users\mxcol\Documents\Unreal Projects\CPP_TP1_UnrealEngine).
[2020.11.15-16.03.52:505][729]CompilerResultsLog: Creating makefile for TP1_UnrealEditor (game project files are newer)
[2020.11.15-16.03.52:505][729]CompilerResultsLog: Parsing headers for TP1_UnrealEditor
[2020.11.15-16.03.52:505][729]CompilerResultsLog:   Running UnrealHeaderTool "C:\Users\mxcol\Documents\Unreal Projects\CPP_TP1_UnrealEngine\TP1_Unreal\TP1_Unreal.uproject" "C:\Users\mxcol\Documents\Unreal Projects\CPP_TP1_UnrealEngine\TP1_Unreal\Intermediate\Build\Win64\TP1_UnrealEditor\Development\TP1_UnrealEditor.uhtmanifest" -LogCmds="loginit warning, logexit warning, logdatabase error" -Unattended -WarningsAsErrors -abslog="C:\Users\mxcol\AppData\Local\UnrealBuildTool\Log_UHT.txt" -installed
[2020.11.15-16.03.52:505][729]CompilerResultsLog: Reflection code generated for TP1_UnrealEditor in 6,6157523 seconds
[2020.11.15-16.03.52:505][729]CompilerResultsLog: Building TP1_UnrealEditor...
[2020.11.15-16.03.52:505][729]CompilerResultsLog: Using Visual Studio 2019 14.27.29112 toolchain (C:\Program Files (x86)\Microsoft Visual Studio\2019\Community\VC\Tools\MSVC\14.27.29110) and Windows 10.0.18362.0 SDK (C:\Program Files (x86)\Windows Kits\10).
[2020.11.15-16.03.52:505][729]CompilerResultsLog: Distributing 8 actions to XGE
[2020.11.15-16.03.52:505][729]CompilerResultsLog: --------------------Build System Warning---------------------------------------
[2020.11.15-16.03.52:505][729]CompilerResultsLog: License is invalid:
[2020.11.15-16.03.52:505][729]CompilerResultsLog:     License information is invalid. Please try reloading your license file using the Coordinator Monitor application on the Coordinator machine, or reinstall IncrediBuild.
[2020.11.15-16.03.52:505][729]CompilerResultsLog:     This build will run in standalone mode.
[2020.11.15-16.03.52:505][729]CompilerResultsLog: 
[2020.11.15-16.03.52:505][729]CompilerResultsLog: -------------------------------------------------------------------------------
[2020.11.15-16.03.52:505][729]CompilerResultsLog: --------------------Project: Default-------------------------------------------
[2020.11.15-16.03.52:505][729]CompilerResultsLog: TP1_Unreal.init.gen.cpp (0:00.70 at +0:00)
[2020.11.15-16.03.52:505][729]CompilerResultsLog: RespawnPlayer.gen.cpp (0:00.93 at +0:00)
[2020.11.15-16.03.52:505][729]CompilerResultsLog: Lava.gen.cpp (0:00.93 at +0:01)
[2020.11.15-16.03.52:505][729]CompilerResultsLog: RespawnPlayer.cpp (0:01.09 at +0:02)
[2020.11.15-16.03.52:505][729]CompilerResultsLog: Lava.cpp (0:01.04 at +0:03)
[2020.11.15-16.03.52:505][729]CompilerResultsLog: UE4Editor-TP1_Unreal-1545.dll (0:00.70 at +0:04)
[2020.11.15-16.03.52:505][729]CompilerResultsLog:    Cr?ation de la biblioth?que C:\Users\mxcol\Documents\Unreal Projects\CPP_TP1_UnrealEngine\TP1_Unreal\Intermediate\Build\Win64\UE4Editor\Development\TP1_Unreal\UE4Editor-TP1_Unreal-1545.suppressed.lib et de l'objet C:\Users\mxcol\Documents\Unreal Projects\CPP_TP1_UnrealEngine\TP1_Unreal\Intermediate\Build\Win64\UE4Editor\Development\TP1_Unreal\UE4Editor-TP1_Unreal-1545.suppressed.exp
[2020.11.15-16.03.52:505][729]CompilerResultsLog: UE4Editor-TP1_Unreal-1545.lib (0:00.10 at +0:05)
[2020.11.15-16.03.52:505][729]CompilerResultsLog:    Cr?ation de la biblioth?que C:\Users\mxcol\Documents\Unreal Projects\CPP_TP1_UnrealEngine\TP1_Unreal\Intermediate\Build\Win64\UE4Editor\Development\TP1_Unreal\UE4Editor-TP1_Unreal-1545.lib et de l'objet C:\Users\mxcol\Documents\Unreal Projects\CPP_TP1_UnrealEngine\TP1_Unreal\Intermediate\Build\Win64\UE4Editor\Development\TP1_Unreal\UE4Editor-TP1_Unreal-1545.exp
[2020.11.15-16.03.52:505][729]CompilerResultsLog: TP1_UnrealEditor.target (0:00.25 at +0:05)
[2020.11.15-16.03.52:505][729]CompilerResultsLog: ---------------------- Done ----------------------
[2020.11.15-16.03.52:505][729]CompilerResultsLog: 
[2020.11.15-16.03.52:505][729]CompilerResultsLog:     Rebuild All: 1 succeeded, 0 failed, 0 skipped
[2020.11.15-16.03.52:505][729]CompilerResultsLog: 
[2020.11.15-16.03.52:505][729]CompilerResultsLog: 1 build system warning(s):
[2020.11.15-16.03.52:505][729]CompilerResultsLog:    - License is invalid
[2020.11.15-16.03.52:505][729]CompilerResultsLog: 
[2020.11.15-16.03.52:505][729]CompilerResultsLog: Total time in XGE executor: 6,12 seconds
[2020.11.15-16.03.52:505][729]CompilerResultsLog: Total execution time: 15,36 seconds
[2020.11.15-16.03.52:505][729]LogMainFrame: MainFrame: Module compiling took 15.477 seconds
[2020.11.15-16.03.52:531][729]LogClass: Could not find existing class RespawnPlayer in package /Script/TP1_Unreal for HotReload, assuming new class
[2020.11.15-16.03.52:531][729]LogClass: Function MyDoOnce is new.
[2020.11.15-16.03.52:531][729]LogClass: Function SpawnObject is new.
[2020.11.15-16.03.52:536][729]LogHotReload: Re-instancing RespawnPlayer after hot-reload.
[2020.11.15-16.03.52:544][729]LogContentBrowser: Native class hierarchy updated for 'TP1_Unreal' in 0.0005 seconds. Added 5 classes and 2 folders.
[2020.11.15-16.03.52:546][729]Display: HotReload successful (4 functions remapped  0 scriptstructs remapped)
[2020.11.15-16.03.52:596][729]LogContentBrowser: Native class hierarchy populated in 0.0098 seconds. Added 3432 classes and 823 folders.
[2020.11.15-16.03.52:596][729]Display: HotReload took 15.6s.
[2020.11.15-16.03.53:780][869]LogEditorViewport: Clicking on Actor (LMB): StaticMeshActor (Floor)
[2020.11.15-16.03.54:114][900]LogUObjectHash: Compacting FUObjectHashTables data took   0.67ms
[2020.11.15-16.03.54:143][900]LogSavePackage: Moving '../../../../../../Users/mxcol/Documents/Unreal Projects/CPP_TP1_UnrealEngine/TP1_Unreal/Saved/ThirdPersonExampleMap1274AA394DD3212370CD229D73C4B66B.tmp' to '../../../../../../Users/mxcol/Documents/Unreal Projects/CPP_TP1_UnrealEngine/TP1_Unreal/Content/ThirdPersonCPP/Maps/ThirdPersonExampleMap.umap'
[2020.11.15-16.03.54:260][900]LogSavePackage: Moving '../../../../../../Users/mxcol/Documents/Unreal Projects/CPP_TP1_UnrealEngine/TP1_Unreal/Saved/ThirdPersonExampleMap_BuiltData0C5F557A44A04ECCD9BDC79D696CD9B8.tmp' to '../../../../../../Users/mxcol/Documents/Unreal Projects/CPP_TP1_UnrealEngine/TP1_Unreal/Content/ThirdPersonCPP/Maps/ThirdPersonExampleMap_BuiltData.uasset'
[2020.11.15-16.03.54:272][900]AssetCheck: New page: Asset Save: multiple assets
[2020.11.15-16.03.54:272][900]LogContentValidation: Display: Validating World /Game/ThirdPersonCPP/Maps/ThirdPersonExampleMap.ThirdPersonExampleMap
[2020.11.15-16.03.54:272][900]LogContentValidation: Display: Validating MapBuildDataRegistry /Game/ThirdPersonCPP/Maps/ThirdPersonExampleMap_BuiltData.ThirdPersonExampleMap_BuiltData
[2020.11.15-16.03.54:827][961]LogTemp: Repeating last play command: Selected Viewport
[2020.11.15-16.03.54:849][961]LogPlayLevel: PlayLevel: No blueprints needed recompiling
[2020.11.15-16.03.54:849][961]PIE: New page: PIE session: ThirdPersonExampleMap (15 nov. 2020 à 18:03:54)
[2020.11.15-16.03.54:849][961]LogPlayLevel: Creating play world package: /Game/ThirdPersonCPP/Maps/UEDPIE_0_ThirdPersonExampleMap
[2020.11.15-16.03.54:861][961]LogPlayLevel: PIE: StaticDuplicateObject took: (0.011471s)
[2020.11.15-16.03.54:862][961]LogAIModule: Creating AISystem for world ThirdPersonExampleMap
[2020.11.15-16.03.54:862][961]LogAISub: UAISubsystem::UAISubsystem EnvQueryManager (000002218F56C400), frame # 7961
[2020.11.15-16.03.54:863][961]LogAISub: UAISubsystem::UAISubsystem AIPerceptionSystem (000002219D100B80), frame # 7961
[2020.11.15-16.03.54:863][961]LogPlayLevel: PIE: World Init took: (0.001686s)
[2020.11.15-16.03.54:863][961]LogPlayLevel: PIE: Created PIE world by copying editor world from /Game/ThirdPersonCPP/Maps/ThirdPersonExampleMap.ThirdPersonExampleMap to /Game/ThirdPersonCPP/Maps/UEDPIE_0_ThirdPersonExampleMap.ThirdPersonExampleMap (0.013345s)
[2020.11.15-16.03.54:878][961]LogUObjectHash: Compacting FUObjectHashTables data took   0.70ms
[2020.11.15-16.03.54:879][961]LogAudioMixer: Display: Audio Mixer Platform Settings:
[2020.11.15-16.03.54:879][961]LogAudioMixer: Display: 	Sample Rate:						  48000
[2020.11.15-16.03.54:879][961]LogAudioMixer: Display: 	Callback Buffer Frame Size Requested: 1024
[2020.11.15-16.03.54:879][961]LogAudioMixer: Display: 	Callback Buffer Frame Size To Use:	  1024
[2020.11.15-16.03.54:879][961]LogAudioMixer: Display: 	Number of buffers to queue:			  2
[2020.11.15-16.03.54:879][961]LogAudioMixer: Display: 	Max Channels (voices):				  32
[2020.11.15-16.03.54:879][961]LogAudioMixer: Display: 	Number of Async Source Workers:		  0
[2020.11.15-16.03.54:879][961]LogAudio: Display: AudioDevice MaxSources: 32
[2020.11.15-16.03.54:880][961]LogAudio: Display: Using built-in audio occlusion.
[2020.11.15-16.03.54:880][961]LogAudioMixer: Display: Initializing audio mixer.
[2020.11.15-16.03.54:883][961]LogAudioMixer: Display: 0: FrontLeft
[2020.11.15-16.03.54:883][961]LogAudioMixer: Display: 1: FrontRight
[2020.11.15-16.03.54:883][961]LogAudioMixer: Display: 2: FrontCenter
[2020.11.15-16.03.54:883][961]LogAudioMixer: Display: 3: LowFrequency
[2020.11.15-16.03.54:883][961]LogAudioMixer: Display: 4: BackLeft
[2020.11.15-16.03.54:883][961]LogAudioMixer: Display: 5: BackRight
[2020.11.15-16.03.54:883][961]LogAudioMixer: Display: 6: SideLeft
[2020.11.15-16.03.54:883][961]LogAudioMixer: Display: 7: SideRight
[2020.11.15-16.03.54:938][961]LogAudioMixer: Display: Using Audio Device Headphones (Realtek(R) Audio)
[2020.11.15-16.03.54:939][961]LogAudioMixer: Display: Initializing Sound Submixes...
[2020.11.15-16.03.54:939][961]LogAudioMixer: Display: Creating Master Submix 'MasterSubmixDefault'
[2020.11.15-16.03.54:939][961]LogAudioMixer: Display: Creating Master Submix 'MasterReverbSubmixDefault'
[2020.11.15-16.03.54:939][961]LogAudioMixer: Display: Creating Master Submix 'MasterEQSubmixDefault'
[2020.11.15-16.03.54:953][961]LogInit: FAudioDevice initialized.
[2020.11.15-16.03.54:963][961]LogLoad: Game class is 'TP1_UnrealGameMode'
[2020.11.15-16.03.54:965][961]LogWorld: Bringing World /Game/ThirdPersonCPP/Maps/UEDPIE_0_ThirdPersonExampleMap.ThirdPersonExampleMap up for play (max tick rate 0) at 2020.11.15-17.03.54
[2020.11.15-16.03.54:966][961]LogWorld: Bringing up level for play took: 0.001610
[2020.11.15-16.03.54:966][961]LogOnline: OSS: Creating online subsystem instance for: :Context_4
[2020.11.15-16.03.54:968][961]PIE: Server logged in
[2020.11.15-16.03.54:969][961]PIE: Play in editor total start time 0,123 seconds.
[2020.11.15-16.04.04:487][ 85]LogSlate: Updating window title bar state: overlay mode, drag disabled, window buttons hidden, title bar hidden
[2020.11.15-16.04.04:487][ 85]LogWorld: BeginTearingDown for /Game/ThirdPersonCPP/Maps/UEDPIE_0_ThirdPersonExampleMap
[2020.11.15-16.04.04:487][ 85]LogWorld: UWorld::CleanupWorld for ThirdPersonExampleMap, bSessionEnded=true, bCleanupResources=true
[2020.11.15-16.04.04:488][ 85]LogSlate: InvalidateAllWidgets triggered.  All widgets were invalidated
[2020.11.15-16.04.04:500][ 85]LogPlayLevel: Display: Shutting down PIE online subsystems
[2020.11.15-16.04.04:501][ 85]LogSlate: InvalidateAllWidgets triggered.  All widgets were invalidated
[2020.11.15-16.04.04:555][ 85]LogSlate: Updating window title bar state: overlay mode, drag disabled, window buttons hidden, title bar hidden
[2020.11.15-16.04.04:557][ 85]LogAISub: UAISubsystem::~UAISubsystem AIPerceptionSystem (000002219D100B80), frame # 9085
[2020.11.15-16.04.04:557][ 85]LogAISub: UAISubsystem::~UAISubsystem EnvQueryManager (000002218F56C400), frame # 9085
[2020.11.15-16.04.04:558][ 85]LogUObjectHash: Compacting FUObjectHashTables data took   0.65ms
[2020.11.15-16.04.04:587][ 86]LogPlayLevel: Display: Destroying online subsystem :Context_4
